Using pre-set license
Built from '2020.3/staging' branch; Version is '2020.3.29f1 (2ff179115da0) revision 3142009'; Using compiler version '192528614'; Build Type 'Release'
OS: 'Windows 10  (10.0.19043) 64bit Core' Language: 'en' Physical Memory: 16250 MB
BatchMode: 1, IsHumanControllingUs: 0, StartBugReporterOnCrash: 0, Is64bit: 1, IsPro: 0

COMMAND LINE ARGUMENTS:
C:\Program Files\Unity\Hub\Editor\2020.3.29f1\Editor\Unity.exe
-adb2
-batchMode
-noUpm
-name
AssetImportWorker9
-projectPath
C:/Users/tom/OneDrive/Documents/GitHub/Ludwig-Gam-Jam/LudwigGameJamGame
-logFile
Logs/AssetImportWorker9.log
-srvPort
57901
Successfully changed project path to: C:/Users/tom/OneDrive/Documents/GitHub/Ludwig-Gam-Jam/LudwigGameJamGame
C:/Users/tom/OneDrive/Documents/GitHub/Ludwig-Gam-Jam/LudwigGameJamGame
Using Asset Import Pipeline V2.
Refreshing native plugins compatible for Editor in 738.54 ms, found 2 plugins.
Preloading 0 native plugins for Editor in 0.00 ms.
Initialize engine version: 2020.3.29f1 (2ff179115da0)
[Subsystems] Discovering subsystems at path C:/Program Files/Unity/Hub/Editor/2020.3.29f1/Editor/Data/Resources/UnitySubsystems
[Subsystems] Discovering subsystems at path C:/Users/tom/OneDrive/Documents/GitHub/Ludwig-Gam-Jam/LudwigGameJamGame/Assets
GfxDevice: creating device client; threaded=0
Direct3D:
    Version:  Direct3D 11.0 [level 11.1]
    Renderer: NVIDIA GeForce GTX 1050 (ID=0x1c8d)
    Vendor:   
    VRAM:     4019 MB
    Driver:   30.0.15.1169
Initialize mono
Mono path[0] = 'C:/Program Files/Unity/Hub/Editor/2020.3.29f1/Editor/Data/Managed'
Mono path[1] = 'C:/Program Files/Unity/Hub/Editor/2020.3.29f1/Editor/Data/MonoBleedingEdge/lib/mono/unityjit'
Mono config path = 'C:/Program Files/Unity/Hub/Editor/2020.3.29f1/Editor/Data/MonoBleedingEdge/etc'
Using monoOptions --debugger-agent=transport=dt_socket,embedding=1,server=y,suspend=n,address=127.0.0.1:56996
Begin MonoManager ReloadAssembly
Registering precompiled unity dll's ...
Register platform support module: C:/Program Files/Unity/Hub/Editor/2020.3.29f1/Editor/Data/PlaybackEngines/WebGLSupport/UnityEditor.WebGL.Extensions.dll
Register platform support module: C:/Program Files/Unity/Hub/Editor/2020.3.29f1/Editor/Data/PlaybackEngines/WindowsStandaloneSupport/UnityEditor.WindowsStandalone.Extensions.dll
Registered in 0.008673 seconds.
Native extension for WindowsStandalone target not found
Native extension for WebGL target not found
Refreshing native plugins compatible for Editor in 758.78 ms, found 2 plugins.
Preloading 0 native plugins for Editor in 0.00 ms.
Mono: successfully reloaded assembly
- Completed reload, in  5.110 seconds
Domain Reload Profiling:
	ReloadAssembly (5111ms)
		BeginReloadAssembly (193ms)
			ExecutionOrderSort (0ms)
			DisableScriptedObjects (0ms)
			BackupInstance (0ms)
			ReleaseScriptingObjects (0ms)
			CreateAndSetChildDomain (3ms)
		EndReloadAssembly (4740ms)
			LoadAssemblies (185ms)
			RebuildTransferFunctionScriptingTraits (0ms)
			SetupTypeCache (1753ms)
			ReleaseScriptCaches (0ms)
			RebuildScriptCaches (378ms)
			SetupLoadedEditorAssemblies (1848ms)
				LogAssemblyErrors (0ms)
				InitializePlatformSupportModulesInManaged (63ms)
				SetLoadedEditorAssemblies (1ms)
				RefreshPlugins (759ms)
				BeforeProcessingInitializeOnLoad (18ms)
				ProcessInitializeOnLoadAttributes (447ms)
				ProcessInitializeOnLoadMethodAttributes (552ms)
				AfterProcessingInitializeOnLoad (0ms)
				EditorAssembliesLoaded (9ms)
			ExecutionOrderSort2 (0ms)
			AwakeInstancesAfterBackupRestoration (0ms)
Platform modules already initialized, skipping
Registering precompiled user dll's ...
Registered in 0.018090 seconds.
Begin MonoManager ReloadAssembly
Native extension for WindowsStandalone target not found
Native extension for WebGL target not found
Refreshing native plugins compatible for Editor in 199.68 ms, found 2 plugins.
Preloading 0 native plugins for Editor in 0.00 ms.
Mono: successfully reloaded assembly
- Completed reload, in  6.390 seconds
Domain Reload Profiling:
	ReloadAssembly (6399ms)
		BeginReloadAssembly (320ms)
			ExecutionOrderSort (0ms)
			DisableScriptedObjects (6ms)
			BackupInstance (0ms)
			ReleaseScriptingObjects (0ms)
			CreateAndSetChildDomain (35ms)
		EndReloadAssembly (5952ms)
			LoadAssemblies (246ms)
			RebuildTransferFunctionScriptingTraits (0ms)
			SetupTypeCache (780ms)
			ReleaseScriptCaches (1ms)
			RebuildScriptCaches (187ms)
			SetupLoadedEditorAssemblies (4543ms)
				LogAssemblyErrors (0ms)
				InitializePlatformSupportModulesInManaged (11ms)
				SetLoadedEditorAssemblies (0ms)
				RefreshPlugins (200ms)
				BeforeProcessingInitializeOnLoad (222ms)
				ProcessInitializeOnLoadAttributes (847ms)
				ProcessInitializeOnLoadMethodAttributes (3248ms)
				AfterProcessingInitializeOnLoad (14ms)
				EditorAssembliesLoaded (1ms)
			ExecutionOrderSort2 (0ms)
			AwakeInstancesAfterBackupRestoration (13ms)
Platform modules already initialized, skipping
========================================================================
Worker process is ready to serve import requests
Launched and connected shader compiler UnityShaderCompiler.exe after 0.15 seconds
Refreshing native plugins compatible for Editor in 1.14 ms, found 2 plugins.
Preloading 0 native plugins for Editor in 0.00 ms.
Unloading 4625 Unused Serialized files (Serialized files now loaded: 0)
System memory in use before: 217.4 MB.
System memory in use after: 217.6 MB.

Unloading 22 unused Assets to reduce memory usage. Loaded Objects now: 5082.
Total: 4.905100 ms (FindLiveObjects: 0.413300 ms CreateObjectMapping: 0.387200 ms MarkObjects: 3.994600 ms  DeleteObjects: 0.108900 ms)

AssetImportParameters requested are different than current active one (requested -> active):
  custom:framework-win-MediaFoundation: 216162199b28c13a410421893ffa2e32 -> 
  custom:video-decoder-ogg-theora: a1e56fd34408186e4bbccfd4996cb3dc -> 
  custom:container-muxer-webm: aa71ff27fc2769a1b78a27578f13a17b -> 
  custom:container-demuxer-webm: 4f35f7cbe854078d1ac9338744f61a02 -> 
  custom:container-demuxer-ogg: 62fdf1f143b41e24485cea50d1cbac27 -> 
  custom:video-encoder-webm-vp8: eb34c28f22e8b96e1ab97ce403110664 -> 
  custom:video-codec-MediaFoundation-h265: 746d11721c4dcdbdad8f713fa42b33f4 -> 
  custom:video-decoder-webm-vp8: 9c59270c3fd7afecdb556c50c9e8de78 -> 
  custom:audio-decoder-ogg-vorbis: bf7c407c2cedff20999df2af8eb42d56 -> 
  custom:audio-encoder-webm-vorbis: bf7c407c2cedff20999df2af8eb42d56 -> 
========================================================================
Received Import Request.
  path: Assets/models/CRT Monitor/mat22.mat
  artifactKey: Guid(cf2a405bffc067d41af4bd377f726619) Importer(815301076,1909f56bfc062723c751e8b465ee728b)
Start importing Assets/models/CRT Monitor/mat22.mat using Guid(cf2a405bffc067d41af4bd377f726619) Importer(815301076,1909f56bfc062723c751e8b465ee728b)  -> (artifact id: '75f09315ecd62cca69733adefe9b1be3') in 2.668037 seconds 
  Import took 2.685579 seconds .

========================================================================
Received Import Request.
  Time since last request: 0.000225 seconds.
  path: Assets/models/CRT Monitor/mat15.mat
  artifactKey: Guid(e5b1f07386db1474eaa8beee20a42441) Importer(815301076,1909f56bfc062723c751e8b465ee728b)
Start importing Assets/models/CRT Monitor/mat15.mat using Guid(e5b1f07386db1474eaa8beee20a42441) Importer(815301076,1909f56bfc062723c751e8b465ee728b)  -> (artifact id: '8c9a1419f5d735e77c7c185d69c61960') in 0.095717 seconds 
  Import took 0.125133 seconds .

========================================================================
Received Import Request.
  Time since last request: 0.000243 seconds.
  path: Assets/models/CRT Monitor/mat17.mat
  artifactKey: Guid(2169793b6b1d83f47b863db0fb941dd6) Importer(815301076,1909f56bfc062723c751e8b465ee728b)
Start importing Assets/models/CRT Monitor/mat17.mat using Guid(2169793b6b1d83f47b863db0fb941dd6) Importer(815301076,1909f56bfc062723c751e8b465ee728b)  -> (artifact id: '72d7093673ea63457ddf780cd52f4477') in 0.103624 seconds 
  Import took 0.118408 seconds .

========================================================================
Received Import Request.
  Time since last request: 0.000208 seconds.
  path: Assets/models/CRT Monitor/mat16.mat
  artifactKey: Guid(94fa3c95ef3594948ac501147b239abb) Importer(815301076,1909f56bfc062723c751e8b465ee728b)
Start importing Assets/models/CRT Monitor/mat16.mat using Guid(94fa3c95ef3594948ac501147b239abb) Importer(815301076,1909f56bfc062723c751e8b465ee728b)  -> (artifact id: '80f73a9f048ab3ee59bf553c894a4247') in 0.110794 seconds 
  Import took 0.124319 seconds .

========================================================================
Received Import Request.
  Time since last request: 0.000635 seconds.
  path: Assets/models/CRT Monitor/model.obj
  artifactKey: Guid(a79130528f4f3484689674e9e9980549) Importer(815301076,1909f56bfc062723c751e8b465ee728b)
Start importing Assets/models/CRT Monitor/model.obj using Guid(a79130528f4f3484689674e9e9980549) Importer(815301076,1909f56bfc062723c751e8b465ee728b)  -> (artifact id: '2614d1d115f2248378f4e013fd426642') in 0.254817 seconds 
  Import took 0.277861 seconds .

========================================================================
Received Import Request.
  Time since last request: 0.000412 seconds.
  path: Assets/Materials/New Material 4.mat
  artifactKey: Guid(9befcbb411329934cb5215ec726c2aca) Importer(815301076,1909f56bfc062723c751e8b465ee728b)
Start importing Assets/Materials/New Material 4.mat using Guid(9befcbb411329934cb5215ec726c2aca) Importer(815301076,1909f56bfc062723c751e8b465ee728b)  -> (artifact id: 'a214933930f9a811022bd7a54c6a053d') in 0.195298 seconds 
  Import took 0.240922 seconds .

========================================================================
Received Import Request.
  Time since last request: 0.000237 seconds.
  path: Assets/Materials/New Material 5.mat
  artifactKey: Guid(621fe506316a8e04cae9a85d1757f3fa) Importer(815301076,1909f56bfc062723c751e8b465ee728b)
Start importing Assets/Materials/New Material 5.mat using Guid(621fe506316a8e04cae9a85d1757f3fa) Importer(815301076,1909f56bfc062723c751e8b465ee728b)  -> (artifact id: '35ecbaebe60369ced8f09c9e8ce24e71') in 0.119914 seconds 
  Import took 0.149860 seconds .

========================================================================
Received Import Request.
  Time since last request: 0.000411 seconds.
  path: Assets/Materials/New Material 3.mat
  artifactKey: Guid(9927eaddbad5ac7419a1662ddd7bd8e3) Importer(815301076,1909f56bfc062723c751e8b465ee728b)
Start importing Assets/Materials/New Material 3.mat using Guid(9927eaddbad5ac7419a1662ddd7bd8e3) Importer(815301076,1909f56bfc062723c751e8b465ee728b)  -> (artifact id: '202080a9025d30e917567ab0ff1aff0d') in 0.146050 seconds 
  Import took 0.173410 seconds .

========================================================================
Received Import Request.
  Time since last request: 0.000211 seconds.
  path: Assets/Materials/cootstexture.mat
  artifactKey: Guid(eb7647994dcbd94458e6dd62a6b76504) Importer(815301076,1909f56bfc062723c751e8b465ee728b)
Start importing Assets/Materials/cootstexture.mat using Guid(eb7647994dcbd94458e6dd62a6b76504) Importer(815301076,1909f56bfc062723c751e8b465ee728b)  -> (artifact id: 'd8408f5c67fe3dd20aab436c8352b94a') in 0.101994 seconds 
  Import took 0.136584 seconds .

========================================================================
Received Import Request.
  Time since last request: 16.773537 seconds.
  path: Assets/models/Copier/model.obj
  artifactKey: Guid(c7d9f0c8bf35eff489c5d6691d52c634) Importer(815301076,1909f56bfc062723c751e8b465ee728b)
Start importing Assets/models/Copier/model.obj using Guid(c7d9f0c8bf35eff489c5d6691d52c634) Importer(815301076,1909f56bfc062723c751e8b465ee728b)  -> (artifact id: 'e333955fed6ad884250c7468c346fbd9') in 0.147396 seconds 
  Import took 0.157902 seconds .

========================================================================
Received Import Request.
  Time since last request: 0.260042 seconds.
  path: Assets/models/Copier/mat10.mat
  artifactKey: Guid(b4a9f85b9d6d5024aa1c174e79269284) Importer(815301076,1909f56bfc062723c751e8b465ee728b)
Start importing Assets/models/Copier/mat10.mat using Guid(b4a9f85b9d6d5024aa1c174e79269284) Importer(815301076,1909f56bfc062723c751e8b465ee728b)  -> (artifact id: 'cd97822721b317d2e7ee62290941dd98') in 0.106236 seconds 
  Import took 0.129227 seconds .

========================================================================
Received Import Request.
  Time since last request: 0.000207 seconds.
  path: Assets/models/Copier/mat21.mat
  artifactKey: Guid(066ea23dc33ed024a91e6d0068afc0d2) Importer(815301076,1909f56bfc062723c751e8b465ee728b)
Start importing Assets/models/Copier/mat21.mat using Guid(066ea23dc33ed024a91e6d0068afc0d2) Importer(815301076,1909f56bfc062723c751e8b465ee728b)  -> (artifact id: 'de3aab213fa281d288a5e7b4017bedd2') in 0.078085 seconds 
  Import took 0.092226 seconds .

========================================================================
Received Import Request.
  Time since last request: 0.000255 seconds.
  path: Assets/models/Copier/mat15.mat
  artifactKey: Guid(7c6fd43934339374d87bc98b263230b9) Importer(815301076,1909f56bfc062723c751e8b465ee728b)
Start importing Assets/models/Copier/mat15.mat using Guid(7c6fd43934339374d87bc98b263230b9) Importer(815301076,1909f56bfc062723c751e8b465ee728b)  -> (artifact id: 'cbf6c7fcc4ca621bd17f51654d408a4d') in 0.205647 seconds 
  Import took 0.244227 seconds .

========================================================================
Received Import Request.
  Time since last request: 0.000211 seconds.
  path: Assets/models/Copier/mat16.mat
  artifactKey: Guid(0540f881032f6fd429f15e44a05f21b6) Importer(815301076,1909f56bfc062723c751e8b465ee728b)
Start importing Assets/models/Copier/mat16.mat using Guid(0540f881032f6fd429f15e44a05f21b6) Importer(815301076,1909f56bfc062723c751e8b465ee728b)  -> (artifact id: 'bf7668896c5f34ac93da7c333c2634dd') in 0.454621 seconds 
  Import took 0.485839 seconds .

========================================================================
Received Import Request.
  Time since last request: 0.001179 seconds.
  path: Assets/models/Copier/mat17.mat
  artifactKey: Guid(608e3167639fad64d822e5a51e2bcdf4) Importer(815301076,1909f56bfc062723c751e8b465ee728b)
Start importing Assets/models/Copier/mat17.mat using Guid(608e3167639fad64d822e5a51e2bcdf4) Importer(815301076,1909f56bfc062723c751e8b465ee728b)  -> (artifact id: '30fc01e709bf918b606ae553876b5c12') in 0.212194 seconds 
  Import took 0.269484 seconds .

========================================================================
Received Import Request.
  Time since last request: 0.000256 seconds.
  path: Assets/models/Copier/mat24.mat
  artifactKey: Guid(90d8de15632737b4ebe0e8e8cb9492fb) Importer(815301076,1909f56bfc062723c751e8b465ee728b)
Start importing Assets/models/Copier/mat24.mat using Guid(90d8de15632737b4ebe0e8e8cb9492fb) Importer(815301076,1909f56bfc062723c751e8b465ee728b)  -> (artifact id: '127c7ec1bbad2261652e140f504e10e6') in 0.434119 seconds 
  Import took 0.498300 seconds .

========================================================================
Received Prepare
Registering precompiled user dll's ...
Registered in 0.008853 seconds.
Begin MonoManager ReloadAssembly
Native extension for WindowsStandalone target not found
Native extension for WebGL target not found
Refreshing native plugins compatible for Editor in 4.02 ms, found 2 plugins.
Preloading 0 native plugins for Editor in 0.00 ms.
Mono: successfully reloaded assembly
- Completed reload, in  3.578 seconds
Domain Reload Profiling:
	ReloadAssembly (3578ms)
		BeginReloadAssembly (593ms)
			ExecutionOrderSort (0ms)
			DisableScriptedObjects (79ms)
			BackupInstance (0ms)
			ReleaseScriptingObjects (0ms)
			CreateAndSetChildDomain (99ms)
		EndReloadAssembly (2799ms)
			LoadAssemblies (325ms)
			RebuildTransferFunctionScriptingTraits (0ms)
			SetupTypeCache (737ms)
			ReleaseScriptCaches (2ms)
			RebuildScriptCaches (95ms)
			SetupLoadedEditorAssemblies (1323ms)
				LogAssemblyErrors (0ms)
				InitializePlatformSupportModulesInManaged (13ms)
				SetLoadedEditorAssemblies (2ms)
				RefreshPlugins (4ms)
				BeforeProcessingInitializeOnLoad (213ms)
				ProcessInitializeOnLoadAttributes (1033ms)
				ProcessInitializeOnLoadMethodAttributes (34ms)
				AfterProcessingInitializeOnLoad (23ms)
				EditorAssembliesLoaded (1ms)
			ExecutionOrderSort2 (0ms)
			AwakeInstancesAfterBackupRestoration (26ms)
Platform modules already initialized, skipping
Refreshing native plugins compatible for Editor in 7.34 ms, found 2 plugins.
Preloading 0 native plugins for Editor in 0.00 ms.
Unloading 4330 Unused Serialized files (Serialized files now loaded: 0)
System memory in use before: 217.4 MB.
System memory in use after: 217.6 MB.

Unloading 15 unused Assets to reduce memory usage. Loaded Objects now: 5254.
Total: 10.873100 ms (FindLiveObjects: 0.478700 ms CreateObjectMapping: 0.471900 ms MarkObjects: 9.824700 ms  DeleteObjects: 0.096400 ms)

AssetImportParameters requested are different than current active one (requested -> active):
  custom:framework-win-MediaFoundation: 216162199b28c13a410421893ffa2e32 -> 
  custom:video-decoder-ogg-theora: a1e56fd34408186e4bbccfd4996cb3dc -> 
  custom:container-muxer-webm: aa71ff27fc2769a1b78a27578f13a17b -> 
  custom:container-demuxer-webm: 4f35f7cbe854078d1ac9338744f61a02 -> 
  custom:container-demuxer-ogg: 62fdf1f143b41e24485cea50d1cbac27 -> 
  custom:video-encoder-webm-vp8: eb34c28f22e8b96e1ab97ce403110664 -> 
  custom:video-codec-MediaFoundation-h265: 746d11721c4dcdbdad8f713fa42b33f4 -> 
  custom:video-decoder-webm-vp8: 9c59270c3fd7afecdb556c50c9e8de78 -> 
  custom:audio-decoder-ogg-vorbis: bf7c407c2cedff20999df2af8eb42d56 -> 
  custom:audio-encoder-webm-vorbis: bf7c407c2cedff20999df2af8eb42d56 -> 
========================================================================
Received Prepare
Registering precompiled user dll's ...
Registered in 0.005600 seconds.
Begin MonoManager ReloadAssembly
Native extension for WindowsStandalone target not found
Native extension for WebGL target not found
Refreshing native plugins compatible for Editor in 5.01 ms, found 2 plugins.
Preloading 0 native plugins for Editor in 0.00 ms.
Mono: successfully reloaded assembly
- Completed reload, in  4.697 seconds
Domain Reload Profiling:
	ReloadAssembly (4698ms)
		BeginReloadAssembly (273ms)
			ExecutionOrderSort (0ms)
			DisableScriptedObjects (8ms)
			BackupInstance (0ms)
			ReleaseScriptingObjects (0ms)
			CreateAndSetChildDomain (94ms)
		EndReloadAssembly (4258ms)
			LoadAssemblies (343ms)
			RebuildTransferFunctionScriptingTraits (0ms)
			SetupTypeCache (1266ms)
			ReleaseScriptCaches (4ms)
			RebuildScriptCaches (241ms)
			SetupLoadedEditorAssemblies (1529ms)
				LogAssemblyErrors (0ms)
				InitializePlatformSupportModulesInManaged (33ms)
				SetLoadedEditorAssemblies (1ms)
				RefreshPlugins (5ms)
				BeforeProcessingInitializeOnLoad (339ms)
				ProcessInitializeOnLoadAttributes (1094ms)
				ProcessInitializeOnLoadMethodAttributes (28ms)
				AfterProcessingInitializeOnLoad (29ms)
				EditorAssembliesLoaded (0ms)
			ExecutionOrderSort2 (0ms)
			AwakeInstancesAfterBackupRestoration (64ms)
Platform modules already initialized, skipping
Refreshing native plugins compatible for Editor in 1.35 ms, found 2 plugins.
Preloading 0 native plugins for Editor in 0.00 ms.
Unloading 4317 Unused Serialized files (Serialized files now loaded: 0)
System memory in use before: 216.6 MB.
System memory in use after: 216.8 MB.

Unloading 15 unused Assets to reduce memory usage. Loaded Objects now: 5256.
Total: 24.530300 ms (FindLiveObjects: 0.470600 ms CreateObjectMapping: 0.553900 ms MarkObjects: 17.709800 ms  DeleteObjects: 5.794400 ms)

AssetImportParameters requested are different than current active one (requested -> active):
  custom:framework-win-MediaFoundation: 216162199b28c13a410421893ffa2e32 -> 
  custom:video-decoder-ogg-theora: a1e56fd34408186e4bbccfd4996cb3dc -> 
  custom:container-muxer-webm: aa71ff27fc2769a1b78a27578f13a17b -> 
  custom:container-demuxer-webm: 4f35f7cbe854078d1ac9338744f61a02 -> 
  custom:container-demuxer-ogg: 62fdf1f143b41e24485cea50d1cbac27 -> 
  custom:video-encoder-webm-vp8: eb34c28f22e8b96e1ab97ce403110664 -> 
  custom:video-codec-MediaFoundation-h265: 746d11721c4dcdbdad8f713fa42b33f4 -> 
  custom:video-decoder-webm-vp8: 9c59270c3fd7afecdb556c50c9e8de78 -> 
  custom:audio-decoder-ogg-vorbis: bf7c407c2cedff20999df2af8eb42d56 -> 
  custom:audio-encoder-webm-vorbis: bf7c407c2cedff20999df2af8eb42d56 -> 
========================================================================
Received Import Request.
  Time since last request: 834.641244 seconds.
  path: Assets/Materials/New Material 4.mat
  artifactKey: Guid(9befcbb411329934cb5215ec726c2aca) Importer(815301076,1909f56bfc062723c751e8b465ee728b)
Start importing Assets/Materials/New Material 4.mat using Guid(9befcbb411329934cb5215ec726c2aca) Importer(815301076,1909f56bfc062723c751e8b465ee728b)  -> (artifact id: '206a6e751435ed7b50024b56f6efac4b') in 5.932190 seconds 
  Import took 5.958030 seconds .

========================================================================
Received Import Request.
  Time since last request: 0.000068 seconds.
  path: Assets/Materials/New Material 5.mat
  artifactKey: Guid(621fe506316a8e04cae9a85d1757f3fa) Importer(815301076,1909f56bfc062723c751e8b465ee728b)
Start importing Assets/Materials/New Material 5.mat using Guid(621fe506316a8e04cae9a85d1757f3fa) Importer(815301076,1909f56bfc062723c751e8b465ee728b)  -> (artifact id: '3f23d13d2c95a17d0ae0c0c031ca3229') in 0.210871 seconds 
  Import took 0.365496 seconds .

========================================================================
Received Import Request.
  Time since last request: 577.268335 seconds.
  path: Assets/Materials/Materials/cootthecattexture 2.mat
  artifactKey: Guid(d28f54b20b0e8cc488d8d8459ed41895) Importer(815301076,1909f56bfc062723c751e8b465ee728b)
Start importing Assets/Materials/Materials/cootthecattexture 2.mat using Guid(d28f54b20b0e8cc488d8d8459ed41895) Importer(815301076,1909f56bfc062723c751e8b465ee728b)  -> (artifact id: '35bb0ed4d80ec242d851e49bdbfde67c') in 0.356515 seconds 
  Import took 0.573590 seconds .

========================================================================
Received Import Request.
  Time since last request: 0.189004 seconds.
  path: Assets/models/Copier/mat10.mat
  artifactKey: Guid(b4a9f85b9d6d5024aa1c174e79269284) Importer(815301076,1909f56bfc062723c751e8b465ee728b)
Start importing Assets/models/Copier/mat10.mat using Guid(b4a9f85b9d6d5024aa1c174e79269284) Importer(815301076,1909f56bfc062723c751e8b465ee728b)  -> (artifact id: '5bf1d31af9a04486858c2dfd8fb6854b') in 0.296476 seconds 
  Import took 0.351746 seconds .

========================================================================
Received Import Request.
  Time since last request: 0.514713 seconds.
  path: Assets/models/Copier/mat15.mat
  artifactKey: Guid(7c6fd43934339374d87bc98b263230b9) Importer(815301076,1909f56bfc062723c751e8b465ee728b)
Start importing Assets/models/Copier/mat15.mat using Guid(7c6fd43934339374d87bc98b263230b9) Importer(815301076,1909f56bfc062723c751e8b465ee728b)  -> (artifact id: 'fe75c2c5eb994cd0ec08e98caa9fe2c5') in 0.395204 seconds 
  Import took 0.470582 seconds .

========================================================================
Received Import Request.
  Time since last request: 0.000228 seconds.
  path: Assets/models/CRT Monitor/mat22.mat
  artifactKey: Guid(cf2a405bffc067d41af4bd377f726619) Importer(815301076,1909f56bfc062723c751e8b465ee728b)
Start importing Assets/models/CRT Monitor/mat22.mat using Guid(cf2a405bffc067d41af4bd377f726619) Importer(815301076,1909f56bfc062723c751e8b465ee728b)  -> (artifact id: '57970ad772eec837ce1f76918e058298') in 0.301019 seconds 
  Import took 0.350216 seconds .

========================================================================
Received Import Request.
  Time since last request: 0.008864 seconds.
  path: Assets/fancystuff/WoodLight_Mat.mat
  artifactKey: Guid(4e5d77e737d61bc4582d0aff8c34e9ee) Importer(815301076,1909f56bfc062723c751e8b465ee728b)
Start importing Assets/fancystuff/WoodLight_Mat.mat using Guid(4e5d77e737d61bc4582d0aff8c34e9ee) Importer(815301076,1909f56bfc062723c751e8b465ee728b)  -> (artifact id: '89c258d839bf2a55d9b4cc285f16ca82') in 0.397476 seconds 
  Import took 0.440332 seconds .

========================================================================
Received Import Request.
  Time since last request: 0.000213 seconds.
  path: Assets/models/CRT Monitor/mat15.mat
  artifactKey: Guid(e5b1f07386db1474eaa8beee20a42441) Importer(815301076,1909f56bfc062723c751e8b465ee728b)
Start importing Assets/models/CRT Monitor/mat15.mat using Guid(e5b1f07386db1474eaa8beee20a42441) Importer(815301076,1909f56bfc062723c751e8b465ee728b)  -> (artifact id: 'f2cc465c65ec6e461f5a1ca711259617') in 0.247064 seconds 
  Import took 0.279728 seconds .

========================================================================
Received Import Request.
  Time since last request: 0.000272 seconds.
  path: Assets/models/CRT Monitor/mat17.mat
  artifactKey: Guid(2169793b6b1d83f47b863db0fb941dd6) Importer(815301076,1909f56bfc062723c751e8b465ee728b)
Start importing Assets/models/CRT Monitor/mat17.mat using Guid(2169793b6b1d83f47b863db0fb941dd6) Importer(815301076,1909f56bfc062723c751e8b465ee728b)  -> (artifact id: 'b5358956aa2f93ea1f9e01269a46d1ae') in 0.314241 seconds 
  Import took 0.367216 seconds .

========================================================================
Received Import Request.
  Time since last request: 0.000319 seconds.
  path: Assets/models/Copier/mat21.mat
  artifactKey: Guid(066ea23dc33ed024a91e6d0068afc0d2) Importer(815301076,1909f56bfc062723c751e8b465ee728b)
Start importing Assets/models/Copier/mat21.mat using Guid(066ea23dc33ed024a91e6d0068afc0d2) Importer(815301076,1909f56bfc062723c751e8b465ee728b)  -> (artifact id: 'a55ca6f67e953c6dde321bf0e78dac18') in 0.215914 seconds 
  Import took 0.281857 seconds .

========================================================================
Received Import Request.
  Time since last request: 0.000207 seconds.
  path: Assets/fancystuff/WoodCounter_Mat.mat
  artifactKey: Guid(ad7596f0acaeee94e94ebedeb6de1a3c) Importer(815301076,1909f56bfc062723c751e8b465ee728b)
Start importing Assets/fancystuff/WoodCounter_Mat.mat using Guid(ad7596f0acaeee94e94ebedeb6de1a3c) Importer(815301076,1909f56bfc062723c751e8b465ee728b)  -> (artifact id: 'ebe024d8f968d7bdee8b8103a653f47c') in 0.295656 seconds 
  Import took 0.332941 seconds .

========================================================================
Received Import Request.
  Time since last request: 0.000207 seconds.
  path: Assets/models/CRT Monitor/mat16.mat
  artifactKey: Guid(94fa3c95ef3594948ac501147b239abb) Importer(815301076,1909f56bfc062723c751e8b465ee728b)
Start importing Assets/models/CRT Monitor/mat16.mat using Guid(94fa3c95ef3594948ac501147b239abb) Importer(815301076,1909f56bfc062723c751e8b465ee728b)  -> (artifact id: 'c95133de1a8069f819ea1d8565fb70d2') in 0.150404 seconds 
  Import took 0.178152 seconds .

========================================================================
Received Import Request.
  Time since last request: 0.000208 seconds.
  path: Assets/models/Copier/mat16.mat
  artifactKey: Guid(0540f881032f6fd429f15e44a05f21b6) Importer(815301076,1909f56bfc062723c751e8b465ee728b)
Start importing Assets/models/Copier/mat16.mat using Guid(0540f881032f6fd429f15e44a05f21b6) Importer(815301076,1909f56bfc062723c751e8b465ee728b)  -> (artifact id: '4a0290049b2de4bea8e2f08f3e08fc9e') in 0.137537 seconds 
  Import took 0.190611 seconds .

========================================================================
Received Import Request.
  Time since last request: 0.000237 seconds.
  path: Assets/models/Copier/mat17.mat
  artifactKey: Guid(608e3167639fad64d822e5a51e2bcdf4) Importer(815301076,1909f56bfc062723c751e8b465ee728b)
Start importing Assets/models/Copier/mat17.mat using Guid(608e3167639fad64d822e5a51e2bcdf4) Importer(815301076,1909f56bfc062723c751e8b465ee728b)  -> (artifact id: '2762147585a6c923fa78ee2923b97cbe') in 0.214786 seconds 
  Import took 0.282853 seconds .

========================================================================
Received Import Request.
  Time since last request: 0.000215 seconds.
  path: Assets/models/Copier/mat24.mat
  artifactKey: Guid(90d8de15632737b4ebe0e8e8cb9492fb) Importer(815301076,1909f56bfc062723c751e8b465ee728b)
Start importing Assets/models/Copier/mat24.mat using Guid(90d8de15632737b4ebe0e8e8cb9492fb) Importer(815301076,1909f56bfc062723c751e8b465ee728b)  -> (artifact id: 'a6206fcdacb6cc4169480b77e92ea9d2') in 0.253082 seconds 
  Import took 0.323362 seconds .

========================================================================
Received Import Request.
  Time since last request: 0.543003 seconds.
  path: Assets/models/Andrews Special Mouse/ComputerMouse_mat1.mat
  artifactKey: Guid(3f53dc585ec878f4484588123f904098) Importer(815301076,1909f56bfc062723c751e8b465ee728b)
Start importing Assets/models/Andrews Special Mouse/ComputerMouse_mat1.mat using Guid(3f53dc585ec878f4484588123f904098) Importer(815301076,1909f56bfc062723c751e8b465ee728b)  -> (artifact id: '32b0dc64257c4c3644f696f305726dd0') in 0.316578 seconds 
  Import took 0.417120 seconds .

========================================================================
Received Import Request.
  Time since last request: 223.355145 seconds.
  path: Assets/4_Fire
  artifactKey: Guid(7624d8f4614acf54e812d6b254da7bcb) Importer(815301076,1909f56bfc062723c751e8b465ee728b)
Start importing Assets/4_Fire using Guid(7624d8f4614acf54e812d6b254da7bcb) Importer(815301076,1909f56bfc062723c751e8b465ee728b)  -> (artifact id: '954093eb0a35663441e4b387b4533927') in 0.017226 seconds 
  Import took 0.042056 seconds .

========================================================================
Received Import Request.
  Time since last request: 1.243490 seconds.
  path: Assets/4_Fire/Objects
  artifactKey: Guid(02aa3c44c5836a14f933240d675a6ac4) Importer(815301076,1909f56bfc062723c751e8b465ee728b)
Start importing Assets/4_Fire/Objects using Guid(02aa3c44c5836a14f933240d675a6ac4) Importer(815301076,1909f56bfc062723c751e8b465ee728b)  -> (artifact id: '1fe85801d60b61c085bc6c613c70b7e3') in 0.017823 seconds 
  Import took 0.038924 seconds .

========================================================================
Received Import Request.
  Time since last request: 0.167732 seconds.
  path: Assets/4_Fire/Objects/PS_Parent.prefab
  artifactKey: Guid(89956e675b749204c8e10395ce2b5fb9) Importer(815301076,1909f56bfc062723c751e8b465ee728b)
Start importing Assets/4_Fire/Objects/PS_Parent.prefab using Guid(89956e675b749204c8e10395ce2b5fb9) Importer(815301076,1909f56bfc062723c751e8b465ee728b)  -> (artifact id: '8161ddb340d0e37754623b25d9c20e77') in 0.320118 seconds 
  Import took 0.337066 seconds .

========================================================================
Received Import Request.
  Time since last request: 12.001956 seconds.
  path: Assets/4_Fire/Materials/MAT_Glow.mat
  artifactKey: Guid(f3849805a6cf9ed42b64886d16aa24c0) Importer(815301076,1909f56bfc062723c751e8b465ee728b)
Start importing Assets/4_Fire/Materials/MAT_Glow.mat using Guid(f3849805a6cf9ed42b64886d16aa24c0) Importer(815301076,1909f56bfc062723c751e8b465ee728b)  -> (artifact id: 'cd0c6b3054bcdd660e5eee4f46f310a7') in 0.218890 seconds 
  Import took 0.270154 seconds .

========================================================================
Received Import Request.
  Time since last request: 0.366902 seconds.
  path: Assets/4_Fire/Materials/MAT_Sparks.mat
  artifactKey: Guid(2275a521c69866b4689735db39f5062c) Importer(815301076,1909f56bfc062723c751e8b465ee728b)
Start importing Assets/4_Fire/Materials/MAT_Sparks.mat using Guid(2275a521c69866b4689735db39f5062c) Importer(815301076,1909f56bfc062723c751e8b465ee728b)  -> (artifact id: '2d3225b51efd547d3f4d413802905117') in 1.002690 seconds 
  Import took 1.087596 seconds .

========================================================================
Received Import Request.
  Time since last request: 1.576055 seconds.
  path: Assets/4_Fire/Materials/MAT_Fire_Add.mat
  artifactKey: Guid(4bfa83e8cbf524542ba782ba47029dd3) Importer(815301076,1909f56bfc062723c751e8b465ee728b)
Start importing Assets/4_Fire/Materials/MAT_Fire_Add.mat using Guid(4bfa83e8cbf524542ba782ba47029dd3) Importer(815301076,1909f56bfc062723c751e8b465ee728b)  -> (artifact id: '28e3ee64ce13d707899a339ad093d36e') in 0.167924 seconds 
  Import took 0.190718 seconds .

========================================================================
Received Import Request.
  Time since last request: 0.817169 seconds.
  path: Assets/4_Fire/Materials/MAT_Fire_Alpha.mat
  artifactKey: Guid(70359751edd22ec4fb2b5f3f07c001bd) Importer(815301076,1909f56bfc062723c751e8b465ee728b)
Start importing Assets/4_Fire/Materials/MAT_Fire_Alpha.mat using Guid(70359751edd22ec4fb2b5f3f07c001bd) Importer(815301076,1909f56bfc062723c751e8b465ee728b)  -> (artifact id: 'cd095b967c2b3a80b01c074aa4fcfdc8') in 0.146702 seconds 
  Import took 0.179855 seconds .

========================================================================
Received Prepare
Registering precompiled user dll's ...
Registered in 0.028590 seconds.
Begin MonoManager ReloadAssembly
Native extension for WindowsStandalone target not found
Native extension for WebGL target not found
Refreshing native plugins compatible for Editor in 2.81 ms, found 2 plugins.
Preloading 0 native plugins for Editor in 0.00 ms.
Mono: successfully reloaded assembly
- Completed reload, in 12.933 seconds
Domain Reload Profiling:
	ReloadAssembly (12934ms)
		BeginReloadAssembly (2902ms)
			ExecutionOrderSort (0ms)
			DisableScriptedObjects (495ms)
			BackupInstance (0ms)
			ReleaseScriptingObjects (0ms)
			CreateAndSetChildDomain (819ms)
		EndReloadAssembly (9149ms)
			LoadAssemblies (1409ms)
			RebuildTransferFunctionScriptingTraits (0ms)
			SetupTypeCache (3169ms)
			ReleaseScriptCaches (14ms)
			RebuildScriptCaches (488ms)
			SetupLoadedEditorAssemblies (2944ms)
				LogAssemblyErrors (0ms)
				InitializePlatformSupportModulesInManaged (144ms)
				SetLoadedEditorAssemblies (5ms)
				RefreshPlugins (3ms)
				BeforeProcessingInitializeOnLoad (470ms)
				ProcessInitializeOnLoadAttributes (2146ms)
				ProcessInitializeOnLoadMethodAttributes (106ms)
				AfterProcessingInitializeOnLoad (70ms)
				EditorAssembliesLoaded (0ms)
			ExecutionOrderSort2 (0ms)
			AwakeInstancesAfterBackupRestoration (89ms)
Platform modules already initialized, skipping
Refreshing native plugins compatible for Editor in 4.94 ms, found 2 plugins.
Preloading 0 native plugins for Editor in 0.00 ms.
Unloading 4317 Unused Serialized files (Serialized files now loaded: 0)
System memory in use before: 217.4 MB.
System memory in use after: 217.6 MB.

Unloading 15 unused Assets to reduce memory usage. Loaded Objects now: 5361.
Total: 19.180400 ms (FindLiveObjects: 0.810800 ms CreateObjectMapping: 1.150500 ms MarkObjects: 17.111100 ms  DeleteObjects: 0.106100 ms)

AssetImportParameters requested are different than current active one (requested -> active):
  custom:framework-win-MediaFoundation: 216162199b28c13a410421893ffa2e32 -> 
  custom:video-decoder-ogg-theora: a1e56fd34408186e4bbccfd4996cb3dc -> 
  custom:container-muxer-webm: aa71ff27fc2769a1b78a27578f13a17b -> 
  custom:container-demuxer-webm: 4f35f7cbe854078d1ac9338744f61a02 -> 
  custom:container-demuxer-ogg: 62fdf1f143b41e24485cea50d1cbac27 -> 
  custom:video-encoder-webm-vp8: eb34c28f22e8b96e1ab97ce403110664 -> 
  custom:video-codec-MediaFoundation-h265: 746d11721c4dcdbdad8f713fa42b33f4 -> 
  custom:video-decoder-webm-vp8: 9c59270c3fd7afecdb556c50c9e8de78 -> 
  custom:audio-decoder-ogg-vorbis: bf7c407c2cedff20999df2af8eb42d56 -> 
  custom:audio-encoder-webm-vorbis: bf7c407c2cedff20999df2af8eb42d56 -> 
========================================================================
Received Import Request.
  Time since last request: 1075.989310 seconds.
  path: Assets/ludwig.jpg
  artifactKey: Guid(7b75a58cb263eda48b7253796d91e520) Importer(815301076,1909f56bfc062723c751e8b465ee728b)
Start importing Assets/ludwig.jpg using Guid(7b75a58cb263eda48b7253796d91e520) Importer(815301076,1909f56bfc062723c751e8b465ee728b)  -> (artifact id: '035caccbe9ffb3468b5af461786ac57c') in 0.266477 seconds 
  Import took 0.318003 seconds .

========================================================================
Received Import Request.
  Time since last request: 284.638094 seconds.
  path: Assets/Materials/ludwig.mat
  artifactKey: Guid(56390334cc41f484c8a867dc36fcf8eb) Importer(815301076,1909f56bfc062723c751e8b465ee728b)
Start importing Assets/Materials/ludwig.mat using Guid(56390334cc41f484c8a867dc36fcf8eb) Importer(815301076,1909f56bfc062723c751e8b465ee728b)  -> (artifact id: 'b6f2e072daa2593be7f21979edee1c80') in 1.830791 seconds 
  Import took 1.886572 seconds .

========================================================================
Received Import Request.
  Time since last request: 0.000221 seconds.
  path: Assets/Materials/Concrete010_1K-JPG/Concrete010_1K_Displacement.jpg
  artifactKey: Guid(80451487af12db74a84ec99850199108) Importer(815301076,1909f56bfc062723c751e8b465ee728b)
Start importing Assets/Materials/Concrete010_1K-JPG/Concrete010_1K_Displacement.jpg using Guid(80451487af12db74a84ec99850199108) Importer(815301076,1909f56bfc062723c751e8b465ee728b)  -> (artifact id: 'd346ec1834cc21d2772a64998cc59a09') in 0.065286 seconds 
  Import took 0.095815 seconds .

========================================================================
Received Import Request.
  Time since last request: 0.000203 seconds.
  path: Assets/Materials/Concrete010_1K-JPG/Concrete010_1K_Color.jpg
  artifactKey: Guid(b33bf25cb9a3f404d9ceccc099dd1495) Importer(815301076,1909f56bfc062723c751e8b465ee728b)
Start importing Assets/Materials/Concrete010_1K-JPG/Concrete010_1K_Color.jpg using Guid(b33bf25cb9a3f404d9ceccc099dd1495) Importer(815301076,1909f56bfc062723c751e8b465ee728b)  -> (artifact id: 'e0ac383606a8c90f48a47f39a8dcc87b') in 0.070442 seconds 
  Import took 0.085823 seconds .

========================================================================
Received Import Request.
  Time since last request: 0.000197 seconds.
  path: Assets/Materials/Concrete010_1K-JPG/Concrete010_1K_NormalGL.jpg
  artifactKey: Guid(af8cbce0a1034c248b9a663348add720) Importer(815301076,1909f56bfc062723c751e8b465ee728b)
Start importing Assets/Materials/Concrete010_1K-JPG/Concrete010_1K_NormalGL.jpg using Guid(af8cbce0a1034c248b9a663348add720) Importer(815301076,1909f56bfc062723c751e8b465ee728b)  -> (artifact id: 'a10cc78fd0f0cb13f4b45b1c1ddb7566') in 0.048654 seconds 
  Import took 0.098188 seconds .

========================================================================
Received Import Request.
  Time since last request: 0.000190 seconds.
  path: Assets/Materials/New Material 6.mat
  artifactKey: Guid(30d143d0cf3cb2846a8e27c4556e934a) Importer(815301076,1909f56bfc062723c751e8b465ee728b)
Start importing Assets/Materials/New Material 6.mat using Guid(30d143d0cf3cb2846a8e27c4556e934a) Importer(815301076,1909f56bfc062723c751e8b465ee728b)  -> (artifact id: 'fd5eea5b3661cf688d29ccae74c02958') in 0.161798 seconds 
  Import took 0.172915 seconds .

========================================================================
Received Import Request.
  Time since last request: 0.000300 seconds.
  path: Assets/Materials/Concrete010_1K-JPG/Concrete010_PREVIEW.jpg
  artifactKey: Guid(8ea3f9389f941684fb99bd7134c07d08) Importer(815301076,1909f56bfc062723c751e8b465ee728b)
Start importing Assets/Materials/Concrete010_1K-JPG/Concrete010_PREVIEW.jpg using Guid(8ea3f9389f941684fb99bd7134c07d08) Importer(815301076,1909f56bfc062723c751e8b465ee728b)  -> (artifact id: '12f5aba57a509526e9fd233adc6dd5f3') in 0.070700 seconds 
  Import took 0.109533 seconds .

========================================================================
Received Import Request.
  Time since last request: 0.000255 seconds.
  path: Assets/Materials/Concrete010_1K-JPG/Concrete010_1K_NormalDX.jpg
  artifactKey: Guid(c33612adcee94c24f816ca41ed6077ea) Importer(815301076,1909f56bfc062723c751e8b465ee728b)
Start importing Assets/Materials/Concrete010_1K-JPG/Concrete010_1K_NormalDX.jpg using Guid(c33612adcee94c24f816ca41ed6077ea) Importer(815301076,1909f56bfc062723c751e8b465ee728b)  -> (artifact id: 'c7cac76a4c0dc036657229da7ab9187b') in 0.079869 seconds 
  Import took 0.106331 seconds .

========================================================================
Received Import Request.
  Time since last request: 0.000233 seconds.
  path: Assets/Materials/Concrete010_1K-JPG/Concrete010_1K_Roughness.jpg
  artifactKey: Guid(ee6b8eb318d516845a41fbeae2ef251c) Importer(815301076,1909f56bfc062723c751e8b465ee728b)
Start importing Assets/Materials/Concrete010_1K-JPG/Concrete010_1K_Roughness.jpg using Guid(ee6b8eb318d516845a41fbeae2ef251c) Importer(815301076,1909f56bfc062723c751e8b465ee728b)  -> (artifact id: '4989b0f2c4bb9187cd17debefadfc847') in 0.079881 seconds 
  Import took 0.138957 seconds .

========================================================================
Received Import Request.
  Time since last request: 0.000425 seconds.
  path: Assets/Materials/Concrete010_1K-JPG/Concrete010_1K_AmbientOcclusion.jpg
  artifactKey: Guid(d3cf6eafae22f624b9e815310d85bc49) Importer(815301076,1909f56bfc062723c751e8b465ee728b)
Start importing Assets/Materials/Concrete010_1K-JPG/Concrete010_1K_AmbientOcclusion.jpg using Guid(d3cf6eafae22f624b9e815310d85bc49) Importer(815301076,1909f56bfc062723c751e8b465ee728b)  -> (artifact id: 'c4da9eeb4ea6bf20c27c2cc62fc50aac') in 0.093249 seconds 
  Import took 0.107757 seconds .

========================================================================
Received Import Request.
  Time since last request: 2.688679 seconds.
  path: Assets/Materials/Concrete010_1K-JPG
  artifactKey: Guid(4dc77de52817abd4dae0fd4e368bdf87) Importer(815301076,1909f56bfc062723c751e8b465ee728b)
Start importing Assets/Materials/Concrete010_1K-JPG using Guid(4dc77de52817abd4dae0fd4e368bdf87) Importer(815301076,1909f56bfc062723c751e8b465ee728b)  -> (artifact id: '82acfeae507de5aea6b36852db2a5234') in 0.032500 seconds 
  Import took 0.059335 seconds .

========================================================================
Received Prepare
Registering precompiled user dll's ...
Registered in 0.064410 seconds.
Begin MonoManager ReloadAssembly
Native extension for WindowsStandalone target not found
Native extension for WebGL target not found
Refreshing native plugins compatible for Editor in 0.93 ms, found 2 plugins.
Preloading 0 native plugins for Editor in 0.00 ms.
Mono: successfully reloaded assembly
- Completed reload, in  4.351 seconds
Domain Reload Profiling:
	ReloadAssembly (4352ms)
		BeginReloadAssembly (631ms)
			ExecutionOrderSort (0ms)
			DisableScriptedObjects (74ms)
			BackupInstance (0ms)
			ReleaseScriptingObjects (0ms)
			CreateAndSetChildDomain (116ms)
		EndReloadAssembly (3550ms)
			LoadAssemblies (493ms)
			RebuildTransferFunctionScriptingTraits (0ms)
			SetupTypeCache (1501ms)
			ReleaseScriptCaches (8ms)
			RebuildScriptCaches (241ms)
			SetupLoadedEditorAssemblies (836ms)
				LogAssemblyErrors (0ms)
				InitializePlatformSupportModulesInManaged (7ms)
				SetLoadedEditorAssemblies (1ms)
				RefreshPlugins (1ms)
				BeforeProcessingInitializeOnLoad (176ms)
				ProcessInitializeOnLoadAttributes (621ms)
				ProcessInitializeOnLoadMethodAttributes (18ms)
				AfterProcessingInitializeOnLoad (13ms)
				EditorAssembliesLoaded (0ms)
			ExecutionOrderSort2 (0ms)
			AwakeInstancesAfterBackupRestoration (39ms)
Platform modules already initialized, skipping
Refreshing native plugins compatible for Editor in 4.60 ms, found 2 plugins.
Preloading 0 native plugins for Editor in 0.00 ms.
Unloading 4317 Unused Serialized files (Serialized files now loaded: 0)
System memory in use before: 217.8 MB.
System memory in use after: 218.2 MB.

Unloading 15 unused Assets to reduce memory usage. Loaded Objects now: 5465.
Total: 10.910900 ms (FindLiveObjects: 0.507500 ms CreateObjectMapping: 0.458300 ms MarkObjects: 9.838900 ms  DeleteObjects: 0.104900 ms)

AssetImportParameters requested are different than current active one (requested -> active):
  custom:framework-win-MediaFoundation: 216162199b28c13a410421893ffa2e32 -> 
  custom:video-decoder-ogg-theora: a1e56fd34408186e4bbccfd4996cb3dc -> 
  custom:container-muxer-webm: aa71ff27fc2769a1b78a27578f13a17b -> 
  custom:container-demuxer-webm: 4f35f7cbe854078d1ac9338744f61a02 -> 
  custom:container-demuxer-ogg: 62fdf1f143b41e24485cea50d1cbac27 -> 
  custom:video-encoder-webm-vp8: eb34c28f22e8b96e1ab97ce403110664 -> 
  custom:video-codec-MediaFoundation-h265: 746d11721c4dcdbdad8f713fa42b33f4 -> 
  custom:video-decoder-webm-vp8: 9c59270c3fd7afecdb556c50c9e8de78 -> 
  custom:audio-decoder-ogg-vorbis: bf7c407c2cedff20999df2af8eb42d56 -> 
  custom:audio-encoder-webm-vorbis: bf7c407c2cedff20999df2af8eb42d56 -> 
========================================================================
Received Import Request.
  Time since last request: 636.476747 seconds.
  path: Assets/SampleSceneAssets/Settings/Volumes/VolumeGlobal.asset
  artifactKey: Guid(7f342610b85f4164f808a1f380dcc668) Importer(815301076,1909f56bfc062723c751e8b465ee728b)
Start importing Assets/SampleSceneAssets/Settings/Volumes/VolumeGlobal.asset using Guid(7f342610b85f4164f808a1f380dcc668) Importer(815301076,1909f56bfc062723c751e8b465ee728b)  -> (artifact id: 'fa8d15ddc60ded087c362b7ed3a21c4a') in 0.135184 seconds 
  Import took 0.188924 seconds .

========================================================================
Received Import Request.
  Time since last request: 0.000436 seconds.
  path: Assets/SampleSceneAssets/Settings/Volumes/VolumeRoom1.asset
  artifactKey: Guid(bd6d234073408c44ca3828113aac655e) Importer(815301076,1909f56bfc062723c751e8b465ee728b)
Start importing Assets/SampleSceneAssets/Settings/Volumes/VolumeRoom1.asset using Guid(bd6d234073408c44ca3828113aac655e) Importer(815301076,1909f56bfc062723c751e8b465ee728b)  -> (artifact id: '851b80e9d3bf6dd69859d77615c661c5') in 0.161593 seconds 
  Import took 0.185929 seconds .

========================================================================
Received Import Request.
  Time since last request: 0.000255 seconds.
  path: Assets/SampleSceneAssets/Settings/Volumes/VolumeRoom3Corridor.asset
  artifactKey: Guid(1584bf21cf81d5147aa00e8a2deaf2fb) Importer(815301076,1909f56bfc062723c751e8b465ee728b)
Start importing Assets/SampleSceneAssets/Settings/Volumes/VolumeRoom3Corridor.asset using Guid(1584bf21cf81d5147aa00e8a2deaf2fb) Importer(815301076,1909f56bfc062723c751e8b465ee728b)  -> (artifact id: '90661a1dd550ebbf605c4e1bf7ca8967') in 0.043394 seconds 
  Import took 0.067787 seconds .

========================================================================
Received Import Request.
  Time since last request: 0.000273 seconds.
  path: Assets/SampleSceneAssets/Settings/Volumes/VolumeRoom3.asset
  artifactKey: Guid(06114ad16a0bc0a41957375ac3bf472e) Importer(815301076,1909f56bfc062723c751e8b465ee728b)
Start importing Assets/SampleSceneAssets/Settings/Volumes/VolumeRoom3.asset using Guid(06114ad16a0bc0a41957375ac3bf472e) Importer(815301076,1909f56bfc062723c751e8b465ee728b)  -> (artifact id: 'fb0451430386ea62724e5a89072a93c3') in 0.046179 seconds 
  Import took 0.055227 seconds .

========================================================================
Received Prepare
Registering precompiled user dll's ...
Registered in 0.008079 seconds.
Begin MonoManager ReloadAssembly
Native extension for WindowsStandalone target not found
Native extension for WebGL target not found
Refreshing native plugins compatible for Editor in 120.45 ms, found 2 plugins.
Preloading 0 native plugins for Editor in 0.00 ms.
Mono: successfully reloaded assembly
- Completed reload, in  3.343 seconds
Domain Reload Profiling:
	ReloadAssembly (3344ms)
		BeginReloadAssembly (422ms)
			ExecutionOrderSort (0ms)
			DisableScriptedObjects (15ms)
			BackupInstance (0ms)
			ReleaseScriptingObjects (0ms)
			CreateAndSetChildDomain (136ms)
		EndReloadAssembly (2732ms)
			LoadAssemblies (306ms)
			RebuildTransferFunctionScriptingTraits (0ms)
			SetupTypeCache (799ms)
			ReleaseScriptCaches (5ms)
			RebuildScriptCaches (114ms)
			SetupLoadedEditorAssemblies (1189ms)
				LogAssemblyErrors (0ms)
				InitializePlatformSupportModulesInManaged (23ms)
				SetLoadedEditorAssemblies (0ms)
				RefreshPlugins (121ms)
				BeforeProcessingInitializeOnLoad (278ms)
				ProcessInitializeOnLoadAttributes (715ms)
				ProcessInitializeOnLoadMethodAttributes (23ms)
				AfterProcessingInitializeOnLoad (29ms)
				EditorAssembliesLoaded (0ms)
			ExecutionOrderSort2 (0ms)
			AwakeInstancesAfterBackupRestoration (17ms)
Platform modules already initialized, skipping
Refreshing native plugins compatible for Editor in 0.57 ms, found 2 plugins.
Preloading 0 native plugins for Editor in 0.00 ms.
Unloading 2357 Unused Serialized files (Serialized files now loaded: 0)
System memory in use before: 172.2 MB.
System memory in use after: 154.5 MB.

Unloading 632 unused Assets to reduce memory usage. Loaded Objects now: 4849.
Total: 29.081200 ms (FindLiveObjects: 0.828900 ms CreateObjectMapping: 0.556600 ms MarkObjects: 9.335300 ms  DeleteObjects: 18.359100 ms)

AssetImportParameters requested are different than current active one (requested -> active):
  custom:framework-win-MediaFoundation: 216162199b28c13a410421893ffa2e32 -> 
  custom:video-decoder-ogg-theora: a1e56fd34408186e4bbccfd4996cb3dc -> 
  custom:container-muxer-webm: aa71ff27fc2769a1b78a27578f13a17b -> 
  custom:container-demuxer-webm: 4f35f7cbe854078d1ac9338744f61a02 -> 
  custom:container-demuxer-ogg: 62fdf1f143b41e24485cea50d1cbac27 -> 
  custom:video-encoder-webm-vp8: eb34c28f22e8b96e1ab97ce403110664 -> 
  custom:video-codec-MediaFoundation-h265: 746d11721c4dcdbdad8f713fa42b33f4 -> 
  custom:video-decoder-webm-vp8: 9c59270c3fd7afecdb556c50c9e8de78 -> 
  custom:audio-decoder-ogg-vorbis: bf7c407c2cedff20999df2af8eb42d56 -> 
  custom:audio-encoder-webm-vorbis: bf7c407c2cedff20999df2af8eb42d56 -> 
========================================================================
Received Import Request.
  Time since last request: 207.860586 seconds.
  path: Assets/Mesh_Cat.obj
  artifactKey: Guid(8d080c442bfb93744b549537a5cd3c62) Importer(815301076,1909f56bfc062723c751e8b465ee728b)
Start importing Assets/Mesh_Cat.obj using Guid(8d080c442bfb93744b549537a5cd3c62) Importer(815301076,1909f56bfc062723c751e8b465ee728b)  -> (artifact id: 'e16d2d829a2eccf749371ee4b07fd0b1') in 0.255429 seconds 
  Import took 0.264416 seconds .

========================================================================
Received Import Request.
  Time since last request: 0.000243 seconds.
  path: Assets/ludwig.jpg
  artifactKey: Guid(7b75a58cb263eda48b7253796d91e520) Importer(815301076,1909f56bfc062723c751e8b465ee728b)
Start importing Assets/ludwig.jpg using Guid(7b75a58cb263eda48b7253796d91e520) Importer(815301076,1909f56bfc062723c751e8b465ee728b)  -> (artifact id: '32219d539a1dd14481d8d4c92eeff22b') in 0.043105 seconds 
  Import took 0.071336 seconds .

========================================================================
Received Import Request.
  Time since last request: 0.000209 seconds.
  path: Assets/thingcootcatthingngng.fbx
  artifactKey: Guid(3d5a8f602ac86404ca51931cf98032ba) Importer(815301076,1909f56bfc062723c751e8b465ee728b)
Start importing Assets/thingcootcatthingngng.fbx using Guid(3d5a8f602ac86404ca51931cf98032ba) Importer(815301076,1909f56bfc062723c751e8b465ee728b)  -> (artifact id: '383fa2d01ce1d2e619984fc747f151a9') in 0.285786 seconds 
  Import took 0.317941 seconds .

========================================================================
Received Import Request.
  Time since last request: 3.043701 seconds.
  path: Assets/Materials/cooteyetexture.png
  artifactKey: Guid(fdff294a1f7e6714982116983770bd11) Importer(815301076,1909f56bfc062723c751e8b465ee728b)
Start importing Assets/Materials/cooteyetexture.png using Guid(fdff294a1f7e6714982116983770bd11) Importer(815301076,1909f56bfc062723c751e8b465ee728b)  -> (artifact id: '481945135bc443a72de85ba25ce118bc') in 0.083010 seconds 
  Import took 0.113126 seconds .

========================================================================
Received Import Request.
  Time since last request: 0.000205 seconds.
  path: Assets/Materials/Fabric025_PREVIEW.jpg
  artifactKey: Guid(da931af92bd8ce348aa31ee36af90ea3) Importer(815301076,1909f56bfc062723c751e8b465ee728b)
Start importing Assets/Materials/Fabric025_PREVIEW.jpg using Guid(da931af92bd8ce348aa31ee36af90ea3) Importer(815301076,1909f56bfc062723c751e8b465ee728b)  -> (artifact id: '6431840fb9cc4b77d2449a584cda45fd') in 0.034023 seconds 
  Import took 0.073004 seconds .

========================================================================
Received Import Request.
  Time since last request: 0.000644 seconds.
  path: Assets/Materials/cootthecattexture 2.png
  artifactKey: Guid(956585f5412edd34388935693264d2bd) Importer(815301076,1909f56bfc062723c751e8b465ee728b)
Start importing Assets/Materials/cootthecattexture 2.png using Guid(956585f5412edd34388935693264d2bd) Importer(815301076,1909f56bfc062723c751e8b465ee728b)  -> (artifact id: 'b6975b3842189d2a0990591373462d8c') in 0.031951 seconds 
  Import took 0.068653 seconds .

========================================================================
Received Import Request.
  Time since last request: 0.000210 seconds.
  path: Assets/Materials/Fabric025_1K_NormalGL.jpg
  artifactKey: Guid(9916e0a292d7ddf428a0fdc0bb45c72b) Importer(815301076,1909f56bfc062723c751e8b465ee728b)
Start importing Assets/Materials/Fabric025_1K_NormalGL.jpg using Guid(9916e0a292d7ddf428a0fdc0bb45c72b) Importer(815301076,1909f56bfc062723c751e8b465ee728b)  -> (artifact id: 'bf71dfa5d9ea350be99e75b282869284') in 0.050312 seconds 
  Import took 0.063632 seconds .

========================================================================
Received Import Request.
  Time since last request: 0.000293 seconds.
  path: Assets/Materials/MetalPlates014_1K_Displacement.jpg
  artifactKey: Guid(2684a19010d30e24f8e4d32cbcaa47f2) Importer(815301076,1909f56bfc062723c751e8b465ee728b)
Start importing Assets/Materials/MetalPlates014_1K_Displacement.jpg using Guid(2684a19010d30e24f8e4d32cbcaa47f2) Importer(815301076,1909f56bfc062723c751e8b465ee728b)  -> (artifact id: 'fa1f8e37bea732c4903bd93da8952a16') in 0.056231 seconds 
  Import took 0.080152 seconds .

========================================================================
Received Import Request.
  Time since last request: 0.000215 seconds.
  path: Assets/Materials/MetalPlates014_1K_Metalness.jpg
  artifactKey: Guid(d8870244b0b5c374eb98e292471ca0d2) Importer(815301076,1909f56bfc062723c751e8b465ee728b)
Start importing Assets/Materials/MetalPlates014_1K_Metalness.jpg using Guid(d8870244b0b5c374eb98e292471ca0d2) Importer(815301076,1909f56bfc062723c751e8b465ee728b)  -> (artifact id: 'a04dd0c177a361a37ffdaf2cf882c577') in 0.097738 seconds 
  Import took 0.133053 seconds .

========================================================================
Received Import Request.
  Time since last request: 0.016475 seconds.
  path: Assets/Materials/Fabric025_1K_Color.jpg
  artifactKey: Guid(038c8b9c02116504795537d6f0177462) Importer(815301076,1909f56bfc062723c751e8b465ee728b)
Start importing Assets/Materials/Fabric025_1K_Color.jpg using Guid(038c8b9c02116504795537d6f0177462) Importer(815301076,1909f56bfc062723c751e8b465ee728b)  -> (artifact id: '9e21a3c7d87799e63b61f9cf1e014da0') in 0.066058 seconds 
  Import took 0.091096 seconds .

========================================================================
Received Import Request.
  Time since last request: 0.001083 seconds.
  path: Assets/Materials/Fabric025_1K_Displacement.jpg
  artifactKey: Guid(f7d5f834739c8b848a977151c09cba5e) Importer(815301076,1909f56bfc062723c751e8b465ee728b)
Start importing Assets/Materials/Fabric025_1K_Displacement.jpg using Guid(f7d5f834739c8b848a977151c09cba5e) Importer(815301076,1909f56bfc062723c751e8b465ee728b)  -> (artifact id: '7d378b11b674b5791a1fa630918c3161') in 0.122563 seconds 
  Import took 0.151158 seconds .

========================================================================
Received Import Request.
  Time since last request: 0.000216 seconds.
  path: Assets/Materials/Fabric025_1K_NormalDX.jpg
  artifactKey: Guid(fa7947a63f1106d4aad728dc635ca287) Importer(815301076,1909f56bfc062723c751e8b465ee728b)
Start importing Assets/Materials/Fabric025_1K_NormalDX.jpg using Guid(fa7947a63f1106d4aad728dc635ca287) Importer(815301076,1909f56bfc062723c751e8b465ee728b)  -> (artifact id: '92d7d07790b2bf706a5dea7540fb79b4') in 0.034810 seconds 
  Import took 0.063241 seconds .

========================================================================
Received Import Request.
  Time since last request: 0.000259 seconds.
  path: Assets/Materials/Fabric025_1K_Roughness.jpg
  artifactKey: Guid(f0762cbfa6bcbb0458f347ac87625682) Importer(815301076,1909f56bfc062723c751e8b465ee728b)
Start importing Assets/Materials/Fabric025_1K_Roughness.jpg using Guid(f0762cbfa6bcbb0458f347ac87625682) Importer(815301076,1909f56bfc062723c751e8b465ee728b)  -> (artifact id: 'e779d0f4322cf15d76586f9636d6c1b5') in 0.061692 seconds 
  Import took 0.073747 seconds .

========================================================================
Received Import Request.
  Time since last request: 0.000199 seconds.
  path: Assets/Materials/MetalPlates014_PREVIEW.jpg
  artifactKey: Guid(60c04a0966a94f74593d7da1c780b55d) Importer(815301076,1909f56bfc062723c751e8b465ee728b)
Start importing Assets/Materials/MetalPlates014_PREVIEW.jpg using Guid(60c04a0966a94f74593d7da1c780b55d) Importer(815301076,1909f56bfc062723c751e8b465ee728b)  -> (artifact id: '1c283ad018f3f37501db4ff7d414eac9') in 0.080710 seconds 
  Import took 0.115006 seconds .

========================================================================
Received Import Request.
  Time since last request: 0.000234 seconds.
  path: Assets/Materials/MetalPlates014_1K_NormalDX.jpg
  artifactKey: Guid(94ca14af1d1f4b447a9b4d5c7622cea8) Importer(815301076,1909f56bfc062723c751e8b465ee728b)
Start importing Assets/Materials/MetalPlates014_1K_NormalDX.jpg using Guid(94ca14af1d1f4b447a9b4d5c7622cea8) Importer(815301076,1909f56bfc062723c751e8b465ee728b)  -> (artifact id: '729b5079a90534dea175b4995aac0579') in 0.051760 seconds 
  Import took 0.094855 seconds .

========================================================================
Received Import Request.
  Time since last request: 0.000217 seconds.
  path: Assets/Materials/MetalPlates014_1K_NormalGL.jpg
  artifactKey: Guid(e2dc4c41871fece41b110d35cfa80b70) Importer(815301076,1909f56bfc062723c751e8b465ee728b)
Start importing Assets/Materials/MetalPlates014_1K_NormalGL.jpg using Guid(e2dc4c41871fece41b110d35cfa80b70) Importer(815301076,1909f56bfc062723c751e8b465ee728b)  -> (artifact id: '3aad636fda5dab24dbb10ac804ea629a') in 0.041432 seconds 
  Import took 0.063797 seconds .

========================================================================
Received Import Request.
  Time since last request: 0.000296 seconds.
  path: Assets/Materials/MetalPlates014_1K_AmbientOcclusion.jpg
  artifactKey: Guid(512712fa5237c8745aa640ab1abbd500) Importer(815301076,1909f56bfc062723c751e8b465ee728b)
Start importing Assets/Materials/MetalPlates014_1K_AmbientOcclusion.jpg using Guid(512712fa5237c8745aa640ab1abbd500) Importer(815301076,1909f56bfc062723c751e8b465ee728b)  -> (artifact id: '29140c4bb0bd5fcbf043d11022f172c4') in 0.081605 seconds 
  Import took 0.106747 seconds .

========================================================================
Received Import Request.
  Time since last request: 0.000297 seconds.
  path: Assets/Materials/MetalPlates014_1K_Roughness.jpg
  artifactKey: Guid(4c60e5e8a51271e4cb7a63dc48950fff) Importer(815301076,1909f56bfc062723c751e8b465ee728b)
Start importing Assets/Materials/MetalPlates014_1K_Roughness.jpg using Guid(4c60e5e8a51271e4cb7a63dc48950fff) Importer(815301076,1909f56bfc062723c751e8b465ee728b)  -> (artifact id: 'b09d2bf80cc995aea64d343da30a9241') in 0.033751 seconds 
  Import took 0.061435 seconds .

========================================================================
Received Import Request.
  Time since last request: 0.001739 seconds.
  path: Assets/Materials/MetalPlates014_1K_Color.jpg
  artifactKey: Guid(6c4502d0971f9a44c8dbd1ec721d2bbf) Importer(815301076,1909f56bfc062723c751e8b465ee728b)
Start importing Assets/Materials/MetalPlates014_1K_Color.jpg using Guid(6c4502d0971f9a44c8dbd1ec721d2bbf) Importer(815301076,1909f56bfc062723c751e8b465ee728b)  -> (artifact id: '922b5c71e29c073ddb70ad4c51ffa36c') in 0.036736 seconds 
  Import took 0.064714 seconds .

========================================================================
Received Import Request.
  Time since last request: 38.130921 seconds.
  path: Assets/Materials/New Material 7.mat
  artifactKey: Guid(9292cec4e8379b743958bb50ac0651f5) Importer(815301076,1909f56bfc062723c751e8b465ee728b)
Start importing Assets/Materials/New Material 7.mat using Guid(9292cec4e8379b743958bb50ac0651f5) Importer(815301076,1909f56bfc062723c751e8b465ee728b)  -> (artifact id: '7e782d0181937b415d8d86a21a2889f6') in 0.055856 seconds 
  Import took 0.073047 seconds .

========================================================================
Received Prepare
Registering precompiled user dll's ...
Registered in 0.014650 seconds.
Begin MonoManager ReloadAssembly
Native extension for WindowsStandalone target not found
Native extension for WebGL target not found
Refreshing native plugins compatible for Editor in 155.36 ms, found 2 plugins.
Preloading 0 native plugins for Editor in 0.00 ms.
Mono: successfully reloaded assembly
- Completed reload, in  3.828 seconds
Domain Reload Profiling:
	ReloadAssembly (3829ms)
		BeginReloadAssembly (360ms)
			ExecutionOrderSort (0ms)
			DisableScriptedObjects (6ms)
			BackupInstance (0ms)
			ReleaseScriptingObjects (0ms)
			CreateAndSetChildDomain (101ms)
		EndReloadAssembly (3269ms)
			LoadAssemblies (333ms)
			RebuildTransferFunctionScriptingTraits (0ms)
			SetupTypeCache (1031ms)
			ReleaseScriptCaches (2ms)
			RebuildScriptCaches (196ms)
			SetupLoadedEditorAssemblies (926ms)
				LogAssemblyErrors (0ms)
				InitializePlatformSupportModulesInManaged (10ms)
				SetLoadedEditorAssemblies (0ms)
				RefreshPlugins (155ms)
				BeforeProcessingInitializeOnLoad (165ms)
				ProcessInitializeOnLoadAttributes (559ms)
				ProcessInitializeOnLoadMethodAttributes (21ms)
				AfterProcessingInitializeOnLoad (15ms)
				EditorAssembliesLoaded (0ms)
			ExecutionOrderSort2 (0ms)
			AwakeInstancesAfterBackupRestoration (25ms)
Platform modules already initialized, skipping
NullReferenceException: Object reference not set to an instance of an object
  at UnityEngine.Rendering.HighDefinition.HDRenderPipelineAsset.get_defaultShader () [0x00000] in C:\Users\tom\OneDrive\Documents\GitHub\Ludwig-Gam-Jam\LudwigGameJamGame\Library\PackageCache\com.unity.render-pipelines.high-definition@10.8.1\Runtime\RenderPipeline\HDRenderPipelineAsset.cs:313 

Refreshing native plugins compatible for Editor in 0.94 ms, found 2 plugins.
Preloading 0 native plugins for Editor in 0.00 ms.
Unloading 4336 Unused Serialized files (Serialized files now loaded: 0)
System memory in use before: 211.9 MB.
System memory in use after: 212.1 MB.

Unloading 15 unused Assets to reduce memory usage. Loaded Objects now: 5279.
Total: 8.070200 ms (FindLiveObjects: 0.434200 ms CreateObjectMapping: 0.374500 ms MarkObjects: 7.122700 ms  DeleteObjects: 0.137500 ms)

NullReferenceException: Object reference not set to an instance of an object
  at UnityEngine.Rendering.HighDefinition.HDRenderPipelineAsset.get_defaultShader () [0x00000] in C:\Users\tom\OneDrive\Documents\GitHub\Ludwig-Gam-Jam\LudwigGameJamGame\Library\PackageCache\com.unity.render-pipelines.high-definition@10.8.1\Runtime\RenderPipeline\HDRenderPipelineAsset.cs:313 

AssetImportParameters requested are different than current active one (requested -> active):
  custom:framework-win-MediaFoundation: 216162199b28c13a410421893ffa2e32 -> 
  custom:video-decoder-ogg-theora: a1e56fd34408186e4bbccfd4996cb3dc -> 
  custom:container-muxer-webm: aa71ff27fc2769a1b78a27578f13a17b -> 
  custom:container-demuxer-webm: 4f35f7cbe854078d1ac9338744f61a02 -> 
  custom:container-demuxer-ogg: 62fdf1f143b41e24485cea50d1cbac27 -> 
  custom:srp/default-shader: 0d000000000000000000000000000000 -> 00a0da0d000000000000000000000000
  custom:video-encoder-webm-vp8: eb34c28f22e8b96e1ab97ce403110664 -> 
  custom:video-codec-MediaFoundation-h265: 746d11721c4dcdbdad8f713fa42b33f4 -> 
  custom:video-decoder-webm-vp8: 9c59270c3fd7afecdb556c50c9e8de78 -> 
  custom:audio-decoder-ogg-vorbis: bf7c407c2cedff20999df2af8eb42d56 -> 
  custom:audio-encoder-webm-vorbis: bf7c407c2cedff20999df2af8eb42d56 -> 
========================================================================
Received Prepare
Registering precompiled user dll's ...
Registered in 0.009509 seconds.
Begin MonoManager ReloadAssembly
Native extension for WindowsStandalone target not found
Native extension for WebGL target not found
Refreshing native plugins compatible for Editor in 1.90 ms, found 2 plugins.
Preloading 0 native plugins for Editor in 0.00 ms.
Mono: successfully reloaded assembly
- Completed reload, in  3.239 seconds
Domain Reload Profiling:
	ReloadAssembly (3239ms)
		BeginReloadAssembly (346ms)
			ExecutionOrderSort (0ms)
			DisableScriptedObjects (16ms)
			BackupInstance (0ms)
			ReleaseScriptingObjects (0ms)
			CreateAndSetChildDomain (92ms)
		EndReloadAssembly (2749ms)
			LoadAssemblies (310ms)
			RebuildTransferFunctionScriptingTraits (0ms)
			SetupTypeCache (789ms)
			ReleaseScriptCaches (10ms)
			RebuildScriptCaches (125ms)
			SetupLoadedEditorAssemblies (932ms)
				LogAssemblyErrors (0ms)
				InitializePlatformSupportModulesInManaged (14ms)
				SetLoadedEditorAssemblies (1ms)
				RefreshPlugins (2ms)
				BeforeProcessingInitializeOnLoad (211ms)
				ProcessInitializeOnLoadAttributes (645ms)
				ProcessInitializeOnLoadMethodAttributes (32ms)
				AfterProcessingInitializeOnLoad (26ms)
				EditorAssembliesLoaded (0ms)
			ExecutionOrderSort2 (0ms)
			AwakeInstancesAfterBackupRestoration (32ms)
Platform modules already initialized, skipping
Refreshing native plugins compatible for Editor in 0.97 ms, found 2 plugins.
Preloading 0 native plugins for Editor in 0.00 ms.
Unloading 4487 Unused Serialized files (Serialized files now loaded: 0)
System memory in use before: 234.4 MB.
System memory in use after: 234.9 MB.

Unloading 15 unused Assets to reduce memory usage. Loaded Objects now: 5459.
Total: 10.851700 ms (FindLiveObjects: 0.564700 ms CreateObjectMapping: 0.504100 ms MarkObjects: 9.664500 ms  DeleteObjects: 0.115700 ms)

AssetImportParameters requested are different than current active one (requested -> active):
  custom:framework-win-MediaFoundation: 216162199b28c13a410421893ffa2e32 -> 
  custom:video-decoder-ogg-theora: a1e56fd34408186e4bbccfd4996cb3dc -> 
  custom:container-muxer-webm: aa71ff27fc2769a1b78a27578f13a17b -> 
  custom:container-demuxer-webm: 4f35f7cbe854078d1ac9338744f61a02 -> 
  custom:container-demuxer-ogg: 62fdf1f143b41e24485cea50d1cbac27 -> 
  custom:video-encoder-webm-vp8: eb34c28f22e8b96e1ab97ce403110664 -> 
  custom:video-codec-MediaFoundation-h265: 746d11721c4dcdbdad8f713fa42b33f4 -> 
  custom:video-decoder-webm-vp8: 9c59270c3fd7afecdb556c50c9e8de78 -> 
  custom:audio-decoder-ogg-vorbis: bf7c407c2cedff20999df2af8eb42d56 -> 
  custom:audio-encoder-webm-vorbis: bf7c407c2cedff20999df2af8eb42d56 -> 
========================================================================
Received Prepare
Registering precompiled user dll's ...
Registered in 0.025259 seconds.
Begin MonoManager ReloadAssembly
Native extension for WindowsStandalone target not found
Native extension for WebGL target not found
Refreshing native plugins compatible for Editor in 1.30 ms, found 2 plugins.
Preloading 0 native plugins for Editor in 0.00 ms.
Mono: successfully reloaded assembly
- Completed reload, in 76.957 seconds
Domain Reload Profiling:
	ReloadAssembly (76958ms)
		BeginReloadAssembly (55042ms)
			ExecutionOrderSort (0ms)
			DisableScriptedObjects (7ms)
			BackupInstance (0ms)
			ReleaseScriptingObjects (0ms)
			CreateAndSetChildDomain (27316ms)
		EndReloadAssembly (19251ms)
			LoadAssemblies (9442ms)
			RebuildTransferFunctionScriptingTraits (0ms)
			SetupTypeCache (11004ms)
			ReleaseScriptCaches (5ms)
			RebuildScriptCaches (498ms)
			SetupLoadedEditorAssemblies (4241ms)
				LogAssemblyErrors (0ms)
				InitializePlatformSupportModulesInManaged (11ms)
				SetLoadedEditorAssemblies (1ms)
				RefreshPlugins (1ms)
				BeforeProcessingInitializeOnLoad (725ms)
				ProcessInitializeOnLoadAttributes (3429ms)
				ProcessInitializeOnLoadMethodAttributes (29ms)
				AfterProcessingInitializeOnLoad (43ms)
				EditorAssembliesLoaded (0ms)
			ExecutionOrderSort2 (0ms)
			AwakeInstancesAfterBackupRestoration (38ms)
Platform modules already initialized, skipping
Refreshing native plugins compatible for Editor in 1769.34 ms, found 2 plugins.
Preloading 0 native plugins for Editor in 0.00 ms.
Unloading 4317 Unused Serialized files (Serialized files now loaded: 0)
System memory in use before: 229.4 MB.
System memory in use after: 229.8 MB.

Unloading 15 unused Assets to reduce memory usage. Loaded Objects now: 5461.
Total: 2523.789700 ms (FindLiveObjects: 3.201500 ms CreateObjectMapping: 2.063800 ms MarkObjects: 2518.375300 ms  DeleteObjects: 0.146000 ms)

AssetImportParameters requested are different than current active one (requested -> active):
  custom:framework-win-MediaFoundation: 216162199b28c13a410421893ffa2e32 -> 
  custom:video-decoder-ogg-theora: a1e56fd34408186e4bbccfd4996cb3dc -> 
  custom:container-muxer-webm: aa71ff27fc2769a1b78a27578f13a17b -> 
  custom:container-demuxer-webm: 4f35f7cbe854078d1ac9338744f61a02 -> 
  custom:container-demuxer-ogg: 62fdf1f143b41e24485cea50d1cbac27 -> 
  custom:video-encoder-webm-vp8: eb34c28f22e8b96e1ab97ce403110664 -> 
  custom:video-codec-MediaFoundation-h265: 746d11721c4dcdbdad8f713fa42b33f4 -> 
  custom:video-decoder-webm-vp8: 9c59270c3fd7afecdb556c50c9e8de78 -> 
  custom:audio-decoder-ogg-vorbis: bf7c407c2cedff20999df2af8eb42d56 -> 
  custom:audio-encoder-webm-vorbis: bf7c407c2cedff20999df2af8eb42d56 -> 
========================================================================
Received Prepare
Registering precompiled user dll's ...
Registered in 0.042799 seconds.
Begin MonoManager ReloadAssembly
Native extension for WindowsStandalone target not found
Native extension for WebGL target not found
Refreshing native plugins compatible for Editor in 1.74 ms, found 2 plugins.
Preloading 0 native plugins for Editor in 0.00 ms.
Mono: successfully reloaded assembly
- Completed reload, in 14.820 seconds
Domain Reload Profiling:
	ReloadAssembly (14820ms)
		BeginReloadAssembly (719ms)
			ExecutionOrderSort (0ms)
			DisableScriptedObjects (11ms)
			BackupInstance (0ms)
			ReleaseScriptingObjects (0ms)
			CreateAndSetChildDomain (254ms)
		EndReloadAssembly (13815ms)
			LoadAssemblies (764ms)
			RebuildTransferFunctionScriptingTraits (0ms)
			SetupTypeCache (5340ms)
			ReleaseScriptCaches (54ms)
			RebuildScriptCaches (640ms)
			SetupLoadedEditorAssemblies (4042ms)
				LogAssemblyErrors (0ms)
				InitializePlatformSupportModulesInManaged (39ms)
				SetLoadedEditorAssemblies (17ms)
				RefreshPlugins (2ms)
				BeforeProcessingInitializeOnLoad (765ms)
				ProcessInitializeOnLoadAttributes (2968ms)
				ProcessInitializeOnLoadMethodAttributes (195ms)
				AfterProcessingInitializeOnLoad (57ms)
				EditorAssembliesLoaded (0ms)
			ExecutionOrderSort2 (0ms)
			AwakeInstancesAfterBackupRestoration (95ms)
Platform modules already initialized, skipping
Refreshing native plugins compatible for Editor in 1.05 ms, found 2 plugins.
Preloading 0 native plugins for Editor in 0.00 ms.
Unloading 4317 Unused Serialized files (Serialized files now loaded: 0)
System memory in use before: 229.6 MB.
System memory in use after: 230.0 MB.

Unloading 15 unused Assets to reduce memory usage. Loaded Objects now: 5463.
Total: 10.571400 ms (FindLiveObjects: 0.667700 ms CreateObjectMapping: 0.655500 ms MarkObjects: 9.069400 ms  DeleteObjects: 0.176900 ms)

AssetImportParameters requested are different than current active one (requested -> active):
  custom:framework-win-MediaFoundation: 216162199b28c13a410421893ffa2e32 -> 
  custom:video-decoder-ogg-theora: a1e56fd34408186e4bbccfd4996cb3dc -> 
  custom:container-muxer-webm: aa71ff27fc2769a1b78a27578f13a17b -> 
  custom:container-demuxer-webm: 4f35f7cbe854078d1ac9338744f61a02 -> 
  custom:container-demuxer-ogg: 62fdf1f143b41e24485cea50d1cbac27 -> 
  custom:video-encoder-webm-vp8: eb34c28f22e8b96e1ab97ce403110664 -> 
  custom:video-codec-MediaFoundation-h265: 746d11721c4dcdbdad8f713fa42b33f4 -> 
  custom:video-decoder-webm-vp8: 9c59270c3fd7afecdb556c50c9e8de78 -> 
  custom:audio-decoder-ogg-vorbis: bf7c407c2cedff20999df2af8eb42d56 -> 
  custom:audio-encoder-webm-vorbis: bf7c407c2cedff20999df2af8eb42d56 -> 
========================================================================
Received Prepare
Registering precompiled user dll's ...
Registered in 0.050571 seconds.
Begin MonoManager ReloadAssembly
Native extension for WindowsStandalone target not found
Native extension for WebGL target not found
Refreshing native plugins compatible for Editor in 1.19 ms, found 2 plugins.
Preloading 0 native plugins for Editor in 0.00 ms.
Mono: successfully reloaded assembly
- Completed reload, in 37.826 seconds
Domain Reload Profiling:
	ReloadAssembly (37827ms)
		BeginReloadAssembly (919ms)
			ExecutionOrderSort (0ms)
			DisableScriptedObjects (60ms)
			BackupInstance (0ms)
			ReleaseScriptingObjects (0ms)
			CreateAndSetChildDomain (239ms)
		EndReloadAssembly (36609ms)
			LoadAssemblies (881ms)
			RebuildTransferFunctionScriptingTraits (0ms)
			SetupTypeCache (2480ms)
			ReleaseScriptCaches (54ms)
			RebuildScriptCaches (2175ms)
			SetupLoadedEditorAssemblies (10131ms)
				LogAssemblyErrors (0ms)
				InitializePlatformSupportModulesInManaged (24ms)
				SetLoadedEditorAssemblies (3ms)
				RefreshPlugins (1ms)
				BeforeProcessingInitializeOnLoad (282ms)
				ProcessInitializeOnLoadAttributes (9771ms)
				ProcessInitializeOnLoadMethodAttributes (26ms)
				AfterProcessingInitializeOnLoad (23ms)
				EditorAssembliesLoaded (0ms)
			ExecutionOrderSort2 (0ms)
			AwakeInstancesAfterBackupRestoration (61ms)
Platform modules already initialized, skipping
Refreshing native plugins compatible for Editor in 1.21 ms, found 2 plugins.
Preloading 0 native plugins for Editor in 0.00 ms.
Unloading 4317 Unused Serialized files (Serialized files now loaded: 0)
System memory in use before: 229.6 MB.
System memory in use after: 230.0 MB.

Unloading 15 unused Assets to reduce memory usage. Loaded Objects now: 5465.
Total: 14.821200 ms (FindLiveObjects: 0.500100 ms CreateObjectMapping: 0.474100 ms MarkObjects: 13.286000 ms  DeleteObjects: 0.559400 ms)

AssetImportParameters requested are different than current active one (requested -> active):
  custom:framework-win-MediaFoundation: 216162199b28c13a410421893ffa2e32 -> 
  custom:video-decoder-ogg-theora: a1e56fd34408186e4bbccfd4996cb3dc -> 
  custom:container-muxer-webm: aa71ff27fc2769a1b78a27578f13a17b -> 
  custom:container-demuxer-webm: 4f35f7cbe854078d1ac9338744f61a02 -> 
  custom:container-demuxer-ogg: 62fdf1f143b41e24485cea50d1cbac27 -> 
  custom:video-encoder-webm-vp8: eb34c28f22e8b96e1ab97ce403110664 -> 
  custom:video-codec-MediaFoundation-h265: 746d11721c4dcdbdad8f713fa42b33f4 -> 
  custom:video-decoder-webm-vp8: 9c59270c3fd7afecdb556c50c9e8de78 -> 
  custom:audio-decoder-ogg-vorbis: bf7c407c2cedff20999df2af8eb42d56 -> 
  custom:audio-encoder-webm-vorbis: bf7c407c2cedff20999df2af8eb42d56 -> 
========================================================================
Received Import Request.
  Time since last request: 1297.479620 seconds.
  path: Assets/Scenes/level1.unity
  artifactKey: Guid(2d7d8324893cada44863dde4858f25d2) Importer(815301076,1909f56bfc062723c751e8b465ee728b)
Start importing Assets/Scenes/level1.unity using Guid(2d7d8324893cada44863dde4858f25d2) Importer(815301076,1909f56bfc062723c751e8b465ee728b)  -> (artifact id: 'ce10d55d4168341e33d5e7db38a7b28a') in 0.072595 seconds 
  Import took 0.096605 seconds .

========================================================================
Received Prepare
Registering precompiled user dll's ...
Registered in 0.007803 seconds.
Begin MonoManager ReloadAssembly
Native extension for WindowsStandalone target not found
Native extension for WebGL target not found
Refreshing native plugins compatible for Editor in 1.25 ms, found 2 plugins.
Preloading 0 native plugins for Editor in 0.00 ms.
Mono: successfully reloaded assembly
- Completed reload, in  4.999 seconds
Domain Reload Profiling:
	ReloadAssembly (5000ms)
		BeginReloadAssembly (468ms)
			ExecutionOrderSort (0ms)
			DisableScriptedObjects (8ms)
			BackupInstance (0ms)
			ReleaseScriptingObjects (3ms)
			CreateAndSetChildDomain (95ms)
		EndReloadAssembly (4386ms)
			LoadAssemblies (533ms)
			RebuildTransferFunctionScriptingTraits (0ms)
			SetupTypeCache (1241ms)
			ReleaseScriptCaches (3ms)
			RebuildScriptCaches (414ms)
			SetupLoadedEditorAssemblies (1345ms)
				LogAssemblyErrors (0ms)
				InitializePlatformSupportModulesInManaged (9ms)
				SetLoadedEditorAssemblies (1ms)
				RefreshPlugins (1ms)
				BeforeProcessingInitializeOnLoad (229ms)
				ProcessInitializeOnLoadAttributes (1066ms)
				ProcessInitializeOnLoadMethodAttributes (22ms)
				AfterProcessingInitializeOnLoad (18ms)
				EditorAssembliesLoaded (0ms)
			ExecutionOrderSort2 (0ms)
			AwakeInstancesAfterBackupRestoration (45ms)
Platform modules already initialized, skipping
Refreshing native plugins compatible for Editor in 1.91 ms, found 2 plugins.
Preloading 0 native plugins for Editor in 0.00 ms.
Unloading 4317 Unused Serialized files (Serialized files now loaded: 0)
System memory in use before: 229.6 MB.
System memory in use after: 230.1 MB.

Unloading 15 unused Assets to reduce memory usage. Loaded Objects now: 5467.
Total: 7.525200 ms (FindLiveObjects: 0.519100 ms CreateObjectMapping: 0.449100 ms MarkObjects: 6.449900 ms  DeleteObjects: 0.105400 ms)

AssetImportParameters requested are different than current active one (requested -> active):
  custom:framework-win-MediaFoundation: 216162199b28c13a410421893ffa2e32 -> 
  custom:video-decoder-ogg-theora: a1e56fd34408186e4bbccfd4996cb3dc -> 
  custom:container-muxer-webm: aa71ff27fc2769a1b78a27578f13a17b -> 
  custom:container-demuxer-webm: 4f35f7cbe854078d1ac9338744f61a02 -> 
  custom:container-demuxer-ogg: 62fdf1f143b41e24485cea50d1cbac27 -> 
  custom:video-encoder-webm-vp8: eb34c28f22e8b96e1ab97ce403110664 -> 
  custom:video-codec-MediaFoundation-h265: 746d11721c4dcdbdad8f713fa42b33f4 -> 
  custom:video-decoder-webm-vp8: 9c59270c3fd7afecdb556c50c9e8de78 -> 
  custom:audio-decoder-ogg-vorbis: bf7c407c2cedff20999df2af8eb42d56 -> 
  custom:audio-encoder-webm-vorbis: bf7c407c2cedff20999df2af8eb42d56 -> 
========================================================================
Received Import Request.
  Time since last request: 73.284341 seconds.
  path: Assets/Materials/New Material 6.mat
  artifactKey: Guid(30d143d0cf3cb2846a8e27c4556e934a) Importer(815301076,1909f56bfc062723c751e8b465ee728b)
Start importing Assets/Materials/New Material 6.mat using Guid(30d143d0cf3cb2846a8e27c4556e934a) Importer(815301076,1909f56bfc062723c751e8b465ee728b)  -> (artifact id: 'b42817abb7505e61fc3f3503d1b74aaa') in 37.222083 seconds 
  Import took 44.702154 seconds .

========================================================================
Received Import Request.
  Time since last request: 15.011681 seconds.
  path: Assets/Scenes/play.unity
  artifactKey: Guid(acb66ea9e66c2474cb8063bf27531803) Importer(815301076,1909f56bfc062723c751e8b465ee728b)
Start importing Assets/Scenes/play.unity using Guid(acb66ea9e66c2474cb8063bf27531803) Importer(815301076,1909f56bfc062723c751e8b465ee728b)  -> (artifact id: '491aff222a40eea8c414b23a0912e962') in 0.031258 seconds 
  Import took 0.052204 seconds .

========================================================================
Received Prepare
Registering precompiled user dll's ...
Registered in 0.042886 seconds.
Begin MonoManager ReloadAssembly
Native extension for WindowsStandalone target not found
Native extension for WebGL target not found
Refreshing native plugins compatible for Editor in 5.19 ms, found 2 plugins.
Preloading 0 native plugins for Editor in 0.00 ms.
Mono: successfully reloaded assembly
- Completed reload, in  3.779 seconds
Domain Reload Profiling:
	ReloadAssembly (3780ms)
		BeginReloadAssembly (820ms)
			ExecutionOrderSort (0ms)
			DisableScriptedObjects (163ms)
			BackupInstance (0ms)
			ReleaseScriptingObjects (0ms)
			CreateAndSetChildDomain (330ms)
		EndReloadAssembly (2545ms)
			LoadAssemblies (406ms)
			RebuildTransferFunctionScriptingTraits (0ms)
			SetupTypeCache (799ms)
			ReleaseScriptCaches (3ms)
			RebuildScriptCaches (171ms)
			SetupLoadedEditorAssemblies (787ms)
				LogAssemblyErrors (0ms)
				InitializePlatformSupportModulesInManaged (9ms)
				SetLoadedEditorAssemblies (2ms)
				RefreshPlugins (5ms)
				BeforeProcessingInitializeOnLoad (166ms)
				ProcessInitializeOnLoadAttributes (574ms)
				ProcessInitializeOnLoadMethodAttributes (18ms)
				AfterProcessingInitializeOnLoad (13ms)
				EditorAssembliesLoaded (0ms)
			ExecutionOrderSort2 (0ms)
			AwakeInstancesAfterBackupRestoration (45ms)
Platform modules already initialized, skipping
Refreshing native plugins compatible for Editor in 1.15 ms, found 2 plugins.
Preloading 0 native plugins for Editor in 0.00 ms.
Unloading 4317 Unused Serialized files (Serialized files now loaded: 0)
System memory in use before: 231.8 MB.
System memory in use after: 232.2 MB.

Unloading 15 unused Assets to reduce memory usage. Loaded Objects now: 5570.
Total: 19.987500 ms (FindLiveObjects: 1.067800 ms CreateObjectMapping: 0.658200 ms MarkObjects: 18.001200 ms  DeleteObjects: 0.111600 ms)

AssetImportParameters requested are different than current active one (requested -> active):
  custom:framework-win-MediaFoundation: 216162199b28c13a410421893ffa2e32 -> 
  custom:video-decoder-ogg-theora: a1e56fd34408186e4bbccfd4996cb3dc -> 
  custom:container-muxer-webm: aa71ff27fc2769a1b78a27578f13a17b -> 
  custom:container-demuxer-webm: 4f35f7cbe854078d1ac9338744f61a02 -> 
  custom:container-demuxer-ogg: 62fdf1f143b41e24485cea50d1cbac27 -> 
  custom:video-encoder-webm-vp8: eb34c28f22e8b96e1ab97ce403110664 -> 
  custom:video-codec-MediaFoundation-h265: 746d11721c4dcdbdad8f713fa42b33f4 -> 
  custom:video-decoder-webm-vp8: 9c59270c3fd7afecdb556c50c9e8de78 -> 
  custom:audio-decoder-ogg-vorbis: bf7c407c2cedff20999df2af8eb42d56 -> 
  custom:audio-encoder-webm-vorbis: bf7c407c2cedff20999df2af8eb42d56 -> 
========================================================================
Received Import Request.
  Time since last request: 14.332266 seconds.
  path: Assets/Scenes/Test1.unity
  artifactKey: Guid(764d96f3e9ca30b428c5c44c048b1725) Importer(815301076,1909f56bfc062723c751e8b465ee728b)
Start importing Assets/Scenes/Test1.unity using Guid(764d96f3e9ca30b428c5c44c048b1725) Importer(815301076,1909f56bfc062723c751e8b465ee728b)  -> (artifact id: '7d9d39736cd58b854dbea4e319b30ffc') in 0.138803 seconds 
  Import took 0.304829 seconds .

========================================================================
Received Import Request.
  Time since last request: 232.062108 seconds.
  path: Assets/Materials/New Material 5.mat
  artifactKey: Guid(621fe506316a8e04cae9a85d1757f3fa) Importer(815301076,1909f56bfc062723c751e8b465ee728b)
Start importing Assets/Materials/New Material 5.mat using Guid(621fe506316a8e04cae9a85d1757f3fa) Importer(815301076,1909f56bfc062723c751e8b465ee728b)  -> (artifact id: 'e47df2a40d619ffae6124c09dc454b7b') in 1.622060 seconds 
  Import took 1.645441 seconds .

========================================================================
Received Import Request.
  Time since last request: 296.519841 seconds.
  path: Assets/audio
  artifactKey: Guid(124830e60c50bb042bbdac784b02bc2e) Importer(815301076,1909f56bfc062723c751e8b465ee728b)
Start importing Assets/audio using Guid(124830e60c50bb042bbdac784b02bc2e) Importer(815301076,1909f56bfc062723c751e8b465ee728b)  -> (artifact id: '4faf784bb7256eb85a3fd33905d83b4b') in 0.026173 seconds 
  Import took 0.065957 seconds .

========================================================================
Received Import Request.
  Time since last request: 10.997809 seconds.
  path: Assets/audio/campfire-1.mp3
  artifactKey: Guid(c926e3793533feb49ba69e71a171b5f4) Importer(815301076,1909f56bfc062723c751e8b465ee728b)
Start importing Assets/audio/campfire-1.mp3 using Guid(c926e3793533feb49ba69e71a171b5f4) Importer(815301076,1909f56bfc062723c751e8b465ee728b)  -> (artifact id: '01127dde0bbafb73b30160d92372e501') in 0.301497 seconds 
  Import took 0.326021 seconds .

========================================================================
Received Prepare
Registering precompiled user dll's ...
Registered in 0.008008 seconds.
Begin MonoManager ReloadAssembly
Native extension for WindowsStandalone target not found
Native extension for WebGL target not found
Refreshing native plugins compatible for Editor in 1.32 ms, found 2 plugins.
Preloading 0 native plugins for Editor in 0.00 ms.
Mono: successfully reloaded assembly
- Completed reload, in  3.759 seconds
Domain Reload Profiling:
	ReloadAssembly (3760ms)
		BeginReloadAssembly (553ms)
			ExecutionOrderSort (0ms)
			DisableScriptedObjects (73ms)
			BackupInstance (0ms)
			ReleaseScriptingObjects (1ms)
			CreateAndSetChildDomain (177ms)
		EndReloadAssembly (3051ms)
			LoadAssemblies (362ms)
			RebuildTransferFunctionScriptingTraits (0ms)
			SetupTypeCache (1165ms)
			ReleaseScriptCaches (5ms)
			RebuildScriptCaches (226ms)
			SetupLoadedEditorAssemblies (910ms)
				LogAssemblyErrors (0ms)
				InitializePlatformSupportModulesInManaged (9ms)
				SetLoadedEditorAssemblies (1ms)
				RefreshPlugins (3ms)
				BeforeProcessingInitializeOnLoad (207ms)
				ProcessInitializeOnLoadAttributes (638ms)
				ProcessInitializeOnLoadMethodAttributes (27ms)
				AfterProcessingInitializeOnLoad (25ms)
				EditorAssembliesLoaded (0ms)
			ExecutionOrderSort2 (0ms)
			AwakeInstancesAfterBackupRestoration (59ms)
Platform modules already initialized, skipping
Refreshing native plugins compatible for Editor in 1.92 ms, found 2 plugins.
Preloading 0 native plugins for Editor in 0.00 ms.
Unloading 4317 Unused Serialized files (Serialized files now loaded: 0)
System memory in use before: 232.0 MB.
System memory in use after: 232.4 MB.

Unloading 15 unused Assets to reduce memory usage. Loaded Objects now: 5675.
Total: 39.343600 ms (FindLiveObjects: 2.774900 ms CreateObjectMapping: 11.806300 ms MarkObjects: 24.636500 ms  DeleteObjects: 0.124200 ms)

AssetImportParameters requested are different than current active one (requested -> active):
  custom:framework-win-MediaFoundation: 216162199b28c13a410421893ffa2e32 -> 
  custom:video-decoder-ogg-theora: a1e56fd34408186e4bbccfd4996cb3dc -> 
  custom:container-muxer-webm: aa71ff27fc2769a1b78a27578f13a17b -> 
  custom:container-demuxer-webm: 4f35f7cbe854078d1ac9338744f61a02 -> 
  custom:container-demuxer-ogg: 62fdf1f143b41e24485cea50d1cbac27 -> 
  custom:video-encoder-webm-vp8: eb34c28f22e8b96e1ab97ce403110664 -> 
  custom:video-codec-MediaFoundation-h265: 746d11721c4dcdbdad8f713fa42b33f4 -> 
  custom:video-decoder-webm-vp8: 9c59270c3fd7afecdb556c50c9e8de78 -> 
  custom:audio-decoder-ogg-vorbis: bf7c407c2cedff20999df2af8eb42d56 -> 
  custom:audio-encoder-webm-vorbis: bf7c407c2cedff20999df2af8eb42d56 -> 
========================================================================
Received Import Request.
  Time since last request: 2527.748521 seconds.
  path: Assets/Scenes/level1.unity
  artifactKey: Guid(2d7d8324893cada44863dde4858f25d2) Importer(815301076,1909f56bfc062723c751e8b465ee728b)
Start importing Assets/Scenes/level1.unity using Guid(2d7d8324893cada44863dde4858f25d2) Importer(815301076,1909f56bfc062723c751e8b465ee728b)  -> (artifact id: '51d0879b65237e5c68a463618d7f61f2') in 0.050062 seconds 
  Import took 0.068074 seconds .

AssetImportWorkerClient::OnTransportError - code=2 error=End of file
