Using pre-set license
Built from '2020.3/staging' branch; Version is '2020.3.29f1 (2ff179115da0) revision 3142009'; Using compiler version '192528614'; Build Type 'Release'
OS: 'Windows 10  (10.0.19045) 64bit Core' Language: 'en' Physical Memory: 16253 MB
BatchMode: 1, IsHumanControllingUs: 0, StartBugReporterOnCrash: 0, Is64bit: 1, IsPro: 0

COMMAND LINE ARGUMENTS:
C:\Program Files\Unity\Hub\Editor\2020.3.29f1\Editor\Unity.exe
-adb2
-batchMode
-noUpm
-name
AssetImportWorker0
-projectPath
C:/Users/carte/OneDrive/Documents/Ludwig-Game-Jam/LudwigGameJamGame
-logFile
Logs/AssetImportWorker0.log
-srvPort
56550
Successfully changed project path to: C:/Users/carte/OneDrive/Documents/Ludwig-Game-Jam/LudwigGameJamGame
C:/Users/carte/OneDrive/Documents/Ludwig-Game-Jam/LudwigGameJamGame
Using Asset Import Pipeline V2.
Refreshing native plugins compatible for Editor in 75.36 ms, found 2 plugins.
Preloading 0 native plugins for Editor in 0.00 ms.
Initialize engine version: 2020.3.29f1 (2ff179115da0)
[Subsystems] Discovering subsystems at path C:/Program Files/Unity/Hub/Editor/2020.3.29f1/Editor/Data/Resources/UnitySubsystems
[Subsystems] Discovering subsystems at path C:/Users/carte/OneDrive/Documents/Ludwig-Game-Jam/LudwigGameJamGame/Assets
GfxDevice: creating device client; threaded=0
Direct3D:
    Version:  Direct3D 11.0 [level 11.1]
    Renderer: AMD Radeon RX 6500 XT (ID=0x743f)
    Vendor:   
    VRAM:     4051 MB
    Driver:   30.0.14023.3004
Initialize mono
Mono path[0] = 'C:/Program Files/Unity/Hub/Editor/2020.3.29f1/Editor/Data/Managed'
Mono path[1] = 'C:/Program Files/Unity/Hub/Editor/2020.3.29f1/Editor/Data/MonoBleedingEdge/lib/mono/unityjit'
Mono config path = 'C:/Program Files/Unity/Hub/Editor/2020.3.29f1/Editor/Data/MonoBleedingEdge/etc'
Using monoOptions --debugger-agent=transport=dt_socket,embedding=1,server=y,suspend=n,address=127.0.0.1:56032
Begin MonoManager ReloadAssembly
Registering precompiled unity dll's ...
Register platform support module: C:/Program Files/Unity/Hub/Editor/2020.3.29f1/Editor/Data/PlaybackEngines/WebGLSupport/UnityEditor.WebGL.Extensions.dll
Register platform support module: C:/Program Files/Unity/Hub/Editor/2020.3.29f1/Editor/Data/PlaybackEngines/WindowsStandaloneSupport/UnityEditor.WindowsStandalone.Extensions.dll
Registered in 0.002117 seconds.
Native extension for WindowsStandalone target not found
Native extension for WebGL target not found
Refreshing native plugins compatible for Editor in 73.10 ms, found 2 plugins.
Preloading 0 native plugins for Editor in 0.00 ms.
Mono: successfully reloaded assembly
- Completed reload, in  0.452 seconds
Domain Reload Profiling:
	ReloadAssembly (452ms)
		BeginReloadAssembly (48ms)
			ExecutionOrderSort (0ms)
			DisableScriptedObjects (0ms)
			BackupInstance (0ms)
			ReleaseScriptingObjects (0ms)
			CreateAndSetChildDomain (1ms)
		EndReloadAssembly (350ms)
			LoadAssemblies (47ms)
			RebuildTransferFunctionScriptingTraits (0ms)
			SetupTypeCache (98ms)
			ReleaseScriptCaches (0ms)
			RebuildScriptCaches (19ms)
			SetupLoadedEditorAssemblies (163ms)
				LogAssemblyErrors (0ms)
				InitializePlatformSupportModulesInManaged (4ms)
				SetLoadedEditorAssemblies (0ms)
				RefreshPlugins (73ms)
				BeforeProcessingInitializeOnLoad (7ms)
				ProcessInitializeOnLoadAttributes (60ms)
				ProcessInitializeOnLoadMethodAttributes (19ms)
				AfterProcessingInitializeOnLoad (0ms)
				EditorAssembliesLoaded (0ms)
			ExecutionOrderSort2 (0ms)
			AwakeInstancesAfterBackupRestoration (0ms)
Platform modules already initialized, skipping
Registering precompiled user dll's ...
Registered in 0.003424 seconds.
Begin MonoManager ReloadAssembly
Symbol file data-000002167B938010 doesn't match image C:\Users\carte\OneDrive\Documents\Ludwig-Game-Jam\LudwigGameJamGame\Library\ScriptAssemblies\Unity.VisualEffectGraph.Editor.dll
Symbol file LoadedFromMemory is not a mono symbol file
Symbol file data-000002167AC4C820 doesn't match image C:\Users\carte\OneDrive\Documents\Ludwig-Game-Jam\LudwigGameJamGame\Library\ScriptAssemblies\Unity.VSCode.Editor.dll
Symbol file LoadedFromMemory is not a mono symbol file
Symbol file data-000002167969B010 doesn't match image C:\Users\carte\OneDrive\Documents\Ludwig-Game-Jam\LudwigGameJamGame\Library\ScriptAssemblies\Unity.TextMeshPro.Editor.dll
Symbol file LoadedFromMemory is not a mono symbol file
Symbol file data-000002167B83C020 doesn't match image C:\Users\carte\OneDrive\Documents\Ludwig-Game-Jam\LudwigGameJamGame\Library\ScriptAssemblies\Unity.VisualStudio.Editor.dll
Symbol file LoadedFromMemory is not a mono symbol file
Symbol file data-000002167B876FF0 doesn't match image C:\Users\carte\OneDrive\Documents\Ludwig-Game-Jam\LudwigGameJamGame\Library\ScriptAssemblies\Unity.ProBuilder.AddOns.Editor.dll
Symbol file LoadedFromMemory is not a mono symbol file
Symbol file data-000002167AC4C820 doesn't match image C:\Users\carte\OneDrive\Documents\Ludwig-Game-Jam\LudwigGameJamGame\Library\ScriptAssemblies\Unity.VisualEffectGraph.Runtime.dll
Symbol file LoadedFromMemory is not a mono symbol file
Symbol file data-000002167A98CAA0 doesn't match image C:\Users\carte\OneDrive\Documents\Ludwig-Game-Jam\LudwigGameJamGame\Library\ScriptAssemblies\UnityEngine.TestRunner.dll
Symbol file LoadedFromMemory is not a mono symbol file
Symbol file data-000002167AAB2420 doesn't match image C:\Users\carte\OneDrive\Documents\Ludwig-Game-Jam\LudwigGameJamGame\Library\ScriptAssemblies\Unity.Timeline.dll
Symbol file LoadedFromMemory is not a mono symbol file
Symbol file data-000002167AAB2420 doesn't match image C:\Users\carte\OneDrive\Documents\Ludwig-Game-Jam\LudwigGameJamGame\Library\ScriptAssemblies\Unity.TextMeshPro.dll
Symbol file LoadedFromMemory is not a mono symbol file
Symbol file data-000002167A2A3660 doesn't match image C:\Users\carte\OneDrive\Documents\Ludwig-Game-Jam\LudwigGameJamGame\Library\ScriptAssemblies\UnityEditor.TestRunner.dll
Symbol file LoadedFromMemory is not a mono symbol file
Symbol file data-000002167BC57020 doesn't match image C:\Users\carte\OneDrive\Documents\Ludwig-Game-Jam\LudwigGameJamGame\Library\ScriptAssemblies\Unity.RenderPipelines.HighDefinition.Runtime.dll
Symbol file LoadedFromMemory is not a mono symbol file
Symbol file data-000002167A32ACB0 doesn't match image C:\Users\carte\OneDrive\Documents\Ludwig-Game-Jam\LudwigGameJamGame\Library\ScriptAssemblies\Unity.ProBuilder.Csg.dll
Symbol file LoadedFromMemory is not a mono symbol file
Symbol file data-000002148A9C1030 doesn't match image C:\Users\carte\OneDrive\Documents\Ludwig-Game-Jam\LudwigGameJamGame\Library\ScriptAssemblies\Unity.ShaderGraph.Utilities.dll
Symbol file LoadedFromMemory is not a mono symbol file
Symbol file data-000002167AC4C820 doesn't match image C:\Users\carte\OneDrive\Documents\Ludwig-Game-Jam\LudwigGameJamGame\Library\ScriptAssemblies\Unity.Searcher.Editor.dll
Symbol file LoadedFromMemory is not a mono symbol file
Symbol file data-000002167A2A3660 doesn't match image C:\Users\carte\OneDrive\Documents\Ludwig-Game-Jam\LudwigGameJamGame\Library\ScriptAssemblies\Unity.RenderPipelines.Core.Runtime.dll
Symbol file LoadedFromMemory is not a mono symbol file
Symbol file data-000002167AAB2420 doesn't match image C:\Users\carte\OneDrive\Documents\Ludwig-Game-Jam\LudwigGameJamGame\Library\ScriptAssemblies\Unity.ProBuilder.dll
Symbol file LoadedFromMemory is not a mono symbol file
Symbol file data-000002167B9C8010 doesn't match image C:\Users\carte\OneDrive\Documents\Ludwig-Game-Jam\LudwigGameJamGame\Library\ScriptAssemblies\Unity.RenderPipelines.HighDefinition.Editor.dll
Symbol file LoadedFromMemory is not a mono symbol file
Symbol file data-000002167B9C8010 doesn't match image C:\Users\carte\OneDrive\Documents\Ludwig-Game-Jam\LudwigGameJamGame\Library\ScriptAssemblies\Unity.ProBuilder.Editor.dll
Symbol file LoadedFromMemory is not a mono symbol file
Symbol file data-000002167B83C020 doesn't match image C:\Users\carte\OneDrive\Documents\Ludwig-Game-Jam\LudwigGameJamGame\Library\ScriptAssemblies\UnityEditor.UI.dll
Symbol file LoadedFromMemory is not a mono symbol file
Symbol file data-000002167A397DF0 doesn't match image C:\Users\carte\OneDrive\Documents\Ludwig-Game-Jam\LudwigGameJamGame\Library\ScriptAssemblies\Unity.InputSystem.dll
Symbol file LoadedFromMemory is not a mono symbol file
Symbol file data-000002167B83C020 doesn't match image C:\Users\carte\OneDrive\Documents\Ludwig-Game-Jam\LudwigGameJamGame\Library\ScriptAssemblies\Unity.Rider.Editor.dll
Symbol file LoadedFromMemory is not a mono symbol file
Symbol file data-000002167AA80590 doesn't match image C:\Users\carte\OneDrive\Documents\Ludwig-Game-Jam\LudwigGameJamGame\Library\ScriptAssemblies\Unity.RenderPipelines.Core.ShaderLibrary.dll
Symbol file LoadedFromMemory is not a mono symbol file
Symbol file data-000002167B83E030 doesn't match image C:\Users\carte\OneDrive\Documents\Ludwig-Game-Jam\LudwigGameJamGame\Library\ScriptAssemblies\Unity.ProGrids.Editor.dll
Symbol file LoadedFromMemory is not a mono symbol file
Symbol file data-000002167AAB2420 doesn't match image C:\Users\carte\OneDrive\Documents\Ludwig-Game-Jam\LudwigGameJamGame\Library\ScriptAssemblies\UnityEngine.UI.dll
Symbol file LoadedFromMemory is not a mono symbol file
Symbol file data-000002167B83E030 doesn't match image C:\Users\carte\OneDrive\Documents\Ludwig-Game-Jam\LudwigGameJamGame\Library\ScriptAssemblies\Unity.ProBuilder.Poly2Tri.dll
Symbol file LoadedFromMemory is not a mono symbol file
Symbol file data-000002167AAF0010 doesn't match image C:\Users\carte\OneDrive\Documents\Ludwig-Game-Jam\LudwigGameJamGame\Library\ScriptAssemblies\Unity.PlasticSCM.Editor.dll
Symbol file LoadedFromMemory is not a mono symbol file
Symbol file data-000002167BCC7850 doesn't match image C:\Users\carte\OneDrive\Documents\Ludwig-Game-Jam\LudwigGameJamGame\Library\ScriptAssemblies\Unity.ProBuilder.KdTree.dll
Symbol file LoadedFromMemory is not a mono symbol file
Symbol file data-000002167AFFF010 doesn't match image C:\Users\carte\OneDrive\Documents\Ludwig-Game-Jam\LudwigGameJamGame\Library\ScriptAssemblies\Unity.ShaderGraph.Editor.dll
Symbol file LoadedFromMemory is not a mono symbol file
Symbol file data-000002167B83E030 doesn't match image C:\Users\carte\OneDrive\Documents\Ludwig-Game-Jam\LudwigGameJamGame\Library\ScriptAssemblies\Unity.Services.Core.Editor.dll
Symbol file LoadedFromMemory is not a mono symbol file
Symbol file data-000002167AB27620 doesn't match image C:\Users\carte\OneDrive\Documents\Ludwig-Game-Jam\LudwigGameJamGame\Library\ScriptAssemblies\Cinemachine.dll
Symbol file LoadedFromMemory is not a mono symbol file
Symbol file data-000002167AB27620 doesn't match image C:\Users\carte\OneDrive\Documents\Ludwig-Game-Jam\LudwigGameJamGame\Library\ScriptAssemblies\com.unity.cinemachine.editor.dll
Symbol file LoadedFromMemory is not a mono symbol file
Symbol file data-000002167A863630 doesn't match image C:\Users\carte\OneDrive\Documents\Ludwig-Game-Jam\LudwigGameJamGame\Library\ScriptAssemblies\Unity.ProBuilder.AssetIdRemapUtility.dll
Symbol file LoadedFromMemory is not a mono symbol file
Symbol file data-000002167BA0F430 doesn't match image C:\Users\carte\OneDrive\Documents\Ludwig-Game-Jam\LudwigGameJamGame\Library\ScriptAssemblies\Unity.ProBuilder.Stl.dll
Symbol file LoadedFromMemory is not a mono symbol file
Symbol file data-000002167B83E030 doesn't match image C:\Users\carte\OneDrive\Documents\Ludwig-Game-Jam\LudwigGameJamGame\Library\ScriptAssemblies\Unity.Settings.Editor.dll
Symbol file LoadedFromMemory is not a mono symbol file
Symbol file data-000002167AA80F90 doesn't match image C:\Users\carte\OneDrive\Documents\Ludwig-Game-Jam\LudwigGameJamGame\Library\ScriptAssemblies\Unity.RenderPipelines.ShaderGraph.ShaderGraphLibrary.dll
Symbol file LoadedFromMemory is not a mono symbol file
Symbol file data-000002167AFFF010 doesn't match image C:\Users\carte\OneDrive\Documents\Ludwig-Game-Jam\LudwigGameJamGame\Library\ScriptAssemblies\Unity.Timeline.Editor.dll
Symbol file LoadedFromMemory is not a mono symbol file
Symbol file data-000002167A2B2A70 doesn't match image C:\Users\carte\OneDrive\Documents\Ludwig-Game-Jam\LudwigGameJamGame\Library\ScriptAssemblies\Unity.CollabProxy.Editor.dll
Symbol file LoadedFromMemory is not a mono symbol file
Symbol file data-000002167B8F5B50 doesn't match image C:\Users\carte\OneDrive\Documents\Ludwig-Game-Jam\LudwigGameJamGame\Library\ScriptAssemblies\Unity.RenderPipelines.HighDefinition.Config.Runtime.dll
Symbol file LoadedFromMemory is not a mono symbol file
Symbol file data-000002167C052790 doesn't match image C:\Users\carte\OneDrive\Documents\Ludwig-Game-Jam\LudwigGameJamGame\Library\ScriptAssemblies\Unity.ProGrids.dll
Symbol file LoadedFromMemory is not a mono symbol file
Symbol file data-000002167AB27620 doesn't match image C:\Users\carte\OneDrive\Documents\Ludwig-Game-Jam\LudwigGameJamGame\Library\ScriptAssemblies\Unity.RenderPipelines.Core.Editor.dll
Symbol file LoadedFromMemory is not a mono symbol file
Native extension for WindowsStandalone target not found
Native extension for WebGL target not found
Refreshing native plugins compatible for Editor in 78.48 ms, found 2 plugins.
Preloading 0 native plugins for Editor in 0.00 ms.
Mono: successfully reloaded assembly
- Completed reload, in  1.154 seconds
Domain Reload Profiling:
	ReloadAssembly (1155ms)
		BeginReloadAssembly (108ms)
			ExecutionOrderSort (0ms)
			DisableScriptedObjects (3ms)
			BackupInstance (0ms)
			ReleaseScriptingObjects (0ms)
			CreateAndSetChildDomain (16ms)
		EndReloadAssembly (1000ms)
			LoadAssemblies (82ms)
			RebuildTransferFunctionScriptingTraits (0ms)
			SetupTypeCache (252ms)
			ReleaseScriptCaches (1ms)
			RebuildScriptCaches (55ms)
			SetupLoadedEditorAssemblies (538ms)
				LogAssemblyErrors (0ms)
				InitializePlatformSupportModulesInManaged (4ms)
				SetLoadedEditorAssemblies (0ms)
				RefreshPlugins (79ms)
				BeforeProcessingInitializeOnLoad (84ms)
				ProcessInitializeOnLoadAttributes (236ms)
				ProcessInitializeOnLoadMethodAttributes (130ms)
				AfterProcessingInitializeOnLoad (6ms)
				EditorAssembliesLoaded (0ms)
			ExecutionOrderSort2 (0ms)
			AwakeInstancesAfterBackupRestoration (4ms)
Platform modules already initialized, skipping
========================================================================
Worker process is ready to serve import requests
Launched and connected shader compiler UnityShaderCompiler.exe after 0.04 seconds
Refreshing native plugins compatible for Editor in 0.81 ms, found 2 plugins.
Preloading 0 native plugins for Editor in 0.00 ms.
Unloading 4631 Unused Serialized files (Serialized files now loaded: 0)
System memory in use before: 216.8 MB.
System memory in use after: 216.9 MB.

Unloading 22 unused Assets to reduce memory usage. Loaded Objects now: 5092.
Total: 3.413500 ms (FindLiveObjects: 0.331900 ms CreateObjectMapping: 0.128200 ms MarkObjects: 2.856100 ms  DeleteObjects: 0.096600 ms)

AssetImportParameters requested are different than current active one (requested -> active):
  custom:framework-win-MediaFoundation: 216162199b28c13a410421893ffa2e32 -> 
  custom:video-decoder-ogg-theora: a1e56fd34408186e4bbccfd4996cb3dc -> 
  custom:container-muxer-webm: aa71ff27fc2769a1b78a27578f13a17b -> 
  custom:container-demuxer-webm: 4f35f7cbe854078d1ac9338744f61a02 -> 
  custom:container-demuxer-ogg: 62fdf1f143b41e24485cea50d1cbac27 -> 
  custom:video-encoder-webm-vp8: eb34c28f22e8b96e1ab97ce403110664 -> 
  custom:video-decoder-webm-vp8: 9c59270c3fd7afecdb556c50c9e8de78 -> 
  custom:audio-decoder-ogg-vorbis: bf7c407c2cedff20999df2af8eb42d56 -> 
  custom:audio-encoder-webm-vorbis: bf7c407c2cedff20999df2af8eb42d56 -> 
========================================================================
Received Import Request.
  path: Assets/SampleSceneAssets/TutorialInfo/Readme.asset
  artifactKey: Guid(83c2ed844a8c74b779a4c823d16594b1) Importer(815301076,1909f56bfc062723c751e8b465ee728b)
Start importing Assets/SampleSceneAssets/TutorialInfo/Readme.asset using Guid(83c2ed844a8c74b779a4c823d16594b1) Importer(815301076,1909f56bfc062723c751e8b465ee728b)  -> (artifact id: '17459b2593d337ebab0d120e775ef02f') in 0.029913 seconds 
  Import took 0.035855 seconds .

========================================================================
Received Import Request.
  Time since last request: 9.206654 seconds.
  path: Assets/appreciatemeplease.fbx
  artifactKey: Guid(5572f05fb9f30ca40acd0bc5585711e1) Importer(815301076,1909f56bfc062723c751e8b465ee728b)
Start importing Assets/appreciatemeplease.fbx using Guid(5572f05fb9f30ca40acd0bc5585711e1) Importer(815301076,1909f56bfc062723c751e8b465ee728b) High Definition Render Pipeline doesn't support Gamma mode, change to Linear mode (HDRP isn't set up properly. Go to Windows > RenderPipeline > HDRP Wizard to fix your settings).
UnityEngine.StackTraceUtility:ExtractStackTrace ()
UnityEngine.DebugLogHandler:LogFormat (UnityEngine.LogType,UnityEngine.Object,string,object[])
UnityEngine.Logger:Log (UnityEngine.LogType,object)
UnityEngine.Debug:LogError (object)
UnityEngine.Rendering.HighDefinition.HDRenderPipeline:SetRenderingFeatures ()
UnityEngine.Rendering.HighDefinition.HDRenderPipeline:.ctor (UnityEngine.Rendering.HighDefinition.HDRenderPipelineAsset,UnityEngine.Rendering.HighDefinition.HDRenderPipelineAsset)
UnityEngine.Rendering.HighDefinition.HDRenderPipelineAsset:CreatePipeline ()
UnityEngine.Rendering.RenderPipelineAsset:InternalCreatePipeline ()
UnityEngine.Rendering.RenderPipelineManager:PrepareRenderPipeline (UnityEngine.Rendering.RenderPipelineAsset)
UnityEngine.Rendering.RenderPipelineManager:DoRenderLoop_Internal (UnityEngine.Rendering.RenderPipelineAsset,intptr,System.Collections.Generic.List`1<UnityEngine.Camera/RenderRequest>,Unity.Collections.LowLevel.Unsafe.AtomicSafetyHandle)
UnityEditor.PreviewRenderUtility:Render (bool,bool)
UnityEditor.GameObjectInspector:DoRenderPreview ()
UnityEditor.GameObjectInspector:RenderStaticPreview (string,UnityEngine.Object[],int,int)
UnityEditor.AssetPreviewUpdater:CreatePreviewForAsset (UnityEngine.Object,UnityEngine.Object[],string)

Requested RenderTexture with sRGB format. sRGB formats are not supported in gamma mode, fallback to a UNorm format. Use a UNorm format instead of sRGB to silence this warning.
UnityEngine.StackTraceUtility:ExtractStackTrace ()
UnityEngine.Rendering.RTHandleSystem:AllocAutoSizedRenderTexture (int,int,int,UnityEngine.Rendering.DepthBits,UnityEngine.Experimental.Rendering.GraphicsFormat,UnityEngine.FilterMode,UnityEngine.TextureWrapMode,UnityEngine.Rendering.TextureDimension,bool,bool,bool,bool,int,single,bool,bool,bool,UnityEngine.RenderTextureMemoryless,string)
UnityEngine.Rendering.RTHandleSystem:Alloc (UnityEngine.Vector2,int,UnityEngine.Rendering.DepthBits,UnityEngine.Experimental.Rendering.GraphicsFormat,UnityEngine.FilterMode,UnityEngine.TextureWrapMode,UnityEngine.Rendering.TextureDimension,bool,bool,bool,bool,int,single,bool,bool,bool,UnityEngine.RenderTextureMemoryless,string)
UnityEngine.Rendering.RTHandles:Alloc (UnityEngine.Vector2,int,UnityEngine.Rendering.DepthBits,UnityEngine.Experimental.Rendering.GraphicsFormat,UnityEngine.FilterMode,UnityEngine.TextureWrapMode,UnityEngine.Rendering.TextureDimension,bool,bool,bool,bool,int,single,bool,bool,bool,UnityEngine.RenderTextureMemoryless,string)
UnityEngine.Experimental.Rendering.RenderGraphModule.RenderGraphResourceRegistry:CreateAndClearTexture (UnityEngine.Experimental.Rendering.RenderGraphModule.RenderGraphContext,int)
UnityEngine.Experimental.Rendering.RenderGraphModule.RenderGraph:PreRenderPassExecute (UnityEngine.Experimental.Rendering.RenderGraphModule.RenderGraph/CompiledPassInfo&,UnityEngine.Experimental.Rendering.RenderGraphModule.RenderGraphContext)
UnityEngine.Experimental.Rendering.RenderGraphModule.RenderGraph:ExecuteCompiledPass (UnityEngine.Experimental.Rendering.RenderGraphModule.RenderGraph/CompiledPassInfo&,int)
UnityEngine.Experimental.Rendering.RenderGraphModule.RenderGraph:ExecuteRenderGraph ()
UnityEngine.Experimental.Rendering.RenderGraphModule.RenderGraph:Execute ()
UnityEngine.Rendering.HighDefinition.HDRenderPipeline:ExecuteWithRenderGraph (UnityEngine.Rendering.HighDefinition.HDRenderPipeline/RenderRequest,UnityEngine.Rendering.HighDefinition.AOVRequestData,System.Collections.Generic.List`1<UnityEngine.Rendering.RTHandle>,System.Collections.Generic.List`1<UnityEngine.Rendering.RTHandle>,UnityEngine.Rendering.ScriptableRenderContext,UnityEngine.Rendering.CommandBuffer)
UnityEngine.Rendering.HighDefinition.HDRenderPipeline:ExecuteRenderRequest (UnityEngine.Rendering.HighDefinition.HDRenderPipeline/RenderRequest,UnityEngine.Rendering.ScriptableRenderContext,UnityEngine.Rendering.CommandBuffer,UnityEngine.Rendering.HighDefinition.AOVRequestData)
UnityEngine.Rendering.HighDefinition.HDRenderPipeline:Render (UnityEngine.Rendering.ScriptableRenderContext,UnityEngine.Camera[])
UnityEngine.Rendering.RenderPipeline:InternalRender (UnityEngine.Rendering.ScriptableRenderContext,UnityEngine.Camera[])
UnityEngine.Rendering.RenderPipelineManager:DoRenderLoop_Internal (UnityEngine.Rendering.RenderPipelineAsset,intptr,System.Collections.Generic.List`1<UnityEngine.Camera/RenderRequest>,Unity.Collections.LowLevel.Unsafe.AtomicSafetyHandle)
UnityEditor.PreviewRenderUtility:Render (bool,bool)
UnityEditor.GameObjectInspector:DoRenderPreview ()
UnityEditor.GameObjectInspector:RenderStaticPreview (string,UnityEngine.Object[],int,int)
UnityEditor.AssetPreviewUpdater:CreatePreviewForAsset (UnityEngine.Object,UnityEngine.Object[],string)

[C:\buildslave\unity\build\Runtime/Graphics/RenderTexture.cpp line 938]

Requested RenderTexture with sRGB format. sRGB formats are not supported in gamma mode, fallback to a UNorm format. Use a UNorm format instead of sRGB to silence this warning.
UnityEngine.StackTraceUtility:ExtractStackTrace ()
UnityEngine.Rendering.RTHandleSystem:AllocAutoSizedRenderTexture (int,int,int,UnityEngine.Rendering.DepthBits,UnityEngine.Experimental.Rendering.GraphicsFormat,UnityEngine.FilterMode,UnityEngine.TextureWrapMode,UnityEngine.Rendering.TextureDimension,bool,bool,bool,bool,int,single,bool,bool,bool,UnityEngine.RenderTextureMemoryless,string)
UnityEngine.Rendering.RTHandleSystem:Alloc (UnityEngine.Vector2,int,UnityEngine.Rendering.DepthBits,UnityEngine.Experimental.Rendering.GraphicsFormat,UnityEngine.FilterMode,UnityEngine.TextureWrapMode,UnityEngine.Rendering.TextureDimension,bool,bool,bool,bool,int,single,bool,bool,bool,UnityEngine.RenderTextureMemoryless,string)
UnityEngine.Rendering.RTHandles:Alloc (UnityEngine.Vector2,int,UnityEngine.Rendering.DepthBits,UnityEngine.Experimental.Rendering.GraphicsFormat,UnityEngine.FilterMode,UnityEngine.TextureWrapMode,UnityEngine.Rendering.TextureDimension,bool,bool,bool,bool,int,single,bool,bool,bool,UnityEngine.RenderTextureMemoryless,string)
UnityEngine.Experimental.Rendering.RenderGraphModule.RenderGraphResourceRegistry:CreateAndClearTexture (UnityEngine.Experimental.Rendering.RenderGraphModule.RenderGraphContext,int)
UnityEngine.Experimental.Rendering.RenderGraphModule.RenderGraph:PreRenderPassExecute (UnityEngine.Experimental.Rendering.RenderGraphModule.RenderGraph/CompiledPassInfo&,UnityEngine.Experimental.Rendering.RenderGraphModule.RenderGraphContext)
UnityEngine.Experimental.Rendering.RenderGraphModule.RenderGraph:ExecuteCompiledPass (UnityEngine.Experimental.Rendering.RenderGraphModule.RenderGraph/CompiledPassInfo&,int)
UnityEngine.Experimental.Rendering.RenderGraphModule.RenderGraph:ExecuteRenderGraph ()
UnityEngine.Experimental.Rendering.RenderGraphModule.RenderGraph:Execute ()
UnityEngine.Rendering.HighDefinition.HDRenderPipeline:ExecuteWithRenderGraph (UnityEngine.Rendering.HighDefinition.HDRenderPipeline/RenderRequest,UnityEngine.Rendering.HighDefinition.AOVRequestData,System.Collections.Generic.List`1<UnityEngine.Rendering.RTHandle>,System.Collections.Generic.List`1<UnityEngine.Rendering.RTHandle>,UnityEngine.Rendering.ScriptableRenderContext,UnityEngine.Rendering.CommandBuffer)
UnityEngine.Rendering.HighDefinition.HDRenderPipeline:ExecuteRenderRequest (UnityEngine.Rendering.HighDefinition.HDRenderPipeline/RenderRequest,UnityEngine.Rendering.ScriptableRenderContext,UnityEngine.Rendering.CommandBuffer,UnityEngine.Rendering.HighDefinition.AOVRequestData)
UnityEngine.Rendering.HighDefinition.HDRenderPipeline:Render (UnityEngine.Rendering.ScriptableRenderContext,UnityEngine.Camera[])
UnityEngine.Rendering.RenderPipeline:InternalRender (UnityEngine.Rendering.ScriptableRenderContext,UnityEngine.Camera[])
UnityEngine.Rendering.RenderPipelineManager:DoRenderLoop_Internal (UnityEngine.Rendering.RenderPipelineAsset,intptr,System.Collections.Generic.List`1<UnityEngine.Camera/RenderRequest>,Unity.Collections.LowLevel.Unsafe.AtomicSafetyHandle)
UnityEditor.PreviewRenderUtility:Render (bool,bool)
UnityEditor.GameObjectInspector:DoRenderPreview ()
UnityEditor.GameObjectInspector:RenderStaticPreview (string,UnityEngine.Object[],int,int)
UnityEditor.AssetPreviewUpdater:CreatePreviewForAsset (UnityEngine.Object,UnityEngine.Object[],string)

[C:\buildslave\unity\build\Runtime/Graphics/RenderTexture.cpp line 938]

Requested RenderTexture with sRGB format. sRGB formats are not supported in gamma mode, fallback to a UNorm format. Use a UNorm format instead of sRGB to silence this warning.
UnityEngine.StackTraceUtility:ExtractStackTrace ()
UnityEngine.Rendering.RTHandleSystem:AllocAutoSizedRenderTexture (int,int,int,UnityEngine.Rendering.DepthBits,UnityEngine.Experimental.Rendering.GraphicsFormat,UnityEngine.FilterMode,UnityEngine.TextureWrapMode,UnityEngine.Rendering.TextureDimension,bool,bool,bool,bool,int,single,bool,bool,bool,UnityEngine.RenderTextureMemoryless,string)
UnityEngine.Rendering.RTHandleSystem:Alloc (UnityEngine.Vector2,int,UnityEngine.Rendering.DepthBits,UnityEngine.Experimental.Rendering.GraphicsFormat,UnityEngine.FilterMode,UnityEngine.TextureWrapMode,UnityEngine.Rendering.TextureDimension,bool,bool,bool,bool,int,single,bool,bool,bool,UnityEngine.RenderTextureMemoryless,string)
UnityEngine.Rendering.RTHandles:Alloc (UnityEngine.Vector2,int,UnityEngine.Rendering.DepthBits,UnityEngine.Experimental.Rendering.GraphicsFormat,UnityEngine.FilterMode,UnityEngine.TextureWrapMode,UnityEngine.Rendering.TextureDimension,bool,bool,bool,bool,int,single,bool,bool,bool,UnityEngine.RenderTextureMemoryless,string)
UnityEngine.Experimental.Rendering.RenderGraphModule.RenderGraphResourceRegistry:CreateAndClearTexture (UnityEngine.Experimental.Rendering.RenderGraphModule.RenderGraphContext,int)
UnityEngine.Experimental.Rendering.RenderGraphModule.RenderGraph:PreRenderPassExecute (UnityEngine.Experimental.Rendering.RenderGraphModule.RenderGraph/CompiledPassInfo&,UnityEngine.Experimental.Rendering.RenderGraphModule.RenderGraphContext)
UnityEngine.Experimental.Rendering.RenderGraphModule.RenderGraph:ExecuteCompiledPass (UnityEngine.Experimental.Rendering.RenderGraphModule.RenderGraph/CompiledPassInfo&,int)
UnityEngine.Experimental.Rendering.RenderGraphModule.RenderGraph:ExecuteRenderGraph ()
UnityEngine.Experimental.Rendering.RenderGraphModule.RenderGraph:Execute ()
UnityEngine.Rendering.HighDefinition.HDRenderPipeline:ExecuteWithRenderGraph (UnityEngine.Rendering.HighDefinition.HDRenderPipeline/RenderRequest,UnityEngine.Rendering.HighDefinition.AOVRequestData,System.Collections.Generic.List`1<UnityEngine.Rendering.RTHandle>,System.Collections.Generic.List`1<UnityEngine.Rendering.RTHandle>,UnityEngine.Rendering.ScriptableRenderContext,UnityEngine.Rendering.CommandBuffer)
UnityEngine.Rendering.HighDefinition.HDRenderPipeline:ExecuteRenderRequest (UnityEngine.Rendering.HighDefinition.HDRenderPipeline/RenderRequest,UnityEngine.Rendering.ScriptableRenderContext,UnityEngine.Rendering.CommandBuffer,UnityEngine.Rendering.HighDefinition.AOVRequestData)
UnityEngine.Rendering.HighDefinition.HDRenderPipeline:Render (UnityEngine.Rendering.ScriptableRenderContext,UnityEngine.Camera[])
UnityEngine.Rendering.RenderPipeline:InternalRender (UnityEngine.Rendering.ScriptableRenderContext,UnityEngine.Camera[])
UnityEngine.Rendering.RenderPipelineManager:DoRenderLoop_Internal (UnityEngine.Rendering.RenderPipelineAsset,intptr,System.Collections.Generic.List`1<UnityEngine.Camera/RenderRequest>,Unity.Collections.LowLevel.Unsafe.AtomicSafetyHandle)
UnityEditor.PreviewRenderUtility:Render (bool,bool)
UnityEditor.GameObjectInspector:DoRenderPreview ()
UnityEditor.GameObjectInspector:RenderStaticPreview (string,UnityEngine.Object[],int,int)
UnityEditor.AssetPreviewUpdater:CreatePreviewForAsset (UnityEngine.Object,UnityEngine.Object[],string)

[C:\buildslave\unity\build\Runtime/Graphics/RenderTexture.cpp line 938]

Requested RenderTexture with sRGB format. sRGB formats are not supported in gamma mode, fallback to a UNorm format. Use a UNorm format instead of sRGB to silence this warning.
UnityEngine.StackTraceUtility:ExtractStackTrace ()
UnityEngine.Rendering.RTHandleSystem:AllocAutoSizedRenderTexture (int,int,int,UnityEngine.Rendering.DepthBits,UnityEngine.Experimental.Rendering.GraphicsFormat,UnityEngine.FilterMode,UnityEngine.TextureWrapMode,UnityEngine.Rendering.TextureDimension,bool,bool,bool,bool,int,single,bool,bool,bool,UnityEngine.RenderTextureMemoryless,string)
UnityEngine.Rendering.RTHandleSystem:Alloc (UnityEngine.Vector2,int,UnityEngine.Rendering.DepthBits,UnityEngine.Experimental.Rendering.GraphicsFormat,UnityEngine.FilterMode,UnityEngine.TextureWrapMode,UnityEngine.Rendering.TextureDimension,bool,bool,bool,bool,int,single,bool,bool,bool,UnityEngine.RenderTextureMemoryless,string)
UnityEngine.Rendering.RTHandles:Alloc (UnityEngine.Vector2,int,UnityEngine.Rendering.DepthBits,UnityEngine.Experimental.Rendering.GraphicsFormat,UnityEngine.FilterMode,UnityEngine.TextureWrapMode,UnityEngine.Rendering.TextureDimension,bool,bool,bool,bool,int,single,bool,bool,bool,UnityEngine.RenderTextureMemoryless,string)
UnityEngine.Experimental.Rendering.RenderGraphModule.RenderGraphResourceRegistry:CreateAndClearTexture (UnityEngine.Experimental.Rendering.RenderGraphModule.RenderGraphContext,int)
UnityEngine.Experimental.Rendering.RenderGraphModule.RenderGraph:PreRenderPassExecute (UnityEngine.Experimental.Rendering.RenderGraphModule.RenderGraph/CompiledPassInfo&,UnityEngine.Experimental.Rendering.RenderGraphModule.RenderGraphContext)
UnityEngine.Experimental.Rendering.RenderGraphModule.RenderGraph:ExecuteCompiledPass (UnityEngine.Experimental.Rendering.RenderGraphModule.RenderGraph/CompiledPassInfo&,int)
UnityEngine.Experimental.Rendering.RenderGraphModule.RenderGraph:ExecuteRenderGraph ()
UnityEngine.Experimental.Rendering.RenderGraphModule.RenderGraph:Execute ()
UnityEngine.Rendering.HighDefinition.HDRenderPipeline:ExecuteWithRenderGraph (UnityEngine.Rendering.HighDefinition.HDRenderPipeline/RenderRequest,UnityEngine.Rendering.HighDefinition.AOVRequestData,System.Collections.Generic.List`1<UnityEngine.Rendering.RTHandle>,System.Collections.Generic.List`1<UnityEngine.Rendering.RTHandle>,UnityEngine.Rendering.ScriptableRenderContext,UnityEngine.Rendering.CommandBuffer)
UnityEngine.Rendering.HighDefinition.HDRenderPipeline:ExecuteRenderRequest (UnityEngine.Rendering.HighDefinition.HDRenderPipeline/RenderRequest,UnityEngine.Rendering.ScriptableRenderContext,UnityEngine.Rendering.CommandBuffer,UnityEngine.Rendering.HighDefinition.AOVRequestData)
UnityEngine.Rendering.HighDefinition.HDRenderPipeline:Render (UnityEngine.Rendering.ScriptableRenderContext,UnityEngine.Camera[])
UnityEngine.Rendering.RenderPipeline:InternalRender (UnityEngine.Rendering.ScriptableRenderContext,UnityEngine.Camera[])
UnityEngine.Rendering.RenderPipelineManager:DoRenderLoop_Internal (UnityEngine.Rendering.RenderPipelineAsset,intptr,System.Collections.Generic.List`1<UnityEngine.Camera/RenderRequest>,Unity.Collections.LowLevel.Unsafe.AtomicSafetyHandle)
UnityEditor.PreviewRenderUtility:Render (bool,bool)
UnityEditor.GameObjectInspector:DoRenderPreview ()
UnityEditor.GameObjectInspector:RenderStaticPreview (string,UnityEngine.Object[],int,int)
UnityEditor.AssetPreviewUpdater:CreatePreviewForAsset (UnityEngine.Object,UnityEngine.Object[],string)

[C:\buildslave\unity\build\Runtime/Graphics/RenderTexture.cpp line 938]

Requested RenderTexture with sRGB format. sRGB formats are not supported in gamma mode, fallback to a UNorm format. Use a UNorm format instead of sRGB to silence this warning.
UnityEngine.StackTraceUtility:ExtractStackTrace ()
UnityEngine.Rendering.RTHandleSystem:AllocAutoSizedRenderTexture (int,int,int,UnityEngine.Rendering.DepthBits,UnityEngine.Experimental.Rendering.GraphicsFormat,UnityEngine.FilterMode,UnityEngine.TextureWrapMode,UnityEngine.Rendering.TextureDimension,bool,bool,bool,bool,int,single,bool,bool,bool,UnityEngine.RenderTextureMemoryless,string)
UnityEngine.Rendering.RTHandleSystem:Alloc (UnityEngine.Vector2,int,UnityEngine.Rendering.DepthBits,UnityEngine.Experimental.Rendering.GraphicsFormat,UnityEngine.FilterMode,UnityEngine.TextureWrapMode,UnityEngine.Rendering.TextureDimension,bool,bool,bool,bool,int,single,bool,bool,bool,UnityEngine.RenderTextureMemoryless,string)
UnityEngine.Rendering.RTHandles:Alloc (UnityEngine.Vector2,int,UnityEngine.Rendering.DepthBits,UnityEngine.Experimental.Rendering.GraphicsFormat,UnityEngine.FilterMode,UnityEngine.TextureWrapMode,UnityEngine.Rendering.TextureDimension,bool,bool,bool,bool,int,single,bool,bool,bool,UnityEngine.RenderTextureMemoryless,string)
UnityEngine.Experimental.Rendering.RenderGraphModule.RenderGraphResourceRegistry:CreateAndClearTexture (UnityEngine.Experimental.Rendering.RenderGraphModule.RenderGraphContext,int)
UnityEngine.Experimental.Rendering.RenderGraphModule.RenderGraph:PreRenderPassExecute (UnityEngine.Experimental.Rendering.RenderGraphModule.RenderGraph/CompiledPassInfo&,UnityEngine.Experimental.Rendering.RenderGraphModule.RenderGraphContext)
UnityEngine.Experimental.Rendering.RenderGraphModule.RenderGraph:ExecuteCompiledPass (UnityEngine.Experimental.Rendering.RenderGraphModule.RenderGraph/CompiledPassInfo&,int)
UnityEngine.Experimental.Rendering.RenderGraphModule.RenderGraph:ExecuteRenderGraph ()
UnityEngine.Experimental.Rendering.RenderGraphModule.RenderGraph:Execute ()
UnityEngine.Rendering.HighDefinition.HDRenderPipeline:ExecuteWithRenderGraph (UnityEngine.Rendering.HighDefinition.HDRenderPipeline/RenderRequest,UnityEngine.Rendering.HighDefinition.AOVRequestData,System.Collections.Generic.List`1<UnityEngine.Rendering.RTHandle>,System.Collections.Generic.List`1<UnityEngine.Rendering.RTHandle>,UnityEngine.Rendering.ScriptableRenderContext,UnityEngine.Rendering.CommandBuffer)
UnityEngine.Rendering.HighDefinition.HDRenderPipeline:ExecuteRenderRequest (UnityEngine.Rendering.HighDefinition.HDRenderPipeline/RenderRequest,UnityEngine.Rendering.ScriptableRenderContext,UnityEngine.Rendering.CommandBuffer,UnityEngine.Rendering.HighDefinition.AOVRequestData)
UnityEngine.Rendering.HighDefinition.HDRenderPipeline:Render (UnityEngine.Rendering.ScriptableRenderContext,UnityEngine.Camera[])
UnityEngine.Rendering.RenderPipeline:InternalRender (UnityEngine.Rendering.ScriptableRenderContext,UnityEngine.Camera[])
UnityEngine.Rendering.RenderPipelineManager:DoRenderLoop_Internal (UnityEngine.Rendering.RenderPipelineAsset,intptr,System.Collections.Generic.List`1<UnityEngine.Camera/RenderRequest>,Unity.Collections.LowLevel.Unsafe.AtomicSafetyHandle)
UnityEditor.PreviewRenderUtility:Render (bool,bool)
UnityEditor.GameObjectInspector:DoRenderPreview ()
UnityEditor.GameObjectInspector:RenderStaticPreview (string,UnityEngine.Object[],int,int)
UnityEditor.AssetPreviewUpdater:CreatePreviewForAsset (UnityEngine.Object,UnityEngine.Object[],string)

[C:\buildslave\unity\build\Runtime/Graphics/RenderTexture.cpp line 938]

Requested RenderTexture with sRGB format. sRGB formats are not supported in gamma mode, fallback to a UNorm format. Use a UNorm format instead of sRGB to silence this warning.
UnityEngine.StackTraceUtility:ExtractStackTrace ()
UnityEngine.Rendering.RTHandleSystem:AllocAutoSizedRenderTexture (int,int,int,UnityEngine.Rendering.DepthBits,UnityEngine.Experimental.Rendering.GraphicsFormat,UnityEngine.FilterMode,UnityEngine.TextureWrapMode,UnityEngine.Rendering.TextureDimension,bool,bool,bool,bool,int,single,bool,bool,bool,UnityEngine.RenderTextureMemoryless,string)
UnityEngine.Rendering.RTHandleSystem:Alloc (UnityEngine.Vector2,int,UnityEngine.Rendering.DepthBits,UnityEngine.Experimental.Rendering.GraphicsFormat,UnityEngine.FilterMode,UnityEngine.TextureWrapMode,UnityEngine.Rendering.TextureDimension,bool,bool,bool,bool,int,single,bool,bool,bool,UnityEngine.RenderTextureMemoryless,string)
UnityEngine.Rendering.RTHandles:Alloc (UnityEngine.Vector2,int,UnityEngine.Rendering.DepthBits,UnityEngine.Experimental.Rendering.GraphicsFormat,UnityEngine.FilterMode,UnityEngine.TextureWrapMode,UnityEngine.Rendering.TextureDimension,bool,bool,bool,bool,int,single,bool,bool,bool,UnityEngine.RenderTextureMemoryless,string)
UnityEngine.Experimental.Rendering.RenderGraphModule.RenderGraphResourceRegistry:CreateAndClearTexture (UnityEngine.Experimental.Rendering.RenderGraphModule.RenderGraphContext,int)
UnityEngine.Experimental.Rendering.RenderGraphModule.RenderGraph:PreRenderPassExecute (UnityEngine.Experimental.Rendering.RenderGraphModule.RenderGraph/CompiledPassInfo&,UnityEngine.Experimental.Rendering.RenderGraphModule.RenderGraphContext)
UnityEngine.Experimental.Rendering.RenderGraphModule.RenderGraph:ExecuteCompiledPass (UnityEngine.Experimental.Rendering.RenderGraphModule.RenderGraph/CompiledPassInfo&,int)
UnityEngine.Experimental.Rendering.RenderGraphModule.RenderGraph:ExecuteRenderGraph ()
UnityEngine.Experimental.Rendering.RenderGraphModule.RenderGraph:Execute ()
UnityEngine.Rendering.HighDefinition.HDRenderPipeline:ExecuteWithRenderGraph (UnityEngine.Rendering.HighDefinition.HDRenderPipeline/RenderRequest,UnityEngine.Rendering.HighDefinition.AOVRequestData,System.Collections.Generic.List`1<UnityEngine.Rendering.RTHandle>,System.Collections.Generic.List`1<UnityEngine.Rendering.RTHandle>,UnityEngine.Rendering.ScriptableRenderContext,UnityEngine.Rendering.CommandBuffer)
UnityEngine.Rendering.HighDefinition.HDRenderPipeline:ExecuteRenderRequest (UnityEngine.Rendering.HighDefinition.HDRenderPipeline/RenderRequest,UnityEngine.Rendering.ScriptableRenderContext,UnityEngine.Rendering.CommandBuffer,UnityEngine.Rendering.HighDefinition.AOVRequestData)
UnityEngine.Rendering.HighDefinition.HDRenderPipeline:Render (UnityEngine.Rendering.ScriptableRenderContext,UnityEngine.Camera[])
UnityEngine.Rendering.RenderPipeline:InternalRender (UnityEngine.Rendering.ScriptableRenderContext,UnityEngine.Camera[])
UnityEngine.Rendering.RenderPipelineManager:DoRenderLoop_Internal (UnityEngine.Rendering.RenderPipelineAsset,intptr,System.Collections.Generic.List`1<UnityEngine.Camera/RenderRequest>,Unity.Collections.LowLevel.Unsafe.AtomicSafetyHandle)
UnityEditor.PreviewRenderUtility:Render (bool,bool)
UnityEditor.GameObjectInspector:DoRenderPreview ()
UnityEditor.GameObjectInspector:RenderStaticPreview (string,UnityEngine.Object[],int,int)
UnityEditor.AssetPreviewUpdater:CreatePreviewForAsset (UnityEngine.Object,UnityEngine.Object[],string)

[C:\buildslave\unity\build\Runtime/Graphics/RenderTexture.cpp line 938]

 -> (artifact id: 'd6aeefb604b8e83be1afb47f7fe7c0aa') in 0.784005 seconds 
  Import took 0.791778 seconds .

========================================================================
Received Import Request.
  Time since last request: 0.000136 seconds.
  path: Assets/Mesh_Cat.obj
  artifactKey: Guid(8d080c442bfb93744b549537a5cd3c62) Importer(815301076,1909f56bfc062723c751e8b465ee728b)
Start importing Assets/Mesh_Cat.obj using Guid(8d080c442bfb93744b549537a5cd3c62) Importer(815301076,1909f56bfc062723c751e8b465ee728b)  -> (artifact id: '4e313ffcb6170cb25a1744580dd562f5') in 0.074068 seconds 
  Import took 0.080265 seconds .

========================================================================
Received Import Request.
  Time since last request: 0.000249 seconds.
  path: Assets/testedtitle.png
  artifactKey: Guid(a7396efee2a7ef641bba23da48a78b9b) Importer(815301076,1909f56bfc062723c751e8b465ee728b)
Start importing Assets/testedtitle.png using Guid(a7396efee2a7ef641bba23da48a78b9b) Importer(815301076,1909f56bfc062723c751e8b465ee728b)  -> (artifact id: '72bbb3d20ff882e3aef384de2c98e884') in 0.037130 seconds 
  Import took 0.043430 seconds .

========================================================================
Received Import Request.
  Time since last request: 0.000156 seconds.
  path: Assets/glitched button.png
  artifactKey: Guid(cde9e9116a1292f40aa2e021ae68bcea) Importer(815301076,1909f56bfc062723c751e8b465ee728b)
Start importing Assets/glitched button.png using Guid(cde9e9116a1292f40aa2e021ae68bcea) Importer(815301076,1909f56bfc062723c751e8b465ee728b)  -> (artifact id: '4769fc2eaaf904fb2e7f15d11e990f5c') in 0.042575 seconds 
  Import took 0.048428 seconds .

========================================================================
Received Import Request.
  Time since last request: 0.000146 seconds.
  path: Assets/New Physic Material.physicMaterial
  artifactKey: Guid(97a74536f847deb4e88c68e7b62bc1aa) Importer(815301076,1909f56bfc062723c751e8b465ee728b)
Start importing Assets/New Physic Material.physicMaterial using Guid(97a74536f847deb4e88c68e7b62bc1aa) Importer(815301076,1909f56bfc062723c751e8b465ee728b)  -> (artifact id: '039e4b35ec4ab268f6873e512668f20a') in 0.006162 seconds 
  Import took 0.012435 seconds .

========================================================================
Received Import Request.
  Time since last request: 0.000153 seconds.
  path: Assets/InputSystem.inputsettings.asset
  artifactKey: Guid(6ba42068271575044aad9ef8411d08aa) Importer(815301076,1909f56bfc062723c751e8b465ee728b)
Start importing Assets/InputSystem.inputsettings.asset using Guid(6ba42068271575044aad9ef8411d08aa) Importer(815301076,1909f56bfc062723c751e8b465ee728b)  -> (artifact id: '14e8123a9efc8e3c14720ccddf3b7f2e') in 0.005489 seconds 
  Import took 0.010840 seconds .

========================================================================
Received Import Request.
  Time since last request: 0.000157 seconds.
  path: Assets/thingcootcatthingngng.fbx
  artifactKey: Guid(3d5a8f602ac86404ca51931cf98032ba) Importer(815301076,1909f56bfc062723c751e8b465ee728b)
Start importing Assets/thingcootcatthingngng.fbx using Guid(3d5a8f602ac86404ca51931cf98032ba) Importer(815301076,1909f56bfc062723c751e8b465ee728b)  -> (artifact id: 'beda9c7205bd537660993b4485640835') in 0.129737 seconds 
  Import took 0.135467 seconds .

========================================================================
Received Import Request.
  Time since last request: 1.784170 seconds.
  path: Assets/Scenes/Scenechange.prefab
  artifactKey: Guid(e1bfc1c651a893b449235071b75bc093) Importer(815301076,1909f56bfc062723c751e8b465ee728b)
Start importing Assets/Scenes/Scenechange.prefab using Guid(e1bfc1c651a893b449235071b75bc093) Importer(815301076,1909f56bfc062723c751e8b465ee728b)  -> (artifact id: '29568650160e9a8e939f3bbbe58f31f1') in 0.008378 seconds 
  Import took 0.014073 seconds .

========================================================================
Received Prepare
Registering precompiled user dll's ...
Registered in 0.003687 seconds.
Begin MonoManager ReloadAssembly
Symbol file data-000002167B938010 doesn't match image C:\Users\carte\OneDrive\Documents\Ludwig-Game-Jam\LudwigGameJamGame\Library\ScriptAssemblies\Unity.VisualEffectGraph.Editor.dll
Symbol file LoadedFromMemory is not a mono symbol file
Symbol file data-000002167BB5FA30 doesn't match image C:\Users\carte\OneDrive\Documents\Ludwig-Game-Jam\LudwigGameJamGame\Library\ScriptAssemblies\Unity.VSCode.Editor.dll
Symbol file LoadedFromMemory is not a mono symbol file
Symbol file data-0000021480E5D020 doesn't match image C:\Users\carte\OneDrive\Documents\Ludwig-Game-Jam\LudwigGameJamGame\Library\ScriptAssemblies\Unity.TextMeshPro.Editor.dll
Symbol file LoadedFromMemory is not a mono symbol file
Symbol file data-000002167C6F8020 doesn't match image C:\Users\carte\OneDrive\Documents\Ludwig-Game-Jam\LudwigGameJamGame\Library\ScriptAssemblies\Unity.VisualStudio.Editor.dll
Symbol file LoadedFromMemory is not a mono symbol file
Symbol file data-000002167B875DB0 doesn't match image C:\Users\carte\OneDrive\Documents\Ludwig-Game-Jam\LudwigGameJamGame\Library\ScriptAssemblies\Unity.ProBuilder.AddOns.Editor.dll
Symbol file LoadedFromMemory is not a mono symbol file
Symbol file data-000002167F59B060 doesn't match image C:\Users\carte\OneDrive\Documents\Ludwig-Game-Jam\LudwigGameJamGame\Library\ScriptAssemblies\Unity.VisualEffectGraph.Runtime.dll
Symbol file LoadedFromMemory is not a mono symbol file
Symbol file data-000002167A89C040 doesn't match image C:\Users\carte\OneDrive\Documents\Ludwig-Game-Jam\LudwigGameJamGame\Library\ScriptAssemblies\UnityEngine.TestRunner.dll
Symbol file LoadedFromMemory is not a mono symbol file
Symbol file data-000002167C6FFC40 doesn't match image C:\Users\carte\OneDrive\Documents\Ludwig-Game-Jam\LudwigGameJamGame\Library\ScriptAssemblies\Unity.Timeline.dll
Symbol file LoadedFromMemory is not a mono symbol file
Symbol file data-0000021679654010 doesn't match image C:\Users\carte\OneDrive\Documents\Ludwig-Game-Jam\LudwigGameJamGame\Library\ScriptAssemblies\Unity.TextMeshPro.dll
Symbol file LoadedFromMemory is not a mono symbol file
Symbol file data-000002167BF65020 doesn't match image C:\Users\carte\OneDrive\Documents\Ludwig-Game-Jam\LudwigGameJamGame\Library\ScriptAssemblies\UnityEditor.TestRunner.dll
Symbol file LoadedFromMemory is not a mono symbol file
Symbol file data-000002167A7FC010 doesn't match image C:\Users\carte\OneDrive\Documents\Ludwig-Game-Jam\LudwigGameJamGame\Library\ScriptAssemblies\Unity.RenderPipelines.HighDefinition.Runtime.dll
Symbol file LoadedFromMemory is not a mono symbol file
Symbol file data-000002167CE0D230 doesn't match image C:\Users\carte\OneDrive\Documents\Ludwig-Game-Jam\LudwigGameJamGame\Library\ScriptAssemblies\Unity.ProBuilder.Csg.dll
Symbol file LoadedFromMemory is not a mono symbol file
Symbol file data-000002148A9C1D20 doesn't match image C:\Users\carte\OneDrive\Documents\Ludwig-Game-Jam\LudwigGameJamGame\Library\ScriptAssemblies\Unity.ShaderGraph.Utilities.dll
Symbol file LoadedFromMemory is not a mono symbol file
Symbol file data-000002167C0B7E20 doesn't match image C:\Users\carte\OneDrive\Documents\Ludwig-Game-Jam\LudwigGameJamGame\Library\ScriptAssemblies\Unity.Searcher.Editor.dll
Symbol file LoadedFromMemory is not a mono symbol file
Symbol file data-000002167B809410 doesn't match image C:\Users\carte\OneDrive\Documents\Ludwig-Game-Jam\LudwigGameJamGame\Library\ScriptAssemblies\Unity.RenderPipelines.Core.Runtime.dll
Symbol file LoadedFromMemory is not a mono symbol file
Symbol file data-0000021480BA3020 doesn't match image C:\Users\carte\OneDrive\Documents\Ludwig-Game-Jam\LudwigGameJamGame\Library\ScriptAssemblies\Unity.ProBuilder.dll
Symbol file LoadedFromMemory is not a mono symbol file
Symbol file data-000002167A275450 doesn't match image C:\Users\carte\OneDrive\Documents\Ludwig-Game-Jam\LudwigGameJamGame\Library\ScriptAssemblies\Unity.RenderPipelines.HighDefinition.Editor.dll
Symbol file LoadedFromMemory is not a mono symbol file
Symbol file data-0000021679654010 doesn't match image C:\Users\carte\OneDrive\Documents\Ludwig-Game-Jam\LudwigGameJamGame\Library\ScriptAssemblies\Unity.ProBuilder.Editor.dll
Symbol file LoadedFromMemory is not a mono symbol file
Symbol file data-000002167BE25C30 doesn't match image C:\Users\carte\OneDrive\Documents\Ludwig-Game-Jam\LudwigGameJamGame\Library\ScriptAssemblies\UnityEditor.UI.dll
Symbol file LoadedFromMemory is not a mono symbol file
Symbol file data-0000021481C25010 doesn't match image C:\Users\carte\OneDrive\Documents\Ludwig-Game-Jam\LudwigGameJamGame\Library\ScriptAssemblies\Unity.InputSystem.dll
Symbol file LoadedFromMemory is not a mono symbol file
Symbol file data-000002167DBC7020 doesn't match image C:\Users\carte\OneDrive\Documents\Ludwig-Game-Jam\LudwigGameJamGame\Library\ScriptAssemblies\Unity.Rider.Editor.dll
Symbol file LoadedFromMemory is not a mono symbol file
Symbol file data-0000021481B36880 doesn't match image C:\Users\carte\OneDrive\Documents\Ludwig-Game-Jam\LudwigGameJamGame\Library\ScriptAssemblies\Unity.RenderPipelines.Core.ShaderLibrary.dll
Symbol file LoadedFromMemory is not a mono symbol file
Symbol file data-000002167DBC7020 doesn't match image C:\Users\carte\OneDrive\Documents\Ludwig-Game-Jam\LudwigGameJamGame\Library\ScriptAssemblies\Unity.ProGrids.Editor.dll
Symbol file LoadedFromMemory is not a mono symbol file
Symbol file data-0000021480BA3020 doesn't match image C:\Users\carte\OneDrive\Documents\Ludwig-Game-Jam\LudwigGameJamGame\Library\ScriptAssemblies\UnityEngine.UI.dll
Symbol file LoadedFromMemory is not a mono symbol file
Symbol file data-000002167F59B060 doesn't match image C:\Users\carte\OneDrive\Documents\Ludwig-Game-Jam\LudwigGameJamGame\Library\ScriptAssemblies\Unity.ProBuilder.Poly2Tri.dll
Symbol file LoadedFromMemory is not a mono symbol file
Symbol file data-000002167ADC5020 doesn't match image C:\Users\carte\OneDrive\Documents\Ludwig-Game-Jam\LudwigGameJamGame\Library\ScriptAssemblies\Unity.PlasticSCM.Editor.dll
Symbol file LoadedFromMemory is not a mono symbol file
Symbol file data-000002167CE0D230 doesn't match image C:\Users\carte\OneDrive\Documents\Ludwig-Game-Jam\LudwigGameJamGame\Library\ScriptAssemblies\Unity.ProBuilder.KdTree.dll
Symbol file LoadedFromMemory is not a mono symbol file
Symbol file data-000002167A7FC010 doesn't match image C:\Users\carte\OneDrive\Documents\Ludwig-Game-Jam\LudwigGameJamGame\Library\ScriptAssemblies\Unity.ShaderGraph.Editor.dll
Symbol file LoadedFromMemory is not a mono symbol file
Symbol file data-000002167963CA30 doesn't match image C:\Users\carte\OneDrive\Documents\Ludwig-Game-Jam\LudwigGameJamGame\Library\ScriptAssemblies\Unity.Services.Core.Editor.dll
Symbol file LoadedFromMemory is not a mono symbol file
Symbol file data-0000021480BA3020 doesn't match image C:\Users\carte\OneDrive\Documents\Ludwig-Game-Jam\LudwigGameJamGame\Library\ScriptAssemblies\Cinemachine.dll
Symbol file LoadedFromMemory is not a mono symbol file
Symbol file data-0000021480850040 doesn't match image C:\Users\carte\OneDrive\Documents\Ludwig-Game-Jam\LudwigGameJamGame\Library\ScriptAssemblies\com.unity.cinemachine.editor.dll
Symbol file LoadedFromMemory is not a mono symbol file
Symbol file data-0000021480D0B690 doesn't match image C:\Users\carte\OneDrive\Documents\Ludwig-Game-Jam\LudwigGameJamGame\Library\ScriptAssemblies\Unity.ProBuilder.AssetIdRemapUtility.dll
Symbol file LoadedFromMemory is not a mono symbol file
Symbol file data-000002164D9E1320 doesn't match image C:\Users\carte\OneDrive\Documents\Ludwig-Game-Jam\LudwigGameJamGame\Library\ScriptAssemblies\Unity.ProBuilder.Stl.dll
Symbol file LoadedFromMemory is not a mono symbol file
Symbol file data-000002148226C050 doesn't match image C:\Users\carte\OneDrive\Documents\Ludwig-Game-Jam\LudwigGameJamGame\Library\ScriptAssemblies\Unity.Settings.Editor.dll
Symbol file LoadedFromMemory is not a mono symbol file
Symbol file data-0000021481B36C80 doesn't match image C:\Users\carte\OneDrive\Documents\Ludwig-Game-Jam\LudwigGameJamGame\Library\ScriptAssemblies\Unity.RenderPipelines.ShaderGraph.ShaderGraphLibrary.dll
Symbol file LoadedFromMemory is not a mono symbol file
Symbol file data-000002167BCCB6F0 doesn't match image C:\Users\carte\OneDrive\Documents\Ludwig-Game-Jam\LudwigGameJamGame\Library\ScriptAssemblies\Unity.Timeline.Editor.dll
Symbol file LoadedFromMemory is not a mono symbol file
Symbol file data-000002167B81DE20 doesn't match image C:\Users\carte\OneDrive\Documents\Ludwig-Game-Jam\LudwigGameJamGame\Library\ScriptAssemblies\Unity.CollabProxy.Editor.dll
Symbol file LoadedFromMemory is not a mono symbol file
Symbol file data-000002167B8F4F20 doesn't match image C:\Users\carte\OneDrive\Documents\Ludwig-Game-Jam\LudwigGameJamGame\Library\ScriptAssemblies\Unity.RenderPipelines.HighDefinition.Config.Runtime.dll
Symbol file LoadedFromMemory is not a mono symbol file
Symbol file data-0000021480E6F0E0 doesn't match image C:\Users\carte\OneDrive\Documents\Ludwig-Game-Jam\LudwigGameJamGame\Library\ScriptAssemblies\Unity.ProGrids.dll
Symbol file LoadedFromMemory is not a mono symbol file
Symbol file data-0000021480BA3020 doesn't match image C:\Users\carte\OneDrive\Documents\Ludwig-Game-Jam\LudwigGameJamGame\Library\ScriptAssemblies\Unity.RenderPipelines.Core.Editor.dll
Symbol file LoadedFromMemory is not a mono symbol file
Native extension for WindowsStandalone target not found
Native extension for WebGL target not found
Refreshing native plugins compatible for Editor in 0.81 ms, found 2 plugins.
Preloading 0 native plugins for Editor in 0.00 ms.
Mono: successfully reloaded assembly
- Completed reload, in  1.064 seconds
Domain Reload Profiling:
	ReloadAssembly (1064ms)
		BeginReloadAssembly (153ms)
			ExecutionOrderSort (0ms)
			DisableScriptedObjects (23ms)
			BackupInstance (0ms)
			ReleaseScriptingObjects (0ms)
			CreateAndSetChildDomain (41ms)
		EndReloadAssembly (863ms)
			LoadAssemblies (80ms)
			RebuildTransferFunctionScriptingTraits (0ms)
			SetupTypeCache (255ms)
			ReleaseScriptCaches (2ms)
			RebuildScriptCaches (46ms)
			SetupLoadedEditorAssemblies (318ms)
				LogAssemblyErrors (0ms)
				InitializePlatformSupportModulesInManaged (4ms)
				SetLoadedEditorAssemblies (0ms)
				RefreshPlugins (1ms)
				BeforeProcessingInitializeOnLoad (70ms)
				ProcessInitializeOnLoadAttributes (228ms)
				ProcessInitializeOnLoadMethodAttributes (8ms)
				AfterProcessingInitializeOnLoad (6ms)
				EditorAssembliesLoaded (0ms)
			ExecutionOrderSort2 (0ms)
			AwakeInstancesAfterBackupRestoration (7ms)
Platform modules already initialized, skipping
Refreshing native plugins compatible for Editor in 0.82 ms, found 2 plugins.
Preloading 0 native plugins for Editor in 0.00 ms.
Unloading 4336 Unused Serialized files (Serialized files now loaded: 0)
System memory in use before: 230.5 MB.
System memory in use after: 230.7 MB.

Unloading 15 unused Assets to reduce memory usage. Loaded Objects now: 5267.
Total: 3.581800 ms (FindLiveObjects: 0.354400 ms CreateObjectMapping: 0.133200 ms MarkObjects: 3.029200 ms  DeleteObjects: 0.064200 ms)

AssetImportParameters requested are different than current active one (requested -> active):
  colorSpace: 1 -> 0
  custom:framework-win-MediaFoundation: 216162199b28c13a410421893ffa2e32 -> 
  custom:video-decoder-ogg-theora: a1e56fd34408186e4bbccfd4996cb3dc -> 
  custom:container-muxer-webm: aa71ff27fc2769a1b78a27578f13a17b -> 
  custom:container-demuxer-webm: 4f35f7cbe854078d1ac9338744f61a02 -> 
  custom:container-demuxer-ogg: 62fdf1f143b41e24485cea50d1cbac27 -> 
  custom:video-encoder-webm-vp8: eb34c28f22e8b96e1ab97ce403110664 -> 
  custom:video-decoder-webm-vp8: 9c59270c3fd7afecdb556c50c9e8de78 -> 
  custom:audio-decoder-ogg-vorbis: bf7c407c2cedff20999df2af8eb42d56 -> 
  custom:audio-encoder-webm-vorbis: bf7c407c2cedff20999df2af8eb42d56 -> 
========================================================================
Received Prepare
Refreshing native plugins compatible for Editor in 3.19 ms, found 2 plugins.
Preloading 0 native plugins for Editor in 0.00 ms.
Unloading 12 Unused Serialized files (Serialized files now loaded: 0)
System memory in use before: 144.8 MB.
System memory in use after: 145.0 MB.

Unloading 12 unused Assets to reduce memory usage. Loaded Objects now: 5267.
Total: 3.381300 ms (FindLiveObjects: 0.350400 ms CreateObjectMapping: 0.114000 ms MarkObjects: 2.860900 ms  DeleteObjects: 0.055600 ms)

AssetImportParameters requested are different than current active one (requested -> active):
  custom:framework-win-MediaFoundation: 216162199b28c13a410421893ffa2e32 -> 
  custom:video-decoder-ogg-theora: a1e56fd34408186e4bbccfd4996cb3dc -> 
  custom:container-muxer-webm: aa71ff27fc2769a1b78a27578f13a17b -> 
  custom:container-demuxer-webm: 4f35f7cbe854078d1ac9338744f61a02 -> 
  custom:container-demuxer-ogg: 62fdf1f143b41e24485cea50d1cbac27 -> 
  custom:video-encoder-webm-vp8: eb34c28f22e8b96e1ab97ce403110664 -> 
  custom:video-decoder-webm-vp8: 9c59270c3fd7afecdb556c50c9e8de78 -> 
  custom:audio-decoder-ogg-vorbis: bf7c407c2cedff20999df2af8eb42d56 -> 
  custom:audio-encoder-webm-vorbis: bf7c407c2cedff20999df2af8eb42d56 -> 
========================================================================
Received Import Request.
  Time since last request: 162.274310 seconds.
  path: Assets/Scenes/Void.prefab
  artifactKey: Guid(4c60d6abce2e7294080c43eecd21c207) Importer(815301076,1909f56bfc062723c751e8b465ee728b)
Start importing Assets/Scenes/Void.prefab using Guid(4c60d6abce2e7294080c43eecd21c207) Importer(815301076,1909f56bfc062723c751e8b465ee728b)  -> (artifact id: 'bee8950d81416fce0798d1acfc19e80a') in 0.034091 seconds 
  Import took 0.039998 seconds .

========================================================================
Received Import Request.
  Time since last request: 65.481429 seconds.
  path: Assets/Scenes/Test1.unity
  artifactKey: Guid(764d96f3e9ca30b428c5c44c048b1725) Importer(815301076,1909f56bfc062723c751e8b465ee728b)
Start importing Assets/Scenes/Test1.unity using Guid(764d96f3e9ca30b428c5c44c048b1725) Importer(815301076,1909f56bfc062723c751e8b465ee728b)  -> (artifact id: '5b0ab379c66033a311c3c1477c72446c') in 0.005132 seconds 
  Import took 0.011562 seconds .

========================================================================
Received Import Request.
  Time since last request: 15.402057 seconds.
  path: Assets/How to Play.png
  artifactKey: Guid(8e404378a7a905a4fa7cb8c1e4f45854) Importer(815301076,1909f56bfc062723c751e8b465ee728b)
Start importing Assets/How to Play.png using Guid(8e404378a7a905a4fa7cb8c1e4f45854) Importer(815301076,1909f56bfc062723c751e8b465ee728b)  -> (artifact id: '51752cf6e4775a32fd10c4bcf72e8f10') in 0.018278 seconds 
  Import took 0.025205 seconds .

========================================================================
Received Import Request.
  Time since last request: 0.000153 seconds.
  path: Assets/tom52s_song_2315_1-[AudioTrimmer.com].mp3
  artifactKey: Guid(1ffdd13ee672cf84ab800fa31793ac01) Importer(815301076,1909f56bfc062723c751e8b465ee728b)
Start importing Assets/tom52s_song_2315_1-[AudioTrimmer.com].mp3 using Guid(1ffdd13ee672cf84ab800fa31793ac01) Importer(815301076,1909f56bfc062723c751e8b465ee728b)  -> (artifact id: 'fe30433d014d2548022ee26367bd9482') in 0.032415 seconds 
  Import took 0.038351 seconds .

========================================================================
Received Import Request.
  Time since last request: 0.000144 seconds.
  path: Assets/RPReplay_Final1677367210.mp3
  artifactKey: Guid(6fcf2fdd09ed56b4ea18ba7469bcceed) Importer(815301076,1909f56bfc062723c751e8b465ee728b)
Start importing Assets/RPReplay_Final1677367210.mp3 using Guid(6fcf2fdd09ed56b4ea18ba7469bcceed) Importer(815301076,1909f56bfc062723c751e8b465ee728b)  -> (artifact id: 'd7c926afe229811b6a0c21982fd9b02b') in 0.012865 seconds 
  Import took 0.018306 seconds .

========================================================================
Received Import Request.
  Time since last request: 0.000148 seconds.
  path: Assets/RPReplay_Final1677367426.mp3
  artifactKey: Guid(32fb90920050c9d40953eb9514370135) Importer(815301076,1909f56bfc062723c751e8b465ee728b)
Start importing Assets/RPReplay_Final1677367426.mp3 using Guid(32fb90920050c9d40953eb9514370135) Importer(815301076,1909f56bfc062723c751e8b465ee728b)  -> (artifact id: 'a0d1aba49d86f6ebdaaf39e021171e4d') in 0.015279 seconds 
  Import took 0.021166 seconds .

========================================================================
Received Import Request.
  Time since last request: 0.000153 seconds.
  path: Assets/Untitled.png
  artifactKey: Guid(d1de498f020685c4cada1055680f8b6d) Importer(815301076,1909f56bfc062723c751e8b465ee728b)
Start importing Assets/Untitled.png using Guid(d1de498f020685c4cada1055680f8b6d) Importer(815301076,1909f56bfc062723c751e8b465ee728b)  -> (artifact id: 'e82fd32801448ceb93d7b69ec8b9f3d5') in 0.018153 seconds 
  Import took 0.023890 seconds .

========================================================================
Received Import Request.
  Time since last request: 3.262699 seconds.
  path: Assets/walk.anim
  artifactKey: Guid(e058c5dc2c7dac94eb50ccc381ffe188) Importer(815301076,1909f56bfc062723c751e8b465ee728b)
Start importing Assets/walk.anim using Guid(e058c5dc2c7dac94eb50ccc381ffe188) Importer(815301076,1909f56bfc062723c751e8b465ee728b)  -> (artifact id: '8ab6a1e4b77e8d263eedf747f6eefdfb') in 0.010206 seconds 
  Import took 0.016597 seconds .

========================================================================
Received Prepare
Registering precompiled user dll's ...
Registered in 0.003555 seconds.
Begin MonoManager ReloadAssembly
Symbol file data-000002167B938010 doesn't match image C:\Users\carte\OneDrive\Documents\Ludwig-Game-Jam\LudwigGameJamGame\Library\ScriptAssemblies\Unity.VisualEffectGraph.Editor.dll
Symbol file LoadedFromMemory is not a mono symbol file
Symbol file data-000002167D192A20 doesn't match image C:\Users\carte\OneDrive\Documents\Ludwig-Game-Jam\LudwigGameJamGame\Library\ScriptAssemblies\Unity.VSCode.Editor.dll
Symbol file LoadedFromMemory is not a mono symbol file
Symbol file data-0000021480850040 doesn't match image C:\Users\carte\OneDrive\Documents\Ludwig-Game-Jam\LudwigGameJamGame\Library\ScriptAssemblies\Unity.TextMeshPro.Editor.dll
Symbol file LoadedFromMemory is not a mono symbol file
Symbol file data-0000021481FAF850 doesn't match image C:\Users\carte\OneDrive\Documents\Ludwig-Game-Jam\LudwigGameJamGame\Library\ScriptAssemblies\Unity.VisualStudio.Editor.dll
Symbol file LoadedFromMemory is not a mono symbol file
Symbol file data-000002167BAD3DC0 doesn't match image C:\Users\carte\OneDrive\Documents\Ludwig-Game-Jam\LudwigGameJamGame\Library\ScriptAssemblies\Unity.ProBuilder.AddOns.Editor.dll
Symbol file LoadedFromMemory is not a mono symbol file
Symbol file data-000002167F1C2020 doesn't match image C:\Users\carte\OneDrive\Documents\Ludwig-Game-Jam\LudwigGameJamGame\Library\ScriptAssemblies\Unity.VisualEffectGraph.Runtime.dll
Symbol file LoadedFromMemory is not a mono symbol file
Symbol file data-000002167B843F10 doesn't match image C:\Users\carte\OneDrive\Documents\Ludwig-Game-Jam\LudwigGameJamGame\Library\ScriptAssemblies\UnityEngine.TestRunner.dll
Symbol file LoadedFromMemory is not a mono symbol file
Symbol file data-000002167C2FB010 doesn't match image C:\Users\carte\OneDrive\Documents\Ludwig-Game-Jam\LudwigGameJamGame\Library\ScriptAssemblies\Unity.Timeline.dll
Symbol file LoadedFromMemory is not a mono symbol file
Symbol file data-000002167CFAF020 doesn't match image C:\Users\carte\OneDrive\Documents\Ludwig-Game-Jam\LudwigGameJamGame\Library\ScriptAssemblies\Unity.TextMeshPro.dll
Symbol file LoadedFromMemory is not a mono symbol file
Symbol file data-000002167BF65020 doesn't match image C:\Users\carte\OneDrive\Documents\Ludwig-Game-Jam\LudwigGameJamGame\Library\ScriptAssemblies\UnityEditor.TestRunner.dll
Symbol file LoadedFromMemory is not a mono symbol file
Symbol file data-000002167D940020 doesn't match image C:\Users\carte\OneDrive\Documents\Ludwig-Game-Jam\LudwigGameJamGame\Library\ScriptAssemblies\Unity.RenderPipelines.HighDefinition.Runtime.dll
Symbol file LoadedFromMemory is not a mono symbol file
Symbol file data-000002167CE0D230 doesn't match image C:\Users\carte\OneDrive\Documents\Ludwig-Game-Jam\LudwigGameJamGame\Library\ScriptAssemblies\Unity.ProBuilder.Csg.dll
Symbol file LoadedFromMemory is not a mono symbol file
Symbol file data-000002148A9C1030 doesn't match image C:\Users\carte\OneDrive\Documents\Ludwig-Game-Jam\LudwigGameJamGame\Library\ScriptAssemblies\Unity.ShaderGraph.Utilities.dll
Symbol file LoadedFromMemory is not a mono symbol file
Symbol file data-000002167C5D1020 doesn't match image C:\Users\carte\OneDrive\Documents\Ludwig-Game-Jam\LudwigGameJamGame\Library\ScriptAssemblies\Unity.Searcher.Editor.dll
Symbol file LoadedFromMemory is not a mono symbol file
Symbol file data-000002167CC22010 doesn't match image C:\Users\carte\OneDrive\Documents\Ludwig-Game-Jam\LudwigGameJamGame\Library\ScriptAssemblies\Unity.RenderPipelines.Core.Runtime.dll
Symbol file LoadedFromMemory is not a mono symbol file
Symbol file data-0000021679282010 doesn't match image C:\Users\carte\OneDrive\Documents\Ludwig-Game-Jam\LudwigGameJamGame\Library\ScriptAssemblies\Unity.ProBuilder.dll
Symbol file LoadedFromMemory is not a mono symbol file
Symbol file data-000002167A275450 doesn't match image C:\Users\carte\OneDrive\Documents\Ludwig-Game-Jam\LudwigGameJamGame\Library\ScriptAssemblies\Unity.RenderPipelines.HighDefinition.Editor.dll
Symbol file LoadedFromMemory is not a mono symbol file
Symbol file data-000002167A5BC020 doesn't match image C:\Users\carte\OneDrive\Documents\Ludwig-Game-Jam\LudwigGameJamGame\Library\ScriptAssemblies\Unity.ProBuilder.Editor.dll
Symbol file LoadedFromMemory is not a mono symbol file
Symbol file data-0000021481FAF850 doesn't match image C:\Users\carte\OneDrive\Documents\Ludwig-Game-Jam\LudwigGameJamGame\Library\ScriptAssemblies\UnityEditor.UI.dll
Symbol file LoadedFromMemory is not a mono symbol file
Symbol file data-000002167B938010 doesn't match image C:\Users\carte\OneDrive\Documents\Ludwig-Game-Jam\LudwigGameJamGame\Library\ScriptAssemblies\Unity.InputSystem.dll
Symbol file LoadedFromMemory is not a mono symbol file
Symbol file data-000002167A665F00 doesn't match image C:\Users\carte\OneDrive\Documents\Ludwig-Game-Jam\LudwigGameJamGame\Library\ScriptAssemblies\Unity.Rider.Editor.dll
Symbol file LoadedFromMemory is not a mono symbol file
Symbol file data-000002167ACB4F50 doesn't match image C:\Users\carte\OneDrive\Documents\Ludwig-Game-Jam\LudwigGameJamGame\Library\ScriptAssemblies\Unity.RenderPipelines.Core.ShaderLibrary.dll
Symbol file LoadedFromMemory is not a mono symbol file
Symbol file data-000002167A665F00 doesn't match image C:\Users\carte\OneDrive\Documents\Ludwig-Game-Jam\LudwigGameJamGame\Library\ScriptAssemblies\Unity.ProGrids.Editor.dll
Symbol file LoadedFromMemory is not a mono symbol file
Symbol file data-0000021481FB7280 doesn't match image C:\Users\carte\OneDrive\Documents\Ludwig-Game-Jam\LudwigGameJamGame\Library\ScriptAssemblies\UnityEngine.UI.dll
Symbol file LoadedFromMemory is not a mono symbol file
Symbol file data-000002167F1C2020 doesn't match image C:\Users\carte\OneDrive\Documents\Ludwig-Game-Jam\LudwigGameJamGame\Library\ScriptAssemblies\Unity.ProBuilder.Poly2Tri.dll
Symbol file LoadedFromMemory is not a mono symbol file
Symbol file data-000002167F184020 doesn't match image C:\Users\carte\OneDrive\Documents\Ludwig-Game-Jam\LudwigGameJamGame\Library\ScriptAssemblies\Unity.PlasticSCM.Editor.dll
Symbol file LoadedFromMemory is not a mono symbol file
Symbol file data-000002167CE0D230 doesn't match image C:\Users\carte\OneDrive\Documents\Ludwig-Game-Jam\LudwigGameJamGame\Library\ScriptAssemblies\Unity.ProBuilder.KdTree.dll
Symbol file LoadedFromMemory is not a mono symbol file
Symbol file data-000002167BB7C030 doesn't match image C:\Users\carte\OneDrive\Documents\Ludwig-Game-Jam\LudwigGameJamGame\Library\ScriptAssemblies\Unity.ShaderGraph.Editor.dll
Symbol file LoadedFromMemory is not a mono symbol file
Symbol file data-000002167B83E030 doesn't match image C:\Users\carte\OneDrive\Documents\Ludwig-Game-Jam\LudwigGameJamGame\Library\ScriptAssemblies\Unity.Services.Core.Editor.dll
Symbol file LoadedFromMemory is not a mono symbol file
Symbol file data-0000021481FB7280 doesn't match image C:\Users\carte\OneDrive\Documents\Ludwig-Game-Jam\LudwigGameJamGame\Library\ScriptAssemblies\Cinemachine.dll
Symbol file LoadedFromMemory is not a mono symbol file
Symbol file data-0000021481BF3060 doesn't match image C:\Users\carte\OneDrive\Documents\Ludwig-Game-Jam\LudwigGameJamGame\Library\ScriptAssemblies\com.unity.cinemachine.editor.dll
Symbol file LoadedFromMemory is not a mono symbol file
Symbol file data-000002167AA54C60 doesn't match image C:\Users\carte\OneDrive\Documents\Ludwig-Game-Jam\LudwigGameJamGame\Library\ScriptAssemblies\Unity.ProBuilder.AssetIdRemapUtility.dll
Symbol file LoadedFromMemory is not a mono symbol file
Symbol file data-000002164D7F9380 doesn't match image C:\Users\carte\OneDrive\Documents\Ludwig-Game-Jam\LudwigGameJamGame\Library\ScriptAssemblies\Unity.ProBuilder.Stl.dll
Symbol file LoadedFromMemory is not a mono symbol file
Symbol file data-000002164D7F3700 doesn't match image C:\Users\carte\OneDrive\Documents\Ludwig-Game-Jam\LudwigGameJamGame\Library\ScriptAssemblies\Unity.Settings.Editor.dll
Symbol file LoadedFromMemory is not a mono symbol file
Symbol file data-000002167ACB5150 doesn't match image C:\Users\carte\OneDrive\Documents\Ludwig-Game-Jam\LudwigGameJamGame\Library\ScriptAssemblies\Unity.RenderPipelines.ShaderGraph.ShaderGraphLibrary.dll
Symbol file LoadedFromMemory is not a mono symbol file
Symbol file data-0000021482192C70 doesn't match image C:\Users\carte\OneDrive\Documents\Ludwig-Game-Jam\LudwigGameJamGame\Library\ScriptAssemblies\Unity.Timeline.Editor.dll
Symbol file LoadedFromMemory is not a mono symbol file
Symbol file data-000002167B843F10 doesn't match image C:\Users\carte\OneDrive\Documents\Ludwig-Game-Jam\LudwigGameJamGame\Library\ScriptAssemblies\Unity.CollabProxy.Editor.dll
Symbol file LoadedFromMemory is not a mono symbol file
Symbol file data-000002167B8F4F20 doesn't match image C:\Users\carte\OneDrive\Documents\Ludwig-Game-Jam\LudwigGameJamGame\Library\ScriptAssemblies\Unity.RenderPipelines.HighDefinition.Config.Runtime.dll
Symbol file LoadedFromMemory is not a mono symbol file
Symbol file data-0000021480E715E0 doesn't match image C:\Users\carte\OneDrive\Documents\Ludwig-Game-Jam\LudwigGameJamGame\Library\ScriptAssemblies\Unity.ProGrids.dll
Symbol file LoadedFromMemory is not a mono symbol file
Symbol file data-0000021481FB7280 doesn't match image C:\Users\carte\OneDrive\Documents\Ludwig-Game-Jam\LudwigGameJamGame\Library\ScriptAssemblies\Unity.RenderPipelines.Core.Editor.dll
Symbol file LoadedFromMemory is not a mono symbol file
Native extension for WindowsStandalone target not found
Native extension for WebGL target not found
Refreshing native plugins compatible for Editor in 0.83 ms, found 2 plugins.
Preloading 0 native plugins for Editor in 0.00 ms.
Mono: successfully reloaded assembly
- Completed reload, in  0.987 seconds
Domain Reload Profiling:
	ReloadAssembly (987ms)
		BeginReloadAssembly (126ms)
			ExecutionOrderSort (0ms)
			DisableScriptedObjects (5ms)
			BackupInstance (0ms)
			ReleaseScriptingObjects (0ms)
			CreateAndSetChildDomain (45ms)
		EndReloadAssembly (816ms)
			LoadAssemblies (78ms)
			RebuildTransferFunctionScriptingTraits (0ms)
			SetupTypeCache (243ms)
			ReleaseScriptCaches (2ms)
			RebuildScriptCaches (44ms)
			SetupLoadedEditorAssemblies (304ms)
				LogAssemblyErrors (0ms)
				InitializePlatformSupportModulesInManaged (4ms)
				SetLoadedEditorAssemblies (0ms)
				RefreshPlugins (1ms)
				BeforeProcessingInitializeOnLoad (67ms)
				ProcessInitializeOnLoadAttributes (218ms)
				ProcessInitializeOnLoadMethodAttributes (8ms)
				AfterProcessingInitializeOnLoad (6ms)
				EditorAssembliesLoaded (0ms)
			ExecutionOrderSort2 (0ms)
			AwakeInstancesAfterBackupRestoration (14ms)
Platform modules already initialized, skipping
Refreshing native plugins compatible for Editor in 0.82 ms, found 2 plugins.
Preloading 0 native plugins for Editor in 0.00 ms.
Unloading 4323 Unused Serialized files (Serialized files now loaded: 0)
System memory in use before: 229.8 MB.
System memory in use after: 230.1 MB.

Unloading 15 unused Assets to reduce memory usage. Loaded Objects now: 5273.
Total: 3.711700 ms (FindLiveObjects: 0.312200 ms CreateObjectMapping: 0.180200 ms MarkObjects: 3.150700 ms  DeleteObjects: 0.068100 ms)

AssetImportParameters requested are different than current active one (requested -> active):
  custom:framework-win-MediaFoundation: 216162199b28c13a410421893ffa2e32 -> 
  custom:video-decoder-ogg-theora: a1e56fd34408186e4bbccfd4996cb3dc -> 
  custom:container-muxer-webm: aa71ff27fc2769a1b78a27578f13a17b -> 
  custom:container-demuxer-webm: 4f35f7cbe854078d1ac9338744f61a02 -> 
  custom:container-demuxer-ogg: 62fdf1f143b41e24485cea50d1cbac27 -> 
  custom:video-encoder-webm-vp8: eb34c28f22e8b96e1ab97ce403110664 -> 
  custom:video-decoder-webm-vp8: 9c59270c3fd7afecdb556c50c9e8de78 -> 
  custom:audio-decoder-ogg-vorbis: bf7c407c2cedff20999df2af8eb42d56 -> 
  custom:audio-encoder-webm-vorbis: bf7c407c2cedff20999df2af8eb42d56 -> 
========================================================================
Received Prepare
Registering precompiled user dll's ...
Registered in 0.003419 seconds.
Begin MonoManager ReloadAssembly
Symbol file data-000002167B938010 doesn't match image C:\Users\carte\OneDrive\Documents\Ludwig-Game-Jam\LudwigGameJamGame\Library\ScriptAssemblies\Unity.VisualEffectGraph.Editor.dll
Symbol file LoadedFromMemory is not a mono symbol file
Symbol file data-000002164D7E3FF0 doesn't match image C:\Users\carte\OneDrive\Documents\Ludwig-Game-Jam\LudwigGameJamGame\Library\ScriptAssemblies\Unity.VSCode.Editor.dll
Symbol file LoadedFromMemory is not a mono symbol file
Symbol file data-000002167DA10020 doesn't match image C:\Users\carte\OneDrive\Documents\Ludwig-Game-Jam\LudwigGameJamGame\Library\ScriptAssemblies\Unity.TextMeshPro.Editor.dll
Symbol file LoadedFromMemory is not a mono symbol file
Symbol file data-000002167950F010 doesn't match image C:\Users\carte\OneDrive\Documents\Ludwig-Game-Jam\LudwigGameJamGame\Library\ScriptAssemblies\Unity.VisualStudio.Editor.dll
Symbol file LoadedFromMemory is not a mono symbol file
Symbol file data-000002167BAC8BD0 doesn't match image C:\Users\carte\OneDrive\Documents\Ludwig-Game-Jam\LudwigGameJamGame\Library\ScriptAssemblies\Unity.ProBuilder.AddOns.Editor.dll
Symbol file LoadedFromMemory is not a mono symbol file
Symbol file data-0000021480D73020 doesn't match image C:\Users\carte\OneDrive\Documents\Ludwig-Game-Jam\LudwigGameJamGame\Library\ScriptAssemblies\Unity.VisualEffectGraph.Runtime.dll
Symbol file LoadedFromMemory is not a mono symbol file
Symbol file data-000002167BCBD040 doesn't match image C:\Users\carte\OneDrive\Documents\Ludwig-Game-Jam\LudwigGameJamGame\Library\ScriptAssemblies\UnityEngine.TestRunner.dll
Symbol file LoadedFromMemory is not a mono symbol file
Symbol file data-000002167C2FB010 doesn't match image C:\Users\carte\OneDrive\Documents\Ludwig-Game-Jam\LudwigGameJamGame\Library\ScriptAssemblies\Unity.Timeline.dll
Symbol file LoadedFromMemory is not a mono symbol file
Symbol file data-000002167CFAF020 doesn't match image C:\Users\carte\OneDrive\Documents\Ludwig-Game-Jam\LudwigGameJamGame\Library\ScriptAssemblies\Unity.TextMeshPro.dll
Symbol file LoadedFromMemory is not a mono symbol file
Symbol file data-000002167BF65020 doesn't match image C:\Users\carte\OneDrive\Documents\Ludwig-Game-Jam\LudwigGameJamGame\Library\ScriptAssemblies\UnityEditor.TestRunner.dll
Symbol file LoadedFromMemory is not a mono symbol file
Symbol file data-000002167DA88010 doesn't match image C:\Users\carte\OneDrive\Documents\Ludwig-Game-Jam\LudwigGameJamGame\Library\ScriptAssemblies\Unity.RenderPipelines.HighDefinition.Runtime.dll
Symbol file LoadedFromMemory is not a mono symbol file
Symbol file data-000002167EFDE290 doesn't match image C:\Users\carte\OneDrive\Documents\Ludwig-Game-Jam\LudwigGameJamGame\Library\ScriptAssemblies\Unity.ProBuilder.Csg.dll
Symbol file LoadedFromMemory is not a mono symbol file
Symbol file data-000002148A9BFEF0 doesn't match image C:\Users\carte\OneDrive\Documents\Ludwig-Game-Jam\LudwigGameJamGame\Library\ScriptAssemblies\Unity.ShaderGraph.Utilities.dll
Symbol file LoadedFromMemory is not a mono symbol file
Symbol file data-000002167C5D1020 doesn't match image C:\Users\carte\OneDrive\Documents\Ludwig-Game-Jam\LudwigGameJamGame\Library\ScriptAssemblies\Unity.Searcher.Editor.dll
Symbol file LoadedFromMemory is not a mono symbol file
Symbol file data-000002148067A9F0 doesn't match image C:\Users\carte\OneDrive\Documents\Ludwig-Game-Jam\LudwigGameJamGame\Library\ScriptAssemblies\Unity.RenderPipelines.Core.Runtime.dll
Symbol file LoadedFromMemory is not a mono symbol file
Symbol file data-0000021679282010 doesn't match image C:\Users\carte\OneDrive\Documents\Ludwig-Game-Jam\LudwigGameJamGame\Library\ScriptAssemblies\Unity.ProBuilder.dll
Symbol file LoadedFromMemory is not a mono symbol file
Symbol file data-000002167D2DA010 doesn't match image C:\Users\carte\OneDrive\Documents\Ludwig-Game-Jam\LudwigGameJamGame\Library\ScriptAssemblies\Unity.RenderPipelines.HighDefinition.Editor.dll
Symbol file LoadedFromMemory is not a mono symbol file
Symbol file data-000002167A5BC020 doesn't match image C:\Users\carte\OneDrive\Documents\Ludwig-Game-Jam\LudwigGameJamGame\Library\ScriptAssemblies\Unity.ProBuilder.Editor.dll
Symbol file LoadedFromMemory is not a mono symbol file
Symbol file data-000002167950F010 doesn't match image C:\Users\carte\OneDrive\Documents\Ludwig-Game-Jam\LudwigGameJamGame\Library\ScriptAssemblies\UnityEditor.UI.dll
Symbol file LoadedFromMemory is not a mono symbol file
Symbol file data-000002167B938010 doesn't match image C:\Users\carte\OneDrive\Documents\Ludwig-Game-Jam\LudwigGameJamGame\Library\ScriptAssemblies\Unity.InputSystem.dll
Symbol file LoadedFromMemory is not a mono symbol file
Symbol file data-000002167B83E030 doesn't match image C:\Users\carte\OneDrive\Documents\Ludwig-Game-Jam\LudwigGameJamGame\Library\ScriptAssemblies\Unity.Rider.Editor.dll
Symbol file LoadedFromMemory is not a mono symbol file
Symbol file data-00000216EA9EAE80 doesn't match image C:\Users\carte\OneDrive\Documents\Ludwig-Game-Jam\LudwigGameJamGame\Library\ScriptAssemblies\Unity.RenderPipelines.Core.ShaderLibrary.dll
Symbol file LoadedFromMemory is not a mono symbol file
Symbol file data-000002167B83E030 doesn't match image C:\Users\carte\OneDrive\Documents\Ludwig-Game-Jam\LudwigGameJamGame\Library\ScriptAssemblies\Unity.ProGrids.Editor.dll
Symbol file LoadedFromMemory is not a mono symbol file
Symbol file data-000002167B856210 doesn't match image C:\Users\carte\OneDrive\Documents\Ludwig-Game-Jam\LudwigGameJamGame\Library\ScriptAssemblies\UnityEngine.UI.dll
Symbol file LoadedFromMemory is not a mono symbol file
Symbol file data-0000021480D73020 doesn't match image C:\Users\carte\OneDrive\Documents\Ludwig-Game-Jam\LudwigGameJamGame\Library\ScriptAssemblies\Unity.ProBuilder.Poly2Tri.dll
Symbol file LoadedFromMemory is not a mono symbol file
Symbol file data-000002167F48C410 doesn't match image C:\Users\carte\OneDrive\Documents\Ludwig-Game-Jam\LudwigGameJamGame\Library\ScriptAssemblies\Unity.PlasticSCM.Editor.dll
Symbol file LoadedFromMemory is not a mono symbol file
Symbol file data-000002167EFDE290 doesn't match image C:\Users\carte\OneDrive\Documents\Ludwig-Game-Jam\LudwigGameJamGame\Library\ScriptAssemblies\Unity.ProBuilder.KdTree.dll
Symbol file LoadedFromMemory is not a mono symbol file
Symbol file data-000002167DA88010 doesn't match image C:\Users\carte\OneDrive\Documents\Ludwig-Game-Jam\LudwigGameJamGame\Library\ScriptAssemblies\Unity.ShaderGraph.Editor.dll
Symbol file LoadedFromMemory is not a mono symbol file
Symbol file data-000002167B83E030 doesn't match image C:\Users\carte\OneDrive\Documents\Ludwig-Game-Jam\LudwigGameJamGame\Library\ScriptAssemblies\Unity.Services.Core.Editor.dll
Symbol file LoadedFromMemory is not a mono symbol file
Symbol file data-000002167CCF8020 doesn't match image C:\Users\carte\OneDrive\Documents\Ludwig-Game-Jam\LudwigGameJamGame\Library\ScriptAssemblies\Cinemachine.dll
Symbol file LoadedFromMemory is not a mono symbol file
Symbol file data-000002167DA10020 doesn't match image C:\Users\carte\OneDrive\Documents\Ludwig-Game-Jam\LudwigGameJamGame\Library\ScriptAssemblies\com.unity.cinemachine.editor.dll
Symbol file LoadedFromMemory is not a mono symbol file
Symbol file data-000002164D7E3FF0 doesn't match image C:\Users\carte\OneDrive\Documents\Ludwig-Game-Jam\LudwigGameJamGame\Library\ScriptAssemblies\Unity.ProBuilder.AssetIdRemapUtility.dll
Symbol file LoadedFromMemory is not a mono symbol file
Symbol file data-000002167BD05300 doesn't match image C:\Users\carte\OneDrive\Documents\Ludwig-Game-Jam\LudwigGameJamGame\Library\ScriptAssemblies\Unity.ProBuilder.Stl.dll
Symbol file LoadedFromMemory is not a mono symbol file
Symbol file data-000002164D7F3700 doesn't match image C:\Users\carte\OneDrive\Documents\Ludwig-Game-Jam\LudwigGameJamGame\Library\ScriptAssemblies\Unity.Settings.Editor.dll
Symbol file LoadedFromMemory is not a mono symbol file
Symbol file data-00000216EA9EC080 doesn't match image C:\Users\carte\OneDrive\Documents\Ludwig-Game-Jam\LudwigGameJamGame\Library\ScriptAssemblies\Unity.RenderPipelines.ShaderGraph.ShaderGraphLibrary.dll
Symbol file LoadedFromMemory is not a mono symbol file
Symbol file data-000002167A397DF0 doesn't match image C:\Users\carte\OneDrive\Documents\Ludwig-Game-Jam\LudwigGameJamGame\Library\ScriptAssemblies\Unity.Timeline.Editor.dll
Symbol file LoadedFromMemory is not a mono symbol file
Symbol file data-000002167B8C6010 doesn't match image C:\Users\carte\OneDrive\Documents\Ludwig-Game-Jam\LudwigGameJamGame\Library\ScriptAssemblies\Unity.CollabProxy.Editor.dll
Symbol file LoadedFromMemory is not a mono symbol file
Symbol file data-000002167B8F4080 doesn't match image C:\Users\carte\OneDrive\Documents\Ludwig-Game-Jam\LudwigGameJamGame\Library\ScriptAssemblies\Unity.RenderPipelines.HighDefinition.Config.Runtime.dll
Symbol file LoadedFromMemory is not a mono symbol file
Symbol file data-0000021480E72170 doesn't match image C:\Users\carte\OneDrive\Documents\Ludwig-Game-Jam\LudwigGameJamGame\Library\ScriptAssemblies\Unity.ProGrids.dll
Symbol file LoadedFromMemory is not a mono symbol file
Symbol file data-000002167B856210 doesn't match image C:\Users\carte\OneDrive\Documents\Ludwig-Game-Jam\LudwigGameJamGame\Library\ScriptAssemblies\Unity.RenderPipelines.Core.Editor.dll
Symbol file LoadedFromMemory is not a mono symbol file
Native extension for WindowsStandalone target not found
Native extension for WebGL target not found
Refreshing native plugins compatible for Editor in 0.86 ms, found 2 plugins.
Preloading 0 native plugins for Editor in 0.00 ms.
Mono: successfully reloaded assembly
- Completed reload, in  0.960 seconds
Domain Reload Profiling:
	ReloadAssembly (961ms)
		BeginReloadAssembly (100ms)
			ExecutionOrderSort (0ms)
			DisableScriptedObjects (3ms)
			BackupInstance (0ms)
			ReleaseScriptingObjects (0ms)
			CreateAndSetChildDomain (31ms)
		EndReloadAssembly (815ms)
			LoadAssemblies (78ms)
			RebuildTransferFunctionScriptingTraits (0ms)
			SetupTypeCache (236ms)
			ReleaseScriptCaches (2ms)
			RebuildScriptCaches (43ms)
			SetupLoadedEditorAssemblies (313ms)
				LogAssemblyErrors (0ms)
				InitializePlatformSupportModulesInManaged (4ms)
				SetLoadedEditorAssemblies (0ms)
				RefreshPlugins (1ms)
				BeforeProcessingInitializeOnLoad (68ms)
				ProcessInitializeOnLoadAttributes (227ms)
				ProcessInitializeOnLoadMethodAttributes (8ms)
				AfterProcessingInitializeOnLoad (6ms)
				EditorAssembliesLoaded (0ms)
			ExecutionOrderSort2 (0ms)
			AwakeInstancesAfterBackupRestoration (14ms)
Platform modules already initialized, skipping
Refreshing native plugins compatible for Editor in 0.82 ms, found 2 plugins.
Preloading 0 native plugins for Editor in 0.00 ms.
Unloading 4323 Unused Serialized files (Serialized files now loaded: 0)
System memory in use before: 229.9 MB.
System memory in use after: 230.1 MB.

Unloading 15 unused Assets to reduce memory usage. Loaded Objects now: 5275.
Total: 3.757600 ms (FindLiveObjects: 0.320000 ms CreateObjectMapping: 0.211900 ms MarkObjects: 3.161300 ms  DeleteObjects: 0.063500 ms)

AssetImportParameters requested are different than current active one (requested -> active):
  custom:framework-win-MediaFoundation: 216162199b28c13a410421893ffa2e32 -> 
  custom:video-decoder-ogg-theora: a1e56fd34408186e4bbccfd4996cb3dc -> 
  custom:container-muxer-webm: aa71ff27fc2769a1b78a27578f13a17b -> 
  custom:container-demuxer-webm: 4f35f7cbe854078d1ac9338744f61a02 -> 
  custom:container-demuxer-ogg: 62fdf1f143b41e24485cea50d1cbac27 -> 
  custom:video-encoder-webm-vp8: eb34c28f22e8b96e1ab97ce403110664 -> 
  custom:video-decoder-webm-vp8: 9c59270c3fd7afecdb556c50c9e8de78 -> 
  custom:audio-decoder-ogg-vorbis: bf7c407c2cedff20999df2af8eb42d56 -> 
  custom:audio-encoder-webm-vorbis: bf7c407c2cedff20999df2af8eb42d56 -> 
AssetImportWorkerClient::OnTransportError - code=2 error=End of file
